{"uid":"6967b3f18cd7b0ed","name":"Validate Council Output [NorthNorfolkDistrictCouncil]","fullName":"features/validate_council_outputs.feature:Validate Council Output","historyId":"6712f2e3b136c8030bb4071a5deccc97","time":{"start":1695162035999,"stop":1695162052569,"duration":16570},"status":"failed","statusMessage":"selenium.common.exceptions.TimeoutException: Message: \nStacktrace:\n#0 0x558da4fa1e23 <unknown>\n#1 0x558da4cca7a7 <unknown>\n#2 0x558da4d091d3 <unknown>\n#3 0x558da4d092c1 <unknown>\n#4 0x558da4d44a04 <unknown>\n#5 0x558da4d2a03d <unknown>\n#6 0x558da4d42369 <unknown>\n#7 0x558da4d29de3 <unknown>\n#8 0x558da4cfda7b <unknown>\n#9 0x558da4cfe81e <unknown>\n#10 0x558da4f63638 <unknown>\n#11 0x558da4f67507 <unknown>\n#12 0x558da4f71c4c <unknown>\n#13 0x558da4f68136 <unknown>\n#14 0x558da4f369cf <unknown>\n#15 0x558da4f8bb98 <unknown>\n#16 0x558da4f8bd68 <unknown>\n#17 0x558da4f9acb3 <unknown>\n#18 0x7fa406294b43 <unknown>","statusTrace":"request = <FixtureRequest for <Function test_scenario_outline[NorthNorfolkDistrictCouncil]>>\n_pytest_bdd_example = {'council': 'NorthNorfolkDistrictCouncil'}\n\n    @pytest.mark.usefixtures(*func_args)\n    def scenario_wrapper(request: FixtureRequest, _pytest_bdd_example: dict[str, str]) -> Any:\n        scenario = templated_scenario.render(_pytest_bdd_example)\n>       _execute_scenario(feature, scenario, request)\n\n../../../.cache/pypoetry/virtualenvs/uk-bin-collection-EwS6Gn8s-py3.11/lib/python3.11/site-packages/pytest_bdd/scenario.py:187: \n_ _ _ _ _ _ _ _ _ _ _ _ _ _ _ _ _ _ _ _ _ _ _ _ _ _ _ _ _ _ _ _ _ _ _ _ _ _ _ _ \n../../../.cache/pypoetry/virtualenvs/uk-bin-collection-EwS6Gn8s-py3.11/lib/python3.11/site-packages/pytest_bdd/scenario.py:157: in _execute_scenario\n    _execute_step_function(request, scenario, step, step_func)\n../../../.cache/pypoetry/virtualenvs/uk-bin-collection-EwS6Gn8s-py3.11/lib/python3.11/site-packages/pytest_bdd/scenario.py:127: in _execute_step_function\n    return_value = call_fixture_func(fixturefunc=step_func, request=request, kwargs=kwargs)\n../../../.cache/pypoetry/virtualenvs/uk-bin-collection-EwS6Gn8s-py3.11/lib/python3.11/site-packages/_pytest/fixtures.py:902: in call_fixture_func\n    fixture_result = fixturefunc(**kwargs)\nuk_bin_collection/tests/step_defs/test_validate_council.py:62: in scrape_step\n    raise (err)\nuk_bin_collection/tests/step_defs/test_validate_council.py:58: in scrape_step\n    context.parse_result = CollectData.run()\nuk_bin_collection/uk_bin_collection/collect_data.py:71: in run\n    return self.client_code(\nuk_bin_collection/uk_bin_collection/collect_data.py:59: in client_code\n    return get_bin_data_class.template_method(address_url, **kwargs)\nuk_bin_collection/uk_bin_collection/get_bin_data.py:70: in template_method\n    bin_data_dict = self.parse_data(\nuk_bin_collection/uk_bin_collection/councils/NorthNorfolkDistrictCouncil.py:66: in parse_data\n    WebDriverWait(driver, 10).until(\n_ _ _ _ _ _ _ _ _ _ _ _ _ _ _ _ _ _ _ _ _ _ _ _ _ _ _ _ _ _ _ _ _ _ _ _ _ _ _ _ \n\nself = <selenium.webdriver.support.wait.WebDriverWait (session=\"b2d098607dab7f507a35563c06dc897c\")>\nmethod = <function presence_of_element_located.<locals>._predicate at 0x7f156d034860>\nmessage = ''\n\n    def until(self, method, message: str = \"\"):\n        \"\"\"Calls the method provided with the driver as an argument until the \\\n        return value does not evaluate to ``False``.\n    \n        :param method: callable(WebDriver)\n        :param message: optional message for :exc:`TimeoutException`\n        :returns: the result of the last call to `method`\n        :raises: :exc:`selenium.common.exceptions.TimeoutException` if timeout occurs\n        \"\"\"\n        screen = None\n        stacktrace = None\n    \n        end_time = time.monotonic() + self._timeout\n        while True:\n            try:\n                value = method(self._driver)\n                if value:\n                    return value\n            except self._ignored_exceptions as exc:\n                screen = getattr(exc, \"screen\", None)\n                stacktrace = getattr(exc, \"stacktrace\", None)\n            time.sleep(self._poll)\n            if time.monotonic() > end_time:\n                break\n>       raise TimeoutException(message, screen, stacktrace)\nE       selenium.common.exceptions.TimeoutException: Message: \nE       Stacktrace:\nE       #0 0x558da4fa1e23 <unknown>\nE       #1 0x558da4cca7a7 <unknown>\nE       #2 0x558da4d091d3 <unknown>\nE       #3 0x558da4d092c1 <unknown>\nE       #4 0x558da4d44a04 <unknown>\nE       #5 0x558da4d2a03d <unknown>\nE       #6 0x558da4d42369 <unknown>\nE       #7 0x558da4d29de3 <unknown>\nE       #8 0x558da4cfda7b <unknown>\nE       #9 0x558da4cfe81e <unknown>\nE       #10 0x558da4f63638 <unknown>\nE       #11 0x558da4f67507 <unknown>\nE       #12 0x558da4f71c4c <unknown>\nE       #13 0x558da4f68136 <unknown>\nE       #14 0x558da4f369cf <unknown>\nE       #15 0x558da4f8bb98 <unknown>\nE       #16 0x558da4f8bd68 <unknown>\nE       #17 0x558da4f9acb3 <unknown>\nE       #18 0x7fa406294b43 <unknown>\n\n../../../.cache/pypoetry/virtualenvs/uk-bin-collection-EwS6Gn8s-py3.11/lib/python3.11/site-packages/selenium/webdriver/support/wait.py:95: TimeoutException","flaky":true,"newFailed":false,"newBroken":false,"newPassed":false,"retriesCount":0,"retriesStatusChange":false,"beforeStages":[],"testStage":{"status":"failed","statusMessage":"selenium.common.exceptions.TimeoutException: Message: \nStacktrace:\n#0 0x558da4fa1e23 <unknown>\n#1 0x558da4cca7a7 <unknown>\n#2 0x558da4d091d3 <unknown>\n#3 0x558da4d092c1 <unknown>\n#4 0x558da4d44a04 <unknown>\n#5 0x558da4d2a03d <unknown>\n#6 0x558da4d42369 <unknown>\n#7 0x558da4d29de3 <unknown>\n#8 0x558da4cfda7b <unknown>\n#9 0x558da4cfe81e <unknown>\n#10 0x558da4f63638 <unknown>\n#11 0x558da4f67507 <unknown>\n#12 0x558da4f71c4c <unknown>\n#13 0x558da4f68136 <unknown>\n#14 0x558da4f369cf <unknown>\n#15 0x558da4f8bb98 <unknown>\n#16 0x558da4f8bd68 <unknown>\n#17 0x558da4f9acb3 <unknown>\n#18 0x7fa406294b43 <unknown>","statusTrace":"request = <FixtureRequest for <Function test_scenario_outline[NorthNorfolkDistrictCouncil]>>\n_pytest_bdd_example = {'council': 'NorthNorfolkDistrictCouncil'}\n\n    @pytest.mark.usefixtures(*func_args)\n    def scenario_wrapper(request: FixtureRequest, _pytest_bdd_example: dict[str, str]) -> Any:\n        scenario = templated_scenario.render(_pytest_bdd_example)\n>       _execute_scenario(feature, scenario, request)\n\n../../../.cache/pypoetry/virtualenvs/uk-bin-collection-EwS6Gn8s-py3.11/lib/python3.11/site-packages/pytest_bdd/scenario.py:187: \n_ _ _ _ _ _ _ _ _ _ _ _ _ _ _ _ _ _ _ _ _ _ _ _ _ _ _ _ _ _ _ _ _ _ _ _ _ _ _ _ \n../../../.cache/pypoetry/virtualenvs/uk-bin-collection-EwS6Gn8s-py3.11/lib/python3.11/site-packages/pytest_bdd/scenario.py:157: in _execute_scenario\n    _execute_step_function(request, scenario, step, step_func)\n../../../.cache/pypoetry/virtualenvs/uk-bin-collection-EwS6Gn8s-py3.11/lib/python3.11/site-packages/pytest_bdd/scenario.py:127: in _execute_step_function\n    return_value = call_fixture_func(fixturefunc=step_func, request=request, kwargs=kwargs)\n../../../.cache/pypoetry/virtualenvs/uk-bin-collection-EwS6Gn8s-py3.11/lib/python3.11/site-packages/_pytest/fixtures.py:902: in call_fixture_func\n    fixture_result = fixturefunc(**kwargs)\nuk_bin_collection/tests/step_defs/test_validate_council.py:62: in scrape_step\n    raise (err)\nuk_bin_collection/tests/step_defs/test_validate_council.py:58: in scrape_step\n    context.parse_result = CollectData.run()\nuk_bin_collection/uk_bin_collection/collect_data.py:71: in run\n    return self.client_code(\nuk_bin_collection/uk_bin_collection/collect_data.py:59: in client_code\n    return get_bin_data_class.template_method(address_url, **kwargs)\nuk_bin_collection/uk_bin_collection/get_bin_data.py:70: in template_method\n    bin_data_dict = self.parse_data(\nuk_bin_collection/uk_bin_collection/councils/NorthNorfolkDistrictCouncil.py:66: in parse_data\n    WebDriverWait(driver, 10).until(\n_ _ _ _ _ _ _ _ _ _ _ _ _ _ _ _ _ _ _ _ _ _ _ _ _ _ _ _ _ _ _ _ _ _ _ _ _ _ _ _ \n\nself = <selenium.webdriver.support.wait.WebDriverWait (session=\"b2d098607dab7f507a35563c06dc897c\")>\nmethod = <function presence_of_element_located.<locals>._predicate at 0x7f156d034860>\nmessage = ''\n\n    def until(self, method, message: str = \"\"):\n        \"\"\"Calls the method provided with the driver as an argument until the \\\n        return value does not evaluate to ``False``.\n    \n        :param method: callable(WebDriver)\n        :param message: optional message for :exc:`TimeoutException`\n        :returns: the result of the last call to `method`\n        :raises: :exc:`selenium.common.exceptions.TimeoutException` if timeout occurs\n        \"\"\"\n        screen = None\n        stacktrace = None\n    \n        end_time = time.monotonic() + self._timeout\n        while True:\n            try:\n                value = method(self._driver)\n                if value:\n                    return value\n            except self._ignored_exceptions as exc:\n                screen = getattr(exc, \"screen\", None)\n                stacktrace = getattr(exc, \"stacktrace\", None)\n            time.sleep(self._poll)\n            if time.monotonic() > end_time:\n                break\n>       raise TimeoutException(message, screen, stacktrace)\nE       selenium.common.exceptions.TimeoutException: Message: \nE       Stacktrace:\nE       #0 0x558da4fa1e23 <unknown>\nE       #1 0x558da4cca7a7 <unknown>\nE       #2 0x558da4d091d3 <unknown>\nE       #3 0x558da4d092c1 <unknown>\nE       #4 0x558da4d44a04 <unknown>\nE       #5 0x558da4d2a03d <unknown>\nE       #6 0x558da4d42369 <unknown>\nE       #7 0x558da4d29de3 <unknown>\nE       #8 0x558da4cfda7b <unknown>\nE       #9 0x558da4cfe81e <unknown>\nE       #10 0x558da4f63638 <unknown>\nE       #11 0x558da4f67507 <unknown>\nE       #12 0x558da4f71c4c <unknown>\nE       #13 0x558da4f68136 <unknown>\nE       #14 0x558da4f369cf <unknown>\nE       #15 0x558da4f8bb98 <unknown>\nE       #16 0x558da4f8bd68 <unknown>\nE       #17 0x558da4f9acb3 <unknown>\nE       #18 0x7fa406294b43 <unknown>\n\n../../../.cache/pypoetry/virtualenvs/uk-bin-collection-EwS6Gn8s-py3.11/lib/python3.11/site-packages/selenium/webdriver/support/wait.py:95: TimeoutException","steps":[{"name":"Given the council: NorthNorfolkDistrictCouncil","time":{"start":1695162035999,"stop":1695162035999,"duration":0},"status":"passed","steps":[],"attachments":[],"parameters":[],"shouldDisplayMessage":false,"stepsCount":0,"attachmentsCount":0,"hasContent":false},{"name":"When we scrape the data from NorthNorfolkDistrictCouncil","time":{"start":1695162036000,"stop":1695162052569,"duration":16569},"status":"failed","statusMessage":"Message: \nStacktrace:\n#0 0x558da4fa1e23 <unknown>\n#1 0x558da4cca7a7 <unknown>\n#2 0x558da4d091d3 <unknown>\n#3 0x558da4d092c1 <unknown>\n#4 0x558da4d44a04 <unknown>\n#5 0x558da4d2a03d <unknown>\n#6 0x558da4d42369 <unknown>\n#7 0x558da4d29de3 <unknown>\n#8 0x558da4cfda7b <unknown>\n#9 0x558da4cfe81e <unknown>\n#10 0x558da4f63638 <unknown>\n#11 0x558da4f67507 <unknown>\n#12 0x558da4f71c4c <unknown>\n#13 0x558da4f68136 <unknown>\n#14 0x558da4f369cf <unknown>\n#15 0x558da4f8bb98 <unknown>\n#16 0x558da4f8bd68 <unknown>\n#17 0x558da4f9acb3 <unknown>\n#18 0x7fa406294b43 <unknown>\n","statusTrace":"selenium.common.exceptions.TimeoutException: Message: \nStacktrace:\n#0 0x558da4fa1e23 <unknown>\n#1 0x558da4cca7a7 <unknown>\n#2 0x558da4d091d3 <unknown>\n#3 0x558da4d092c1 <unknown>\n#4 0x558da4d44a04 <unknown>\n#5 0x558da4d2a03d <unknown>\n#6 0x558da4d42369 <unknown>\n#7 0x558da4d29de3 <unknown>\n#8 0x558da4cfda7b <unknown>\n#9 0x558da4cfe81e <unknown>\n#10 0x558da4f63638 <unknown>\n#11 0x558da4f67507 <unknown>\n#12 0x558da4f71c4c <unknown>\n#13 0x558da4f68136 <unknown>\n#14 0x558da4f369cf <unknown>\n#15 0x558da4f8bb98 <unknown>\n#16 0x558da4f8bd68 <unknown>\n#17 0x558da4f9acb3 <unknown>\n#18 0x7fa406294b43 <unknown>\n\n","steps":[],"attachments":[],"parameters":[],"shouldDisplayMessage":true,"stepsCount":0,"attachmentsCount":0,"hasContent":true}],"attachments":[],"parameters":[],"shouldDisplayMessage":true,"stepsCount":2,"attachmentsCount":0,"hasContent":true},"afterStages":[],"labels":[{"name":"host","value":"fv-az210-632"},{"name":"thread","value":"2257-MainThread"},{"name":"framework","value":"pytest-bdd"},{"name":"language","value":"cpython3"},{"name":"feature","value":"Test each council output matches expected results in /outputs"},{"name":"resultFormat","value":"allure2"}],"parameters":[{"name":"council","value":"NorthNorfolkDistrictCouncil"}],"links":[],"hidden":false,"retry":false,"extra":{"severity":"normal","retries":[],"categories":[{"name":"Product defects","matchedStatuses":[],"flaky":false}],"history":{"statistic":{"failed":12,"broken":0,"skipped":0,"passed":75,"unknown":0,"total":87},"items":[{"uid":"b185c2c09c2bea71","reportUrl":"https://robbrad.github.io/UKBinCollectionData/3.11/935//#testresult/b185c2c09c2bea71","status":"failed","statusDetails":"selenium.common.exceptions.TimeoutException: Message: \nStacktrace:\n#0 0x55be77d29e23 <unknown>\n#1 0x55be77a527a7 <unknown>\n#2 0x55be77a911d3 <unknown>\n#3 0x55be77a912c1 <unknown>\n#4 0x55be77acca04 <unknown>\n#5 0x55be77ab203d <unknown>\n#6 0x55be77aca369 <unknown>\n#7 0x55be77ab1de3 <unknown>\n#8 0x55be77a85a7b <unknown>\n#9 0x55be77a8681e <unknown>\n#10 0x55be77ceb638 <unknown>\n#11 0x55be77cef507 <unknown>\n#12 0x55be77cf9c4c <unknown>\n#13 0x55be77cf0136 <unknown>\n#14 0x55be77cbe9cf <unknown>\n#15 0x55be77d13b98 <unknown>\n#16 0x55be77d13d68 <unknown>\n#17 0x55be77d22cb3 <unknown>\n#18 0x7fdad6a94b43 <unknown>","time":{"start":1695159892238,"stop":1695159906764,"duration":14526}},{"uid":"c90df41bab7308e5","reportUrl":"https://robbrad.github.io/UKBinCollectionData/3.11/932//#testresult/c90df41bab7308e5","status":"passed","time":{"start":1695157010650,"stop":1695157018816,"duration":8166}},{"uid":"7be95d53a8123fb9","reportUrl":"https://robbrad.github.io/UKBinCollectionData/3.11/930//#testresult/7be95d53a8123fb9","status":"passed","time":{"start":1695086125271,"stop":1695086132150,"duration":6879}},{"uid":"7b6e986d87054cf7","reportUrl":"https://robbrad.github.io/UKBinCollectionData/3.11/929//#testresult/7b6e986d87054cf7","status":"passed","time":{"start":1694999902203,"stop":1694999911204,"duration":9001}},{"uid":"d7ac6ccc412a87e4","reportUrl":"https://robbrad.github.io/UKBinCollectionData/3.11/928//#testresult/d7ac6ccc412a87e4","status":"failed","statusDetails":"selenium.common.exceptions.TimeoutException: Message: \nStacktrace:\n#0 0x55747001ce23 <unknown>\n#1 0x55746fd457a7 <unknown>\n#2 0x55746fd841d3 <unknown>\n#3 0x55746fd842c1 <unknown>\n#4 0x55746fdbfa04 <unknown>\n#5 0x55746fda503d <unknown>\n#6 0x55746fdbd369 <unknown>\n#7 0x55746fda4de3 <unknown>\n#8 0x55746fd78a7b <unknown>\n#9 0x55746fd7981e <unknown>\n#10 0x55746ffde638 <unknown>\n#11 0x55746ffe2507 <unknown>\n#12 0x55746ffecc4c <unknown>\n#13 0x55746ffe3136 <unknown>\n#14 0x55746ffb19cf <unknown>\n#15 0x557470006b98 <unknown>\n#16 0x557470006d68 <unknown>\n#17 0x557470015cb3 <unknown>\n#18 0x7f5e1fa94b43 <unknown>","time":{"start":1694987849388,"stop":1694987864103,"duration":14715}},{"uid":"961f9f8c705edc8","reportUrl":"https://robbrad.github.io/UKBinCollectionData/3.11/926//#testresult/961f9f8c705edc8","status":"failed","statusDetails":"selenium.common.exceptions.TimeoutException: Message: \nStacktrace:\n#0 0x555d006e7e23 <unknown>\n#1 0x555d004107a7 <unknown>\n#2 0x555d0044f1d3 <unknown>\n#3 0x555d0044f2c1 <unknown>\n#4 0x555d0048aa04 <unknown>\n#5 0x555d0047003d <unknown>\n#6 0x555d00488369 <unknown>\n#7 0x555d0046fde3 <unknown>\n#8 0x555d00443a7b <unknown>\n#9 0x555d0044481e <unknown>\n#10 0x555d006a9638 <unknown>\n#11 0x555d006ad507 <unknown>\n#12 0x555d006b7c4c <unknown>\n#13 0x555d006ae136 <unknown>\n#14 0x555d0067c9cf <unknown>\n#15 0x555d006d1b98 <unknown>\n#16 0x555d006d1d68 <unknown>\n#17 0x555d006e0cb3 <unknown>\n#18 0x7f6786094b43 <unknown>","time":{"start":1694987720197,"stop":1694987734642,"duration":14445}},{"uid":"48c76dc434e2676d","reportUrl":"https://robbrad.github.io/UKBinCollectionData/3.11/922//#testresult/48c76dc434e2676d","status":"passed","time":{"start":1694971683948,"stop":1694971690257,"duration":6309}},{"uid":"26b7cf3574ea4937","reportUrl":"https://robbrad.github.io/UKBinCollectionData/3.11/920//#testresult/26b7cf3574ea4937","status":"passed","time":{"start":1694913491400,"stop":1694913497427,"duration":6027}},{"uid":"442952b61cc8c71a","reportUrl":"https://robbrad.github.io/UKBinCollectionData/3.11/919//#testresult/442952b61cc8c71a","status":"passed","time":{"start":1694892783855,"stop":1694892789750,"duration":5895}},{"uid":"be608effcfcbba48","reportUrl":"https://robbrad.github.io/UKBinCollectionData/3.11/917//#testresult/be608effcfcbba48","status":"passed","time":{"start":1694889782583,"stop":1694889787930,"duration":5347}},{"uid":"e37063594cebbfe6","reportUrl":"https://robbrad.github.io/UKBinCollectionData/3.11/915//#testresult/e37063594cebbfe6","status":"passed","time":{"start":1694864656236,"stop":1694864663605,"duration":7369}},{"uid":"9d6e429112c37e16","reportUrl":"https://robbrad.github.io/UKBinCollectionData/3.11/913//#testresult/9d6e429112c37e16","status":"passed","time":{"start":1694840370648,"stop":1694840384342,"duration":13694}},{"uid":"31fcc8f1d625c8f2","reportUrl":"https://robbrad.github.io/UKBinCollectionData/3.11/912//#testresult/31fcc8f1d625c8f2","status":"passed","time":{"start":1694826795374,"stop":1694826801473,"duration":6099}},{"uid":"d1a03d0c95553abe","reportUrl":"https://robbrad.github.io/UKBinCollectionData/3.11/910//#testresult/d1a03d0c95553abe","status":"passed","time":{"start":1694796763640,"stop":1694796771589,"duration":7949}},{"uid":"93d86d3af5bf888f","reportUrl":"https://robbrad.github.io/UKBinCollectionData/3.11/906//#testresult/93d86d3af5bf888f","status":"passed","time":{"start":1694740509641,"stop":1694740515863,"duration":6222}},{"uid":"558f505d321956eb","reportUrl":"https://robbrad.github.io/UKBinCollectionData/3.11/905//#testresult/558f505d321956eb","status":"passed","time":{"start":1694653984990,"stop":1694653989833,"duration":4843}},{"uid":"ab60b9ea6f858c51","reportUrl":"https://robbrad.github.io/UKBinCollectionData/3.11/904//#testresult/ab60b9ea6f858c51","status":"passed","time":{"start":1694567741817,"stop":1694567748523,"duration":6706}},{"uid":"c5ae62868c2d25","reportUrl":"https://robbrad.github.io/UKBinCollectionData/3.11/903//#testresult/c5ae62868c2d25","status":"passed","time":{"start":1694481171361,"stop":1694481176802,"duration":5441}},{"uid":"1497f1919a8b2001","reportUrl":"https://robbrad.github.io/UKBinCollectionData/3.11/902//#testresult/1497f1919a8b2001","status":"failed","statusDetails":"selenium.common.exceptions.NoSuchElementException: Message: no such element: Unable to locate element: {\"method\":\"css selector\",\"selector\":\"[id=\"F_Address_subform:Postcode\"]\"}\n  (Session info: headless chrome=116.0.5845.140); For documentation on this error, please visit: https://www.selenium.dev/documentation/webdriver/troubleshooting/errors#no-such-element-exception\nStacktrace:\n#0 0x561736e54e23 <unknown>\n#1 0x561736b7d7a7 <unknown>\n#2 0x561736bbc1d3 <unknown>\n#3 0x561736bbc2c1 <unknown>\n#4 0x561736bf7a04 <unknown>\n#5 0x561736bdd03d <unknown>\n#6 0x561736bf5369 <unknown>\n#7 0x561736bdcde3 <unknown>\n#8 0x561736bb0a7b <unknown>\n#9 0x561736bb181e <unknown>\n#10 0x561736e16638 <unknown>\n#11 0x561736e1a507 <unknown>\n#12 0x561736e24c4c <unknown>\n#13 0x561736e1b136 <unknown>\n#14 0x561736de99cf <unknown>\n#15 0x561736e3eb98 <unknown>\n#16 0x561736e3ed68 <unknown>\n#17 0x561736e4dcb3 <unknown>\n#18 0x7ff3db4ccb43 <unknown>","time":{"start":1694394884428,"stop":1694394886969,"duration":2541}},{"uid":"ecf83f9aed585732","reportUrl":"https://robbrad.github.io/UKBinCollectionData/3.11/901//#testresult/ecf83f9aed585732","status":"failed","statusDetails":"selenium.common.exceptions.NoSuchElementException: Message: no such element: Unable to locate element: {\"method\":\"css selector\",\"selector\":\"[id=\"F_Address_subform:Postcode\"]\"}\n  (Session info: headless chrome=116.0.5845.140); For documentation on this error, please visit: https://www.selenium.dev/documentation/webdriver/troubleshooting/errors#no-such-element-exception\nStacktrace:\n#0 0x55f5d3323e23 <unknown>\n#1 0x55f5d304c7a7 <unknown>\n#2 0x55f5d308b1d3 <unknown>\n#3 0x55f5d308b2c1 <unknown>\n#4 0x55f5d30c6a04 <unknown>\n#5 0x55f5d30ac03d <unknown>\n#6 0x55f5d30c4369 <unknown>\n#7 0x55f5d30abde3 <unknown>\n#8 0x55f5d307fa7b <unknown>\n#9 0x55f5d308081e <unknown>\n#10 0x55f5d32e5638 <unknown>\n#11 0x55f5d32e9507 <unknown>\n#12 0x55f5d32f3c4c <unknown>\n#13 0x55f5d32ea136 <unknown>\n#14 0x55f5d32b89cf <unknown>\n#15 0x55f5d330db98 <unknown>\n#16 0x55f5d330dd68 <unknown>\n#17 0x55f5d331ccb3 <unknown>\n#18 0x7fe7ef659b43 <unknown>","time":{"start":1694365191414,"stop":1694365194366,"duration":2952}}]},"tags":[]},"source":"6967b3f18cd7b0ed.json","parameterValues":["NorthNorfolkDistrictCouncil"]}