{"uid":"b998d2b83d1d0a6c","name":"Validate Council Output [RushcliffeBoroughCouncil]","fullName":"features/validate_council_outputs.feature:Validate Council Output","historyId":"10c5adec7cdd71fa36d93e2bcbd9ad16","time":{"start":1691457750596,"stop":1691457768234,"duration":17638},"status":"failed","statusMessage":"selenium.common.exceptions.TimeoutException: Message: \nStacktrace:\n#0 0x55de9edca783 <unknown>\n#1 0x55de9eaf6917 <unknown>\n#2 0x55de9eb3531b <unknown>\n#3 0x55de9eb35411 <unknown>\n#4 0x55de9eb70674 <unknown>\n#5 0x55de9eb55e2d <unknown>\n#6 0x55de9eb6e0d9 <unknown>\n#7 0x55de9eb55bd3 <unknown>\n#8 0x55de9eb29a7b <unknown>\n#9 0x55de9eb2a81e <unknown>\n#10 0x55de9ed8be98 <unknown>\n#11 0x55de9ed8fd67 <unknown>\n#12 0x55de9ed9a32c <unknown>\n#13 0x55de9ed90993 <unknown>\n#14 0x55de9ed5f827 <unknown>\n#15 0x55de9edb48a8 <unknown>\n#16 0x55de9edb4a36 <unknown>\n#17 0x55de9edc35f3 <unknown>\n#18 0x7f7cc0f9db43 <unknown>","statusTrace":"request = <FixtureRequest for <Function test_scenario_outline[RushcliffeBoroughCouncil]>>\n_pytest_bdd_example = {'council': 'RushcliffeBoroughCouncil'}\n\n    @pytest.mark.usefixtures(*func_args)\n    def scenario_wrapper(request: FixtureRequest, _pytest_bdd_example: dict[str, str]) -> Any:\n        scenario = templated_scenario.render(_pytest_bdd_example)\n>       _execute_scenario(feature, scenario, request)\n\n../../../.cache/pypoetry/virtualenvs/uk-bin-collection-EwS6Gn8s-py3.11/lib/python3.11/site-packages/pytest_bdd/scenario.py:187: \n_ _ _ _ _ _ _ _ _ _ _ _ _ _ _ _ _ _ _ _ _ _ _ _ _ _ _ _ _ _ _ _ _ _ _ _ _ _ _ _ \n../../../.cache/pypoetry/virtualenvs/uk-bin-collection-EwS6Gn8s-py3.11/lib/python3.11/site-packages/pytest_bdd/scenario.py:157: in _execute_scenario\n    _execute_step_function(request, scenario, step, step_func)\n../../../.cache/pypoetry/virtualenvs/uk-bin-collection-EwS6Gn8s-py3.11/lib/python3.11/site-packages/pytest_bdd/scenario.py:127: in _execute_step_function\n    return_value = call_fixture_func(fixturefunc=step_func, request=request, kwargs=kwargs)\n../../../.cache/pypoetry/virtualenvs/uk-bin-collection-EwS6Gn8s-py3.11/lib/python3.11/site-packages/_pytest/fixtures.py:902: in call_fixture_func\n    fixture_result = fixturefunc(**kwargs)\nuk_bin_collection/tests/step_defs/test_validate_council.py:62: in scrape_step\n    raise (err)\nuk_bin_collection/tests/step_defs/test_validate_council.py:58: in scrape_step\n    context.parse_result = CollectData.run()\nuk_bin_collection/uk_bin_collection/collect_data.py:71: in run\n    return self.client_code(\nuk_bin_collection/uk_bin_collection/collect_data.py:59: in client_code\n    return get_bin_data_class.template_method(address_url, **kwargs)\nuk_bin_collection/uk_bin_collection/get_bin_data.py:70: in template_method\n    bin_data_dict = self.parse_data(\nuk_bin_collection/uk_bin_collection/councils/RushcliffeBoroughCouncil.py:56: in parse_data\n    dropdown = WebDriverWait(driver, 10).until(\n_ _ _ _ _ _ _ _ _ _ _ _ _ _ _ _ _ _ _ _ _ _ _ _ _ _ _ _ _ _ _ _ _ _ _ _ _ _ _ _ \n\nself = <selenium.webdriver.support.wait.WebDriverWait (session=\"9e5b7047e8790d6fe7442aa9b4153187\")>\nmethod = <function presence_of_element_located.<locals>._predicate at 0x7f3760b9afc0>\nmessage = ''\n\n    def until(self, method, message: str = \"\"):\n        \"\"\"Calls the method provided with the driver as an argument until the \\\n        return value does not evaluate to ``False``.\n    \n        :param method: callable(WebDriver)\n        :param message: optional message for :exc:`TimeoutException`\n        :returns: the result of the last call to `method`\n        :raises: :exc:`selenium.common.exceptions.TimeoutException` if timeout occurs\n        \"\"\"\n        screen = None\n        stacktrace = None\n    \n        end_time = time.monotonic() + self._timeout\n        while True:\n            try:\n                value = method(self._driver)\n                if value:\n                    return value\n            except self._ignored_exceptions as exc:\n                screen = getattr(exc, \"screen\", None)\n                stacktrace = getattr(exc, \"stacktrace\", None)\n            time.sleep(self._poll)\n            if time.monotonic() > end_time:\n                break\n>       raise TimeoutException(message, screen, stacktrace)\nE       selenium.common.exceptions.TimeoutException: Message: \nE       Stacktrace:\nE       #0 0x55de9edca783 <unknown>\nE       #1 0x55de9eaf6917 <unknown>\nE       #2 0x55de9eb3531b <unknown>\nE       #3 0x55de9eb35411 <unknown>\nE       #4 0x55de9eb70674 <unknown>\nE       #5 0x55de9eb55e2d <unknown>\nE       #6 0x55de9eb6e0d9 <unknown>\nE       #7 0x55de9eb55bd3 <unknown>\nE       #8 0x55de9eb29a7b <unknown>\nE       #9 0x55de9eb2a81e <unknown>\nE       #10 0x55de9ed8be98 <unknown>\nE       #11 0x55de9ed8fd67 <unknown>\nE       #12 0x55de9ed9a32c <unknown>\nE       #13 0x55de9ed90993 <unknown>\nE       #14 0x55de9ed5f827 <unknown>\nE       #15 0x55de9edb48a8 <unknown>\nE       #16 0x55de9edb4a36 <unknown>\nE       #17 0x55de9edc35f3 <unknown>\nE       #18 0x7f7cc0f9db43 <unknown>\n\n../../../.cache/pypoetry/virtualenvs/uk-bin-collection-EwS6Gn8s-py3.11/lib/python3.11/site-packages/selenium/webdriver/support/wait.py:95: TimeoutException","flaky":false,"newFailed":true,"newBroken":false,"newPassed":false,"retriesCount":0,"retriesStatusChange":false,"beforeStages":[],"testStage":{"status":"failed","statusMessage":"selenium.common.exceptions.TimeoutException: Message: \nStacktrace:\n#0 0x55de9edca783 <unknown>\n#1 0x55de9eaf6917 <unknown>\n#2 0x55de9eb3531b <unknown>\n#3 0x55de9eb35411 <unknown>\n#4 0x55de9eb70674 <unknown>\n#5 0x55de9eb55e2d <unknown>\n#6 0x55de9eb6e0d9 <unknown>\n#7 0x55de9eb55bd3 <unknown>\n#8 0x55de9eb29a7b <unknown>\n#9 0x55de9eb2a81e <unknown>\n#10 0x55de9ed8be98 <unknown>\n#11 0x55de9ed8fd67 <unknown>\n#12 0x55de9ed9a32c <unknown>\n#13 0x55de9ed90993 <unknown>\n#14 0x55de9ed5f827 <unknown>\n#15 0x55de9edb48a8 <unknown>\n#16 0x55de9edb4a36 <unknown>\n#17 0x55de9edc35f3 <unknown>\n#18 0x7f7cc0f9db43 <unknown>","statusTrace":"request = <FixtureRequest for <Function test_scenario_outline[RushcliffeBoroughCouncil]>>\n_pytest_bdd_example = {'council': 'RushcliffeBoroughCouncil'}\n\n    @pytest.mark.usefixtures(*func_args)\n    def scenario_wrapper(request: FixtureRequest, _pytest_bdd_example: dict[str, str]) -> Any:\n        scenario = templated_scenario.render(_pytest_bdd_example)\n>       _execute_scenario(feature, scenario, request)\n\n../../../.cache/pypoetry/virtualenvs/uk-bin-collection-EwS6Gn8s-py3.11/lib/python3.11/site-packages/pytest_bdd/scenario.py:187: \n_ _ _ _ _ _ _ _ _ _ _ _ _ _ _ _ _ _ _ _ _ _ _ _ _ _ _ _ _ _ _ _ _ _ _ _ _ _ _ _ \n../../../.cache/pypoetry/virtualenvs/uk-bin-collection-EwS6Gn8s-py3.11/lib/python3.11/site-packages/pytest_bdd/scenario.py:157: in _execute_scenario\n    _execute_step_function(request, scenario, step, step_func)\n../../../.cache/pypoetry/virtualenvs/uk-bin-collection-EwS6Gn8s-py3.11/lib/python3.11/site-packages/pytest_bdd/scenario.py:127: in _execute_step_function\n    return_value = call_fixture_func(fixturefunc=step_func, request=request, kwargs=kwargs)\n../../../.cache/pypoetry/virtualenvs/uk-bin-collection-EwS6Gn8s-py3.11/lib/python3.11/site-packages/_pytest/fixtures.py:902: in call_fixture_func\n    fixture_result = fixturefunc(**kwargs)\nuk_bin_collection/tests/step_defs/test_validate_council.py:62: in scrape_step\n    raise (err)\nuk_bin_collection/tests/step_defs/test_validate_council.py:58: in scrape_step\n    context.parse_result = CollectData.run()\nuk_bin_collection/uk_bin_collection/collect_data.py:71: in run\n    return self.client_code(\nuk_bin_collection/uk_bin_collection/collect_data.py:59: in client_code\n    return get_bin_data_class.template_method(address_url, **kwargs)\nuk_bin_collection/uk_bin_collection/get_bin_data.py:70: in template_method\n    bin_data_dict = self.parse_data(\nuk_bin_collection/uk_bin_collection/councils/RushcliffeBoroughCouncil.py:56: in parse_data\n    dropdown = WebDriverWait(driver, 10).until(\n_ _ _ _ _ _ _ _ _ _ _ _ _ _ _ _ _ _ _ _ _ _ _ _ _ _ _ _ _ _ _ _ _ _ _ _ _ _ _ _ \n\nself = <selenium.webdriver.support.wait.WebDriverWait (session=\"9e5b7047e8790d6fe7442aa9b4153187\")>\nmethod = <function presence_of_element_located.<locals>._predicate at 0x7f3760b9afc0>\nmessage = ''\n\n    def until(self, method, message: str = \"\"):\n        \"\"\"Calls the method provided with the driver as an argument until the \\\n        return value does not evaluate to ``False``.\n    \n        :param method: callable(WebDriver)\n        :param message: optional message for :exc:`TimeoutException`\n        :returns: the result of the last call to `method`\n        :raises: :exc:`selenium.common.exceptions.TimeoutException` if timeout occurs\n        \"\"\"\n        screen = None\n        stacktrace = None\n    \n        end_time = time.monotonic() + self._timeout\n        while True:\n            try:\n                value = method(self._driver)\n                if value:\n                    return value\n            except self._ignored_exceptions as exc:\n                screen = getattr(exc, \"screen\", None)\n                stacktrace = getattr(exc, \"stacktrace\", None)\n            time.sleep(self._poll)\n            if time.monotonic() > end_time:\n                break\n>       raise TimeoutException(message, screen, stacktrace)\nE       selenium.common.exceptions.TimeoutException: Message: \nE       Stacktrace:\nE       #0 0x55de9edca783 <unknown>\nE       #1 0x55de9eaf6917 <unknown>\nE       #2 0x55de9eb3531b <unknown>\nE       #3 0x55de9eb35411 <unknown>\nE       #4 0x55de9eb70674 <unknown>\nE       #5 0x55de9eb55e2d <unknown>\nE       #6 0x55de9eb6e0d9 <unknown>\nE       #7 0x55de9eb55bd3 <unknown>\nE       #8 0x55de9eb29a7b <unknown>\nE       #9 0x55de9eb2a81e <unknown>\nE       #10 0x55de9ed8be98 <unknown>\nE       #11 0x55de9ed8fd67 <unknown>\nE       #12 0x55de9ed9a32c <unknown>\nE       #13 0x55de9ed90993 <unknown>\nE       #14 0x55de9ed5f827 <unknown>\nE       #15 0x55de9edb48a8 <unknown>\nE       #16 0x55de9edb4a36 <unknown>\nE       #17 0x55de9edc35f3 <unknown>\nE       #18 0x7f7cc0f9db43 <unknown>\n\n../../../.cache/pypoetry/virtualenvs/uk-bin-collection-EwS6Gn8s-py3.11/lib/python3.11/site-packages/selenium/webdriver/support/wait.py:95: TimeoutException","steps":[{"name":"Given the council: RushcliffeBoroughCouncil","time":{"start":1691457750596,"stop":1691457750597,"duration":1},"status":"passed","steps":[],"attachments":[],"parameters":[],"attachmentsCount":0,"shouldDisplayMessage":false,"hasContent":false,"stepsCount":0},{"name":"When we scrape the data from RushcliffeBoroughCouncil","time":{"start":1691457750597,"stop":1691457768234,"duration":17637},"status":"failed","statusMessage":"Message: \nStacktrace:\n#0 0x55de9edca783 <unknown>\n#1 0x55de9eaf6917 <unknown>\n#2 0x55de9eb3531b <unknown>\n#3 0x55de9eb35411 <unknown>\n#4 0x55de9eb70674 <unknown>\n#5 0x55de9eb55e2d <unknown>\n#6 0x55de9eb6e0d9 <unknown>\n#7 0x55de9eb55bd3 <unknown>\n#8 0x55de9eb29a7b <unknown>\n#9 0x55de9eb2a81e <unknown>\n#10 0x55de9ed8be98 <unknown>\n#11 0x55de9ed8fd67 <unknown>\n#12 0x55de9ed9a32c <unknown>\n#13 0x55de9ed90993 <unknown>\n#14 0x55de9ed5f827 <unknown>\n#15 0x55de9edb48a8 <unknown>\n#16 0x55de9edb4a36 <unknown>\n#17 0x55de9edc35f3 <unknown>\n#18 0x7f7cc0f9db43 <unknown>\n","statusTrace":"selenium.common.exceptions.TimeoutException: Message: \nStacktrace:\n#0 0x55de9edca783 <unknown>\n#1 0x55de9eaf6917 <unknown>\n#2 0x55de9eb3531b <unknown>\n#3 0x55de9eb35411 <unknown>\n#4 0x55de9eb70674 <unknown>\n#5 0x55de9eb55e2d <unknown>\n#6 0x55de9eb6e0d9 <unknown>\n#7 0x55de9eb55bd3 <unknown>\n#8 0x55de9eb29a7b <unknown>\n#9 0x55de9eb2a81e <unknown>\n#10 0x55de9ed8be98 <unknown>\n#11 0x55de9ed8fd67 <unknown>\n#12 0x55de9ed9a32c <unknown>\n#13 0x55de9ed90993 <unknown>\n#14 0x55de9ed5f827 <unknown>\n#15 0x55de9edb48a8 <unknown>\n#16 0x55de9edb4a36 <unknown>\n#17 0x55de9edc35f3 <unknown>\n#18 0x7f7cc0f9db43 <unknown>\n\n","steps":[],"attachments":[],"parameters":[],"attachmentsCount":0,"shouldDisplayMessage":true,"hasContent":true,"stepsCount":0}],"attachments":[],"parameters":[],"attachmentsCount":0,"shouldDisplayMessage":true,"hasContent":true,"stepsCount":2},"afterStages":[],"labels":[{"name":"host","value":"fv-az446-32"},{"name":"thread","value":"2119-MainThread"},{"name":"framework","value":"pytest-bdd"},{"name":"language","value":"cpython3"},{"name":"feature","value":"Test each council output matches expected results in /outputs"},{"name":"resultFormat","value":"allure2"}],"parameters":[{"name":"council","value":"RushcliffeBoroughCouncil"}],"links":[],"hidden":false,"retry":false,"extra":{"severity":"normal","retries":[],"categories":[{"name":"Product defects","matchedStatuses":[],"flaky":false}],"history":{"statistic":{"failed":3,"broken":0,"skipped":0,"passed":25,"unknown":0,"total":28},"items":[{"uid":"16465931db1bc1c6","reportUrl":"https://robbrad.github.io/UKBinCollectionData/3.11/845//#testresult/16465931db1bc1c6","status":"passed","time":{"start":1691371666605,"stop":1691371676700,"duration":10095}},{"uid":"e82ad96d93de9954","reportUrl":"https://robbrad.github.io/UKBinCollectionData/3.11/844//#testresult/e82ad96d93de9954","status":"passed","time":{"start":1691284843119,"stop":1691284853779,"duration":10660}},{"uid":"a0df8cf92c765389","reportUrl":"https://robbrad.github.io/UKBinCollectionData/3.11/843//#testresult/a0df8cf92c765389","status":"passed","time":{"start":1691198540037,"stop":1691198548358,"duration":8321}},{"uid":"dcc38c6dfe17b258","reportUrl":"https://robbrad.github.io/UKBinCollectionData/3.11/842//#testresult/dcc38c6dfe17b258","status":"passed","time":{"start":1691112323999,"stop":1691112334751,"duration":10752}},{"uid":"7bd27bac5f4c78d0","reportUrl":"https://robbrad.github.io/UKBinCollectionData/3.11/841//#testresult/7bd27bac5f4c78d0","status":"passed","time":{"start":1691025994354,"stop":1691025998093,"duration":3739}},{"uid":"f1d824b3a2eccc6f","reportUrl":"https://robbrad.github.io/UKBinCollectionData/3.11/840//#testresult/f1d824b3a2eccc6f","status":"passed","time":{"start":1690939332681,"stop":1690939336583,"duration":3902}},{"uid":"4b5110a392781d2b","reportUrl":"https://robbrad.github.io/UKBinCollectionData/3.11/839//#testresult/4b5110a392781d2b","status":"passed","time":{"start":1690854092425,"stop":1690854100137,"duration":7712}},{"uid":"5069dac2cf5b647c","reportUrl":"https://robbrad.github.io/UKBinCollectionData/3.11/838//#testresult/5069dac2cf5b647c","status":"passed","time":{"start":1690766836807,"stop":1690766841376,"duration":4569}},{"uid":"f0d9d0336bc71e03","reportUrl":"https://robbrad.github.io/UKBinCollectionData/3.11/837//#testresult/f0d9d0336bc71e03","status":"passed","time":{"start":1690680471249,"stop":1690680479197,"duration":7948}},{"uid":"32e85a3e859ab45f","reportUrl":"https://robbrad.github.io/UKBinCollectionData/3.11/836//#testresult/32e85a3e859ab45f","status":"passed","time":{"start":1690593892762,"stop":1690593897842,"duration":5080}},{"uid":"5dacf65b6e9e249a","reportUrl":"https://robbrad.github.io/UKBinCollectionData/3.11/835//#testresult/5dacf65b6e9e249a","status":"passed","time":{"start":1690563380568,"stop":1690563384482,"duration":3914}},{"uid":"80ec9542f536185d","reportUrl":"https://robbrad.github.io/UKBinCollectionData/3.11/833//#testresult/80ec9542f536185d","status":"passed","time":{"start":1690562772235,"stop":1690562777435,"duration":5200}},{"uid":"d5e383e5adb95a43","reportUrl":"https://robbrad.github.io/UKBinCollectionData/3.11/832//#testresult/d5e383e5adb95a43","status":"passed","time":{"start":1690507396804,"stop":1690507401457,"duration":4653}},{"uid":"437455b174e10ffc","reportUrl":"https://robbrad.github.io/UKBinCollectionData/3.11/831//#testresult/437455b174e10ffc","status":"passed","time":{"start":1690420944834,"stop":1690420948695,"duration":3861}},{"uid":"2a5099634bfacff9","reportUrl":"https://robbrad.github.io/UKBinCollectionData/3.11/830//#testresult/2a5099634bfacff9","status":"passed","time":{"start":1690335530358,"stop":1690335534090,"duration":3732}},{"uid":"e388951038b7af24","reportUrl":"https://robbrad.github.io/UKBinCollectionData/3.11/829//#testresult/e388951038b7af24","status":"passed","time":{"start":1690249660401,"stop":1690249664264,"duration":3863}},{"uid":"f4527ab4944b3cbc","reportUrl":"https://robbrad.github.io/UKBinCollectionData/3.11/828//#testresult/f4527ab4944b3cbc","status":"passed","time":{"start":1690162684540,"stop":1690162688331,"duration":3791}},{"uid":"f11d50226897ff8c","reportUrl":"https://robbrad.github.io/UKBinCollectionData/3.11/827//#testresult/f11d50226897ff8c","status":"passed","time":{"start":1690123385725,"stop":1690123391214,"duration":5489}},{"uid":"1a4f9e816230d000","reportUrl":"https://robbrad.github.io/UKBinCollectionData/3.11/824//#testresult/1a4f9e816230d000","status":"passed","time":{"start":1690106953647,"stop":1690106958168,"duration":4521}},{"uid":"7d1f1df982895aba","reportUrl":"https://robbrad.github.io/UKBinCollectionData/3.11/822//#testresult/7d1f1df982895aba","status":"failed","statusDetails":"TypeError: the JSON object must be str, bytes or bytearray, not NoneType","time":{"start":1690076607357,"stop":1690076611137,"duration":3780}}]},"tags":[]},"source":"b998d2b83d1d0a6c.json","parameterValues":["RushcliffeBoroughCouncil"]}