{"uid":"ecf83f9aed585732","name":"Validate Council Output [NorthNorfolkDistrictCouncil]","fullName":"features/validate_council_outputs.feature:Validate Council Output","historyId":"6712f2e3b136c8030bb4071a5deccc97","time":{"start":1694365191414,"stop":1694365194366,"duration":2952},"status":"failed","statusMessage":"selenium.common.exceptions.NoSuchElementException: Message: no such element: Unable to locate element: {\"method\":\"css selector\",\"selector\":\"[id=\"F_Address_subform:Postcode\"]\"}\n  (Session info: headless chrome=116.0.5845.140); For documentation on this error, please visit: https://www.selenium.dev/documentation/webdriver/troubleshooting/errors#no-such-element-exception\nStacktrace:\n#0 0x55f5d3323e23 <unknown>\n#1 0x55f5d304c7a7 <unknown>\n#2 0x55f5d308b1d3 <unknown>\n#3 0x55f5d308b2c1 <unknown>\n#4 0x55f5d30c6a04 <unknown>\n#5 0x55f5d30ac03d <unknown>\n#6 0x55f5d30c4369 <unknown>\n#7 0x55f5d30abde3 <unknown>\n#8 0x55f5d307fa7b <unknown>\n#9 0x55f5d308081e <unknown>\n#10 0x55f5d32e5638 <unknown>\n#11 0x55f5d32e9507 <unknown>\n#12 0x55f5d32f3c4c <unknown>\n#13 0x55f5d32ea136 <unknown>\n#14 0x55f5d32b89cf <unknown>\n#15 0x55f5d330db98 <unknown>\n#16 0x55f5d330dd68 <unknown>\n#17 0x55f5d331ccb3 <unknown>\n#18 0x7fe7ef659b43 <unknown>","statusTrace":"request = <FixtureRequest for <Function test_scenario_outline[NorthNorfolkDistrictCouncil]>>\n_pytest_bdd_example = {'council': 'NorthNorfolkDistrictCouncil'}\n\n    @pytest.mark.usefixtures(*func_args)\n    def scenario_wrapper(request: FixtureRequest, _pytest_bdd_example: dict[str, str]) -> Any:\n        scenario = templated_scenario.render(_pytest_bdd_example)\n>       _execute_scenario(feature, scenario, request)\n\n../../../.cache/pypoetry/virtualenvs/uk-bin-collection-EwS6Gn8s-py3.11/lib/python3.11/site-packages/pytest_bdd/scenario.py:187: \n_ _ _ _ _ _ _ _ _ _ _ _ _ _ _ _ _ _ _ _ _ _ _ _ _ _ _ _ _ _ _ _ _ _ _ _ _ _ _ _ \n../../../.cache/pypoetry/virtualenvs/uk-bin-collection-EwS6Gn8s-py3.11/lib/python3.11/site-packages/pytest_bdd/scenario.py:157: in _execute_scenario\n    _execute_step_function(request, scenario, step, step_func)\n../../../.cache/pypoetry/virtualenvs/uk-bin-collection-EwS6Gn8s-py3.11/lib/python3.11/site-packages/pytest_bdd/scenario.py:127: in _execute_step_function\n    return_value = call_fixture_func(fixturefunc=step_func, request=request, kwargs=kwargs)\n../../../.cache/pypoetry/virtualenvs/uk-bin-collection-EwS6Gn8s-py3.11/lib/python3.11/site-packages/_pytest/fixtures.py:902: in call_fixture_func\n    fixture_result = fixturefunc(**kwargs)\nuk_bin_collection/tests/step_defs/test_validate_council.py:62: in scrape_step\n    raise (err)\nuk_bin_collection/tests/step_defs/test_validate_council.py:58: in scrape_step\n    context.parse_result = CollectData.run()\nuk_bin_collection/uk_bin_collection/collect_data.py:71: in run\n    return self.client_code(\nuk_bin_collection/uk_bin_collection/collect_data.py:59: in client_code\n    return get_bin_data_class.template_method(address_url, **kwargs)\nuk_bin_collection/uk_bin_collection/get_bin_data.py:70: in template_method\n    bin_data_dict = self.parse_data(\nuk_bin_collection/uk_bin_collection/councils/NorthNorfolkDistrictCouncil.py:43: in parse_data\n    inputElement_postcode = driver.find_element(\n../../../.cache/pypoetry/virtualenvs/uk-bin-collection-EwS6Gn8s-py3.11/lib/python3.11/site-packages/selenium/webdriver/remote/webdriver.py:740: in find_element\n    return self.execute(Command.FIND_ELEMENT, {\"using\": by, \"value\": value})[\"value\"]\n../../../.cache/pypoetry/virtualenvs/uk-bin-collection-EwS6Gn8s-py3.11/lib/python3.11/site-packages/selenium/webdriver/remote/webdriver.py:346: in execute\n    self.error_handler.check_response(response)\n_ _ _ _ _ _ _ _ _ _ _ _ _ _ _ _ _ _ _ _ _ _ _ _ _ _ _ _ _ _ _ _ _ _ _ _ _ _ _ _ \n\nself = <selenium.webdriver.remote.errorhandler.ErrorHandler object at 0x7f92e1b19ed0>\nresponse = {'status': 404, 'value': '{\"value\":{\"error\":\"no such element\",\"message\":\"no such element: Unable to locate element: {\\...\\\\n#16 0x55f5d330dd68 \\\\u003Cunknown>\\\\n#17 0x55f5d331ccb3 \\\\u003Cunknown>\\\\n#18 0x7fe7ef659b43 \\\\u003Cunknown>\\\\n\"}}'}\n\n    def check_response(self, response: Dict[str, Any]) -> None:\n        \"\"\"Checks that a JSON response from the WebDriver does not have an\n        error.\n    \n        :Args:\n         - response - The JSON response from the WebDriver server as a dictionary\n           object.\n    \n        :Raises: If the response contains an error message.\n        \"\"\"\n        status = response.get(\"status\", None)\n        if not status or status == ErrorCode.SUCCESS:\n            return\n        value = None\n        message = response.get(\"message\", \"\")\n        screen: str = response.get(\"screen\", \"\")\n        stacktrace = None\n        if isinstance(status, int):\n            value_json = response.get(\"value\", None)\n            if value_json and isinstance(value_json, str):\n                import json\n    \n                try:\n                    value = json.loads(value_json)\n                    if len(value) == 1:\n                        value = value[\"value\"]\n                    status = value.get(\"error\", None)\n                    if not status:\n                        status = value.get(\"status\", ErrorCode.UNKNOWN_ERROR)\n                        message = value.get(\"value\") or value.get(\"message\")\n                        if not isinstance(message, str):\n                            value = message\n                            message = message.get(\"message\")\n                    else:\n                        message = value.get(\"message\", None)\n                except ValueError:\n                    pass\n    \n        exception_class: Type[WebDriverException]\n        if status in ErrorCode.NO_SUCH_ELEMENT:\n            exception_class = NoSuchElementException\n        elif status in ErrorCode.NO_SUCH_FRAME:\n            exception_class = NoSuchFrameException\n        elif status in ErrorCode.NO_SUCH_SHADOW_ROOT:\n            exception_class = NoSuchShadowRootException\n        elif status in ErrorCode.NO_SUCH_WINDOW:\n            exception_class = NoSuchWindowException\n        elif status in ErrorCode.STALE_ELEMENT_REFERENCE:\n            exception_class = StaleElementReferenceException\n        elif status in ErrorCode.ELEMENT_NOT_VISIBLE:\n            exception_class = ElementNotVisibleException\n        elif status in ErrorCode.INVALID_ELEMENT_STATE:\n            exception_class = InvalidElementStateException\n        elif (\n            status in ErrorCode.INVALID_SELECTOR\n            or status in ErrorCode.INVALID_XPATH_SELECTOR\n            or status in ErrorCode.INVALID_XPATH_SELECTOR_RETURN_TYPER\n        ):\n            exception_class = InvalidSelectorException\n        elif status in ErrorCode.ELEMENT_IS_NOT_SELECTABLE:\n            exception_class = ElementNotSelectableException\n        elif status in ErrorCode.ELEMENT_NOT_INTERACTABLE:\n            exception_class = ElementNotInteractableException\n        elif status in ErrorCode.INVALID_COOKIE_DOMAIN:\n            exception_class = InvalidCookieDomainException\n        elif status in ErrorCode.UNABLE_TO_SET_COOKIE:\n            exception_class = UnableToSetCookieException\n        elif status in ErrorCode.TIMEOUT:\n            exception_class = TimeoutException\n        elif status in ErrorCode.SCRIPT_TIMEOUT:\n            exception_class = TimeoutException\n        elif status in ErrorCode.UNKNOWN_ERROR:\n            exception_class = WebDriverException\n        elif status in ErrorCode.UNEXPECTED_ALERT_OPEN:\n            exception_class = UnexpectedAlertPresentException\n        elif status in ErrorCode.NO_ALERT_OPEN:\n            exception_class = NoAlertPresentException\n        elif status in ErrorCode.IME_NOT_AVAILABLE:\n            exception_class = ImeNotAvailableException\n        elif status in ErrorCode.IME_ENGINE_ACTIVATION_FAILED:\n            exception_class = ImeActivationFailedException\n        elif status in ErrorCode.MOVE_TARGET_OUT_OF_BOUNDS:\n            exception_class = MoveTargetOutOfBoundsException\n        elif status in ErrorCode.JAVASCRIPT_ERROR:\n            exception_class = JavascriptException\n        elif status in ErrorCode.SESSION_NOT_CREATED:\n            exception_class = SessionNotCreatedException\n        elif status in ErrorCode.INVALID_ARGUMENT:\n            exception_class = InvalidArgumentException\n        elif status in ErrorCode.NO_SUCH_COOKIE:\n            exception_class = NoSuchCookieException\n        elif status in ErrorCode.UNABLE_TO_CAPTURE_SCREEN:\n            exception_class = ScreenshotException\n        elif status in ErrorCode.ELEMENT_CLICK_INTERCEPTED:\n            exception_class = ElementClickInterceptedException\n        elif status in ErrorCode.INSECURE_CERTIFICATE:\n            exception_class = InsecureCertificateException\n        elif status in ErrorCode.INVALID_COORDINATES:\n            exception_class = InvalidCoordinatesException\n        elif status in ErrorCode.INVALID_SESSION_ID:\n            exception_class = InvalidSessionIdException\n        elif status in ErrorCode.UNKNOWN_METHOD:\n            exception_class = UnknownMethodException\n        else:\n            exception_class = WebDriverException\n        if not value:\n            value = response[\"value\"]\n        if isinstance(value, str):\n            raise exception_class(value)\n        if message == \"\" and \"message\" in value:\n            message = value[\"message\"]\n    \n        screen = None  # type: ignore[assignment]\n        if \"screen\" in value:\n            screen = value[\"screen\"]\n    \n        stacktrace = None\n        st_value = value.get(\"stackTrace\") or value.get(\"stacktrace\")\n        if st_value:\n            if isinstance(st_value, str):\n                stacktrace = st_value.split(\"\\n\")\n            else:\n                stacktrace = []\n                try:\n                    for frame in st_value:\n                        line = frame.get(\"lineNumber\", \"\")\n                        file = frame.get(\"fileName\", \"<anonymous>\")\n                        if line:\n                            file = f\"{file}:{line}\"\n                        meth = frame.get(\"methodName\", \"<anonymous>\")\n                        if \"className\" in frame:\n                            meth = f\"{frame['className']}.{meth}\"\n                        msg = \"    at %s (%s)\"\n                        msg = msg % (meth, file)\n                        stacktrace.append(msg)\n                except TypeError:\n                    pass\n        if exception_class == UnexpectedAlertPresentException:\n            alert_text = None\n            if \"data\" in value:\n                alert_text = value[\"data\"].get(\"text\")\n            elif \"alert\" in value:\n                alert_text = value[\"alert\"].get(\"text\")\n            raise exception_class(message, screen, stacktrace, alert_text)  # type: ignore[call-arg]  # mypy is not smart enough here\n>       raise exception_class(message, screen, stacktrace)\nE       selenium.common.exceptions.NoSuchElementException: Message: no such element: Unable to locate element: {\"method\":\"css selector\",\"selector\":\"[id=\"F_Address_subform:Postcode\"]\"}\nE         (Session info: headless chrome=116.0.5845.140); For documentation on this error, please visit: https://www.selenium.dev/documentation/webdriver/troubleshooting/errors#no-such-element-exception\nE       Stacktrace:\nE       #0 0x55f5d3323e23 <unknown>\nE       #1 0x55f5d304c7a7 <unknown>\nE       #2 0x55f5d308b1d3 <unknown>\nE       #3 0x55f5d308b2c1 <unknown>\nE       #4 0x55f5d30c6a04 <unknown>\nE       #5 0x55f5d30ac03d <unknown>\nE       #6 0x55f5d30c4369 <unknown>\nE       #7 0x55f5d30abde3 <unknown>\nE       #8 0x55f5d307fa7b <unknown>\nE       #9 0x55f5d308081e <unknown>\nE       #10 0x55f5d32e5638 <unknown>\nE       #11 0x55f5d32e9507 <unknown>\nE       #12 0x55f5d32f3c4c <unknown>\nE       #13 0x55f5d32ea136 <unknown>\nE       #14 0x55f5d32b89cf <unknown>\nE       #15 0x55f5d330db98 <unknown>\nE       #16 0x55f5d330dd68 <unknown>\nE       #17 0x55f5d331ccb3 <unknown>\nE       #18 0x7fe7ef659b43 <unknown>\n\n../../../.cache/pypoetry/virtualenvs/uk-bin-collection-EwS6Gn8s-py3.11/lib/python3.11/site-packages/selenium/webdriver/remote/errorhandler.py:245: NoSuchElementException","flaky":false,"newFailed":true,"newBroken":false,"newPassed":false,"retriesCount":0,"retriesStatusChange":false,"beforeStages":[],"testStage":{"status":"failed","statusMessage":"selenium.common.exceptions.NoSuchElementException: Message: no such element: Unable to locate element: {\"method\":\"css selector\",\"selector\":\"[id=\"F_Address_subform:Postcode\"]\"}\n  (Session info: headless chrome=116.0.5845.140); For documentation on this error, please visit: https://www.selenium.dev/documentation/webdriver/troubleshooting/errors#no-such-element-exception\nStacktrace:\n#0 0x55f5d3323e23 <unknown>\n#1 0x55f5d304c7a7 <unknown>\n#2 0x55f5d308b1d3 <unknown>\n#3 0x55f5d308b2c1 <unknown>\n#4 0x55f5d30c6a04 <unknown>\n#5 0x55f5d30ac03d <unknown>\n#6 0x55f5d30c4369 <unknown>\n#7 0x55f5d30abde3 <unknown>\n#8 0x55f5d307fa7b <unknown>\n#9 0x55f5d308081e <unknown>\n#10 0x55f5d32e5638 <unknown>\n#11 0x55f5d32e9507 <unknown>\n#12 0x55f5d32f3c4c <unknown>\n#13 0x55f5d32ea136 <unknown>\n#14 0x55f5d32b89cf <unknown>\n#15 0x55f5d330db98 <unknown>\n#16 0x55f5d330dd68 <unknown>\n#17 0x55f5d331ccb3 <unknown>\n#18 0x7fe7ef659b43 <unknown>","statusTrace":"request = <FixtureRequest for <Function test_scenario_outline[NorthNorfolkDistrictCouncil]>>\n_pytest_bdd_example = {'council': 'NorthNorfolkDistrictCouncil'}\n\n    @pytest.mark.usefixtures(*func_args)\n    def scenario_wrapper(request: FixtureRequest, _pytest_bdd_example: dict[str, str]) -> Any:\n        scenario = templated_scenario.render(_pytest_bdd_example)\n>       _execute_scenario(feature, scenario, request)\n\n../../../.cache/pypoetry/virtualenvs/uk-bin-collection-EwS6Gn8s-py3.11/lib/python3.11/site-packages/pytest_bdd/scenario.py:187: \n_ _ _ _ _ _ _ _ _ _ _ _ _ _ _ _ _ _ _ _ _ _ _ _ _ _ _ _ _ _ _ _ _ _ _ _ _ _ _ _ \n../../../.cache/pypoetry/virtualenvs/uk-bin-collection-EwS6Gn8s-py3.11/lib/python3.11/site-packages/pytest_bdd/scenario.py:157: in _execute_scenario\n    _execute_step_function(request, scenario, step, step_func)\n../../../.cache/pypoetry/virtualenvs/uk-bin-collection-EwS6Gn8s-py3.11/lib/python3.11/site-packages/pytest_bdd/scenario.py:127: in _execute_step_function\n    return_value = call_fixture_func(fixturefunc=step_func, request=request, kwargs=kwargs)\n../../../.cache/pypoetry/virtualenvs/uk-bin-collection-EwS6Gn8s-py3.11/lib/python3.11/site-packages/_pytest/fixtures.py:902: in call_fixture_func\n    fixture_result = fixturefunc(**kwargs)\nuk_bin_collection/tests/step_defs/test_validate_council.py:62: in scrape_step\n    raise (err)\nuk_bin_collection/tests/step_defs/test_validate_council.py:58: in scrape_step\n    context.parse_result = CollectData.run()\nuk_bin_collection/uk_bin_collection/collect_data.py:71: in run\n    return self.client_code(\nuk_bin_collection/uk_bin_collection/collect_data.py:59: in client_code\n    return get_bin_data_class.template_method(address_url, **kwargs)\nuk_bin_collection/uk_bin_collection/get_bin_data.py:70: in template_method\n    bin_data_dict = self.parse_data(\nuk_bin_collection/uk_bin_collection/councils/NorthNorfolkDistrictCouncil.py:43: in parse_data\n    inputElement_postcode = driver.find_element(\n../../../.cache/pypoetry/virtualenvs/uk-bin-collection-EwS6Gn8s-py3.11/lib/python3.11/site-packages/selenium/webdriver/remote/webdriver.py:740: in find_element\n    return self.execute(Command.FIND_ELEMENT, {\"using\": by, \"value\": value})[\"value\"]\n../../../.cache/pypoetry/virtualenvs/uk-bin-collection-EwS6Gn8s-py3.11/lib/python3.11/site-packages/selenium/webdriver/remote/webdriver.py:346: in execute\n    self.error_handler.check_response(response)\n_ _ _ _ _ _ _ _ _ _ _ _ _ _ _ _ _ _ _ _ _ _ _ _ _ _ _ _ _ _ _ _ _ _ _ _ _ _ _ _ \n\nself = <selenium.webdriver.remote.errorhandler.ErrorHandler object at 0x7f92e1b19ed0>\nresponse = {'status': 404, 'value': '{\"value\":{\"error\":\"no such element\",\"message\":\"no such element: Unable to locate element: {\\...\\\\n#16 0x55f5d330dd68 \\\\u003Cunknown>\\\\n#17 0x55f5d331ccb3 \\\\u003Cunknown>\\\\n#18 0x7fe7ef659b43 \\\\u003Cunknown>\\\\n\"}}'}\n\n    def check_response(self, response: Dict[str, Any]) -> None:\n        \"\"\"Checks that a JSON response from the WebDriver does not have an\n        error.\n    \n        :Args:\n         - response - The JSON response from the WebDriver server as a dictionary\n           object.\n    \n        :Raises: If the response contains an error message.\n        \"\"\"\n        status = response.get(\"status\", None)\n        if not status or status == ErrorCode.SUCCESS:\n            return\n        value = None\n        message = response.get(\"message\", \"\")\n        screen: str = response.get(\"screen\", \"\")\n        stacktrace = None\n        if isinstance(status, int):\n            value_json = response.get(\"value\", None)\n            if value_json and isinstance(value_json, str):\n                import json\n    \n                try:\n                    value = json.loads(value_json)\n                    if len(value) == 1:\n                        value = value[\"value\"]\n                    status = value.get(\"error\", None)\n                    if not status:\n                        status = value.get(\"status\", ErrorCode.UNKNOWN_ERROR)\n                        message = value.get(\"value\") or value.get(\"message\")\n                        if not isinstance(message, str):\n                            value = message\n                            message = message.get(\"message\")\n                    else:\n                        message = value.get(\"message\", None)\n                except ValueError:\n                    pass\n    \n        exception_class: Type[WebDriverException]\n        if status in ErrorCode.NO_SUCH_ELEMENT:\n            exception_class = NoSuchElementException\n        elif status in ErrorCode.NO_SUCH_FRAME:\n            exception_class = NoSuchFrameException\n        elif status in ErrorCode.NO_SUCH_SHADOW_ROOT:\n            exception_class = NoSuchShadowRootException\n        elif status in ErrorCode.NO_SUCH_WINDOW:\n            exception_class = NoSuchWindowException\n        elif status in ErrorCode.STALE_ELEMENT_REFERENCE:\n            exception_class = StaleElementReferenceException\n        elif status in ErrorCode.ELEMENT_NOT_VISIBLE:\n            exception_class = ElementNotVisibleException\n        elif status in ErrorCode.INVALID_ELEMENT_STATE:\n            exception_class = InvalidElementStateException\n        elif (\n            status in ErrorCode.INVALID_SELECTOR\n            or status in ErrorCode.INVALID_XPATH_SELECTOR\n            or status in ErrorCode.INVALID_XPATH_SELECTOR_RETURN_TYPER\n        ):\n            exception_class = InvalidSelectorException\n        elif status in ErrorCode.ELEMENT_IS_NOT_SELECTABLE:\n            exception_class = ElementNotSelectableException\n        elif status in ErrorCode.ELEMENT_NOT_INTERACTABLE:\n            exception_class = ElementNotInteractableException\n        elif status in ErrorCode.INVALID_COOKIE_DOMAIN:\n            exception_class = InvalidCookieDomainException\n        elif status in ErrorCode.UNABLE_TO_SET_COOKIE:\n            exception_class = UnableToSetCookieException\n        elif status in ErrorCode.TIMEOUT:\n            exception_class = TimeoutException\n        elif status in ErrorCode.SCRIPT_TIMEOUT:\n            exception_class = TimeoutException\n        elif status in ErrorCode.UNKNOWN_ERROR:\n            exception_class = WebDriverException\n        elif status in ErrorCode.UNEXPECTED_ALERT_OPEN:\n            exception_class = UnexpectedAlertPresentException\n        elif status in ErrorCode.NO_ALERT_OPEN:\n            exception_class = NoAlertPresentException\n        elif status in ErrorCode.IME_NOT_AVAILABLE:\n            exception_class = ImeNotAvailableException\n        elif status in ErrorCode.IME_ENGINE_ACTIVATION_FAILED:\n            exception_class = ImeActivationFailedException\n        elif status in ErrorCode.MOVE_TARGET_OUT_OF_BOUNDS:\n            exception_class = MoveTargetOutOfBoundsException\n        elif status in ErrorCode.JAVASCRIPT_ERROR:\n            exception_class = JavascriptException\n        elif status in ErrorCode.SESSION_NOT_CREATED:\n            exception_class = SessionNotCreatedException\n        elif status in ErrorCode.INVALID_ARGUMENT:\n            exception_class = InvalidArgumentException\n        elif status in ErrorCode.NO_SUCH_COOKIE:\n            exception_class = NoSuchCookieException\n        elif status in ErrorCode.UNABLE_TO_CAPTURE_SCREEN:\n            exception_class = ScreenshotException\n        elif status in ErrorCode.ELEMENT_CLICK_INTERCEPTED:\n            exception_class = ElementClickInterceptedException\n        elif status in ErrorCode.INSECURE_CERTIFICATE:\n            exception_class = InsecureCertificateException\n        elif status in ErrorCode.INVALID_COORDINATES:\n            exception_class = InvalidCoordinatesException\n        elif status in ErrorCode.INVALID_SESSION_ID:\n            exception_class = InvalidSessionIdException\n        elif status in ErrorCode.UNKNOWN_METHOD:\n            exception_class = UnknownMethodException\n        else:\n            exception_class = WebDriverException\n        if not value:\n            value = response[\"value\"]\n        if isinstance(value, str):\n            raise exception_class(value)\n        if message == \"\" and \"message\" in value:\n            message = value[\"message\"]\n    \n        screen = None  # type: ignore[assignment]\n        if \"screen\" in value:\n            screen = value[\"screen\"]\n    \n        stacktrace = None\n        st_value = value.get(\"stackTrace\") or value.get(\"stacktrace\")\n        if st_value:\n            if isinstance(st_value, str):\n                stacktrace = st_value.split(\"\\n\")\n            else:\n                stacktrace = []\n                try:\n                    for frame in st_value:\n                        line = frame.get(\"lineNumber\", \"\")\n                        file = frame.get(\"fileName\", \"<anonymous>\")\n                        if line:\n                            file = f\"{file}:{line}\"\n                        meth = frame.get(\"methodName\", \"<anonymous>\")\n                        if \"className\" in frame:\n                            meth = f\"{frame['className']}.{meth}\"\n                        msg = \"    at %s (%s)\"\n                        msg = msg % (meth, file)\n                        stacktrace.append(msg)\n                except TypeError:\n                    pass\n        if exception_class == UnexpectedAlertPresentException:\n            alert_text = None\n            if \"data\" in value:\n                alert_text = value[\"data\"].get(\"text\")\n            elif \"alert\" in value:\n                alert_text = value[\"alert\"].get(\"text\")\n            raise exception_class(message, screen, stacktrace, alert_text)  # type: ignore[call-arg]  # mypy is not smart enough here\n>       raise exception_class(message, screen, stacktrace)\nE       selenium.common.exceptions.NoSuchElementException: Message: no such element: Unable to locate element: {\"method\":\"css selector\",\"selector\":\"[id=\"F_Address_subform:Postcode\"]\"}\nE         (Session info: headless chrome=116.0.5845.140); For documentation on this error, please visit: https://www.selenium.dev/documentation/webdriver/troubleshooting/errors#no-such-element-exception\nE       Stacktrace:\nE       #0 0x55f5d3323e23 <unknown>\nE       #1 0x55f5d304c7a7 <unknown>\nE       #2 0x55f5d308b1d3 <unknown>\nE       #3 0x55f5d308b2c1 <unknown>\nE       #4 0x55f5d30c6a04 <unknown>\nE       #5 0x55f5d30ac03d <unknown>\nE       #6 0x55f5d30c4369 <unknown>\nE       #7 0x55f5d30abde3 <unknown>\nE       #8 0x55f5d307fa7b <unknown>\nE       #9 0x55f5d308081e <unknown>\nE       #10 0x55f5d32e5638 <unknown>\nE       #11 0x55f5d32e9507 <unknown>\nE       #12 0x55f5d32f3c4c <unknown>\nE       #13 0x55f5d32ea136 <unknown>\nE       #14 0x55f5d32b89cf <unknown>\nE       #15 0x55f5d330db98 <unknown>\nE       #16 0x55f5d330dd68 <unknown>\nE       #17 0x55f5d331ccb3 <unknown>\nE       #18 0x7fe7ef659b43 <unknown>\n\n../../../.cache/pypoetry/virtualenvs/uk-bin-collection-EwS6Gn8s-py3.11/lib/python3.11/site-packages/selenium/webdriver/remote/errorhandler.py:245: NoSuchElementException","steps":[{"name":"Given the council: NorthNorfolkDistrictCouncil","time":{"start":1694365191414,"stop":1694365191414,"duration":0},"status":"passed","steps":[],"attachments":[],"parameters":[],"shouldDisplayMessage":false,"stepsCount":0,"attachmentsCount":0,"hasContent":false},{"name":"When we scrape the data from NorthNorfolkDistrictCouncil","time":{"start":1694365191414,"stop":1694365194366,"duration":2952},"status":"failed","statusMessage":"Message: no such element: Unable to locate element: {\"method\":\"css selector\",\"selector\":\"[id=\"F_Address_subform:Postcode\"]\"}\n  (Session info: headless chrome=116.0.5845.140); For documentation on this error, please visit: https://www.selenium.dev/documentation/webdriver/troubleshooting/errors#no-such-element-exception\nStacktrace:\n#0 0x55f5d3323e23 <unknown>\n#1 0x55f5d304c7a7 <unknown>\n#2 0x55f5d308b1d3 <unknown>\n#3 0x55f5d308b2c1 <unknown>\n#4 0x55f5d30c6a04 <unknown>\n#5 0x55f5d30ac03d <unknown>\n#6 0x55f5d30c4369 <unknown>\n#7 0x55f5d30abde3 <unknown>\n#8 0x55f5d307fa7b <unknown>\n#9 0x55f5d308081e <unknown>\n#10 0x55f5d32e5638 <unknown>\n#11 0x55f5d32e9507 <unknown>\n#12 0x55f5d32f3c4c <unknown>\n#13 0x55f5d32ea136 <unknown>\n#14 0x55f5d32b89cf <unknown>\n#15 0x55f5d330db98 <unknown>\n#16 0x55f5d330dd68 <unknown>\n#17 0x55f5d331ccb3 <unknown>\n#18 0x7fe7ef659b43 <unknown>\n","statusTrace":"selenium.common.exceptions.NoSuchElementException: Message: no such element: Unable to locate element: {\"method\":\"css selector\",\"selector\":\"[id=\"F_Address_subform:Postcode\"]\"}\n  (Session info: headless chrome=116.0.5845.140); For documentation on this error, please visit: https://www.selenium.dev/documentation/webdriver/troubleshooting/errors#no-such-element-exception\nStacktrace:\n#0 0x55f5d3323e23 <unknown>\n#1 0x55f5d304c7a7 <unknown>\n#2 0x55f5d308b1d3 <unknown>\n#3 0x55f5d308b2c1 <unknown>\n#4 0x55f5d30c6a04 <unknown>\n#5 0x55f5d30ac03d <unknown>\n#6 0x55f5d30c4369 <unknown>\n#7 0x55f5d30abde3 <unknown>\n#8 0x55f5d307fa7b <unknown>\n#9 0x55f5d308081e <unknown>\n#10 0x55f5d32e5638 <unknown>\n#11 0x55f5d32e9507 <unknown>\n#12 0x55f5d32f3c4c <unknown>\n#13 0x55f5d32ea136 <unknown>\n#14 0x55f5d32b89cf <unknown>\n#15 0x55f5d330db98 <unknown>\n#16 0x55f5d330dd68 <unknown>\n#17 0x55f5d331ccb3 <unknown>\n#18 0x7fe7ef659b43 <unknown>\n\n","steps":[],"attachments":[],"parameters":[],"shouldDisplayMessage":true,"stepsCount":0,"attachmentsCount":0,"hasContent":true}],"attachments":[],"parameters":[],"shouldDisplayMessage":true,"stepsCount":2,"attachmentsCount":0,"hasContent":true},"afterStages":[],"labels":[{"name":"host","value":"fv-az1107-271"},{"name":"thread","value":"2117-MainThread"},{"name":"framework","value":"pytest-bdd"},{"name":"language","value":"cpython3"},{"name":"feature","value":"Test each council output matches expected results in /outputs"},{"name":"resultFormat","value":"allure2"}],"parameters":[{"name":"council","value":"NorthNorfolkDistrictCouncil"}],"links":[],"hidden":false,"retry":false,"extra":{"severity":"normal","retries":[],"categories":[{"name":"Product defects","matchedStatuses":[],"flaky":false}],"history":{"statistic":{"failed":7,"broken":0,"skipped":0,"passed":60,"unknown":0,"total":67},"items":[{"uid":"5bb842498a63b9b0","reportUrl":"https://robbrad.github.io/UKBinCollectionData/3.11/899//#testresult/5bb842498a63b9b0","status":"passed","time":{"start":1694308684864,"stop":1694308690977,"duration":6113}},{"uid":"2fbaf1757ba16d3a","reportUrl":"https://robbrad.github.io/UKBinCollectionData/3.11/891//#testresult/2fbaf1757ba16d3a","status":"passed","time":{"start":1694240369784,"stop":1694240374621,"duration":4837}},{"uid":"6ff6aa29bf1e8356","reportUrl":"https://robbrad.github.io/UKBinCollectionData/3.11/890//#testresult/6ff6aa29bf1e8356","status":"passed","time":{"start":1694221954296,"stop":1694221960342,"duration":6046}},{"uid":"8193a8d8ac9aa0e3","reportUrl":"https://robbrad.github.io/UKBinCollectionData/3.11/889//#testresult/8193a8d8ac9aa0e3","status":"passed","time":{"start":1694135640503,"stop":1694135646683,"duration":6180}},{"uid":"7c093e46e9ffbba7","reportUrl":"https://robbrad.github.io/UKBinCollectionData/3.11/888//#testresult/7c093e46e9ffbba7","status":"passed","time":{"start":1694049241145,"stop":1694049249651,"duration":8506}},{"uid":"75bc3d7df6ed402f","reportUrl":"https://robbrad.github.io/UKBinCollectionData/3.11/887//#testresult/75bc3d7df6ed402f","status":"passed","time":{"start":1693962804001,"stop":1693962810114,"duration":6113}},{"uid":"3ac322c5b49060e2","reportUrl":"https://robbrad.github.io/UKBinCollectionData/3.11/885//#testresult/3ac322c5b49060e2","status":"passed","time":{"start":1693876348286,"stop":1693876353290,"duration":5004}},{"uid":"ed080dbd3658d91b","reportUrl":"https://robbrad.github.io/UKBinCollectionData/3.11/884//#testresult/ed080dbd3658d91b","status":"passed","time":{"start":1693790078718,"stop":1693790084637,"duration":5919}},{"uid":"15b9f3c0aad4c854","reportUrl":"https://robbrad.github.io/UKBinCollectionData/3.11/883//#testresult/15b9f3c0aad4c854","status":"passed","time":{"start":1693703840917,"stop":1693703848751,"duration":7834}},{"uid":"fe15a59a82975b7f","reportUrl":"https://robbrad.github.io/UKBinCollectionData/3.11/882//#testresult/fe15a59a82975b7f","status":"passed","time":{"start":1693617102046,"stop":1693617108212,"duration":6166}},{"uid":"f451550984e7182c","reportUrl":"https://robbrad.github.io/UKBinCollectionData/3.11/881//#testresult/f451550984e7182c","status":"passed","time":{"start":1693531116282,"stop":1693531121721,"duration":5439}},{"uid":"6b7ec0ad29b750ba","reportUrl":"https://robbrad.github.io/UKBinCollectionData/3.11/880//#testresult/6b7ec0ad29b750ba","status":"passed","time":{"start":1693444439863,"stop":1693444447234,"duration":7371}},{"uid":"397cc2c2b968cec8","reportUrl":"https://robbrad.github.io/UKBinCollectionData/3.11/879//#testresult/397cc2c2b968cec8","status":"passed","time":{"start":1693358015187,"stop":1693358021534,"duration":6347}},{"uid":"e97a73bf6b810c60","reportUrl":"https://robbrad.github.io/UKBinCollectionData/3.11/878//#testresult/e97a73bf6b810c60","status":"passed","time":{"start":1693271626275,"stop":1693271632163,"duration":5888}},{"uid":"7ab3ac2bbb1798f3","reportUrl":"https://robbrad.github.io/UKBinCollectionData/3.11/877//#testresult/7ab3ac2bbb1798f3","status":"passed","time":{"start":1693185271188,"stop":1693185277104,"duration":5916}},{"uid":"acfb1e683f13c477","reportUrl":"https://robbrad.github.io/UKBinCollectionData/3.11/876//#testresult/acfb1e683f13c477","status":"passed","time":{"start":1693099027784,"stop":1693099033708,"duration":5924}},{"uid":"f39d952aa27a1245","reportUrl":"https://robbrad.github.io/UKBinCollectionData/3.11/875//#testresult/f39d952aa27a1245","status":"passed","time":{"start":1693012289559,"stop":1693012295788,"duration":6229}},{"uid":"3eefdf2ac718c06","reportUrl":"https://robbrad.github.io/UKBinCollectionData/3.11/874//#testresult/3eefdf2ac718c06","status":"passed","time":{"start":1692926010577,"stop":1692926017826,"duration":7249}},{"uid":"dbe3a6ab987e833d","reportUrl":"https://robbrad.github.io/UKBinCollectionData/3.11/873//#testresult/dbe3a6ab987e833d","status":"passed","time":{"start":1692839551039,"stop":1692839559446,"duration":8407}},{"uid":"979a2a1ae1b8db9d","reportUrl":"https://robbrad.github.io/UKBinCollectionData/3.11/871//#testresult/979a2a1ae1b8db9d","status":"passed","time":{"start":1692753120376,"stop":1692753127141,"duration":6765}}]},"tags":[]},"source":"ecf83f9aed585732.json","parameterValues":["NorthNorfolkDistrictCouncil"]}