{"uid":"ca4a24845a722a92","name":"Validate Council Output [NorthNorfolkDistrictCouncil]","fullName":"features/validate_council_outputs.feature:Validate Council Output","historyId":"6712f2e3b136c8030bb4071a5deccc97","time":{"start":1694365216840,"stop":1694365220592,"duration":3752},"status":"failed","statusMessage":"selenium.common.exceptions.NoSuchElementException: Message: no such element: Unable to locate element: {\"method\":\"css selector\",\"selector\":\"[id=\"F_Address_subform:Postcode\"]\"}\n  (Session info: headless chrome=116.0.5845.140); For documentation on this error, please visit: https://www.selenium.dev/documentation/webdriver/troubleshooting/errors#no-such-element-exception\nStacktrace:\n#0 0x564e9dc04e23 <unknown>\n#1 0x564e9d92d7a7 <unknown>\n#2 0x564e9d96c1d3 <unknown>\n#3 0x564e9d96c2c1 <unknown>\n#4 0x564e9d9a7a04 <unknown>\n#5 0x564e9d98d03d <unknown>\n#6 0x564e9d9a5369 <unknown>\n#7 0x564e9d98cde3 <unknown>\n#8 0x564e9d960a7b <unknown>\n#9 0x564e9d96181e <unknown>\n#10 0x564e9dbc6638 <unknown>\n#11 0x564e9dbca507 <unknown>\n#12 0x564e9dbd4c4c <unknown>\n#13 0x564e9dbcb136 <unknown>\n#14 0x564e9db999cf <unknown>\n#15 0x564e9dbeeb98 <unknown>\n#16 0x564e9dbeed68 <unknown>\n#17 0x564e9dbfdcb3 <unknown>\n#18 0x7fb4a2fbfb43 <unknown>","statusTrace":"request = <FixtureRequest for <Function test_scenario_outline[NorthNorfolkDistrictCouncil]>>\n_pytest_bdd_example = {'council': 'NorthNorfolkDistrictCouncil'}\n\n    @pytest.mark.usefixtures(*func_args)\n    def scenario_wrapper(request: FixtureRequest, _pytest_bdd_example: dict[str, str]) -> Any:\n        scenario = templated_scenario.render(_pytest_bdd_example)\n>       _execute_scenario(feature, scenario, request)\n\n../../../.cache/pypoetry/virtualenvs/uk-bin-collection-EwS6Gn8s-py3.10/lib/python3.10/site-packages/pytest_bdd/scenario.py:187: \n_ _ _ _ _ _ _ _ _ _ _ _ _ _ _ _ _ _ _ _ _ _ _ _ _ _ _ _ _ _ _ _ _ _ _ _ _ _ _ _ \n../../../.cache/pypoetry/virtualenvs/uk-bin-collection-EwS6Gn8s-py3.10/lib/python3.10/site-packages/pytest_bdd/scenario.py:157: in _execute_scenario\n    _execute_step_function(request, scenario, step, step_func)\n../../../.cache/pypoetry/virtualenvs/uk-bin-collection-EwS6Gn8s-py3.10/lib/python3.10/site-packages/pytest_bdd/scenario.py:127: in _execute_step_function\n    return_value = call_fixture_func(fixturefunc=step_func, request=request, kwargs=kwargs)\n../../../.cache/pypoetry/virtualenvs/uk-bin-collection-EwS6Gn8s-py3.10/lib/python3.10/site-packages/_pytest/fixtures.py:902: in call_fixture_func\n    fixture_result = fixturefunc(**kwargs)\nuk_bin_collection/tests/step_defs/test_validate_council.py:62: in scrape_step\n    raise (err)\nuk_bin_collection/tests/step_defs/test_validate_council.py:58: in scrape_step\n    context.parse_result = CollectData.run()\nuk_bin_collection/uk_bin_collection/collect_data.py:71: in run\n    return self.client_code(\nuk_bin_collection/uk_bin_collection/collect_data.py:59: in client_code\n    return get_bin_data_class.template_method(address_url, **kwargs)\nuk_bin_collection/uk_bin_collection/get_bin_data.py:70: in template_method\n    bin_data_dict = self.parse_data(\nuk_bin_collection/uk_bin_collection/councils/NorthNorfolkDistrictCouncil.py:43: in parse_data\n    inputElement_postcode = driver.find_element(\n../../../.cache/pypoetry/virtualenvs/uk-bin-collection-EwS6Gn8s-py3.10/lib/python3.10/site-packages/selenium/webdriver/remote/webdriver.py:740: in find_element\n    return self.execute(Command.FIND_ELEMENT, {\"using\": by, \"value\": value})[\"value\"]\n../../../.cache/pypoetry/virtualenvs/uk-bin-collection-EwS6Gn8s-py3.10/lib/python3.10/site-packages/selenium/webdriver/remote/webdriver.py:346: in execute\n    self.error_handler.check_response(response)\n_ _ _ _ _ _ _ _ _ _ _ _ _ _ _ _ _ _ _ _ _ _ _ _ _ _ _ _ _ _ _ _ _ _ _ _ _ _ _ _ \n\nself = <selenium.webdriver.remote.errorhandler.ErrorHandler object at 0x7f664ad81570>\nresponse = {'status': 404, 'value': '{\"value\":{\"error\":\"no such element\",\"message\":\"no such element: Unable to locate element: {\\...\\\\n#16 0x564e9dbeed68 \\\\u003Cunknown>\\\\n#17 0x564e9dbfdcb3 \\\\u003Cunknown>\\\\n#18 0x7fb4a2fbfb43 \\\\u003Cunknown>\\\\n\"}}'}\n\n    def check_response(self, response: Dict[str, Any]) -> None:\n        \"\"\"Checks that a JSON response from the WebDriver does not have an\n        error.\n    \n        :Args:\n         - response - The JSON response from the WebDriver server as a dictionary\n           object.\n    \n        :Raises: If the response contains an error message.\n        \"\"\"\n        status = response.get(\"status\", None)\n        if not status or status == ErrorCode.SUCCESS:\n            return\n        value = None\n        message = response.get(\"message\", \"\")\n        screen: str = response.get(\"screen\", \"\")\n        stacktrace = None\n        if isinstance(status, int):\n            value_json = response.get(\"value\", None)\n            if value_json and isinstance(value_json, str):\n                import json\n    \n                try:\n                    value = json.loads(value_json)\n                    if len(value) == 1:\n                        value = value[\"value\"]\n                    status = value.get(\"error\", None)\n                    if not status:\n                        status = value.get(\"status\", ErrorCode.UNKNOWN_ERROR)\n                        message = value.get(\"value\") or value.get(\"message\")\n                        if not isinstance(message, str):\n                            value = message\n                            message = message.get(\"message\")\n                    else:\n                        message = value.get(\"message\", None)\n                except ValueError:\n                    pass\n    \n        exception_class: Type[WebDriverException]\n        if status in ErrorCode.NO_SUCH_ELEMENT:\n            exception_class = NoSuchElementException\n        elif status in ErrorCode.NO_SUCH_FRAME:\n            exception_class = NoSuchFrameException\n        elif status in ErrorCode.NO_SUCH_SHADOW_ROOT:\n            exception_class = NoSuchShadowRootException\n        elif status in ErrorCode.NO_SUCH_WINDOW:\n            exception_class = NoSuchWindowException\n        elif status in ErrorCode.STALE_ELEMENT_REFERENCE:\n            exception_class = StaleElementReferenceException\n        elif status in ErrorCode.ELEMENT_NOT_VISIBLE:\n            exception_class = ElementNotVisibleException\n        elif status in ErrorCode.INVALID_ELEMENT_STATE:\n            exception_class = InvalidElementStateException\n        elif (\n            status in ErrorCode.INVALID_SELECTOR\n            or status in ErrorCode.INVALID_XPATH_SELECTOR\n            or status in ErrorCode.INVALID_XPATH_SELECTOR_RETURN_TYPER\n        ):\n            exception_class = InvalidSelectorException\n        elif status in ErrorCode.ELEMENT_IS_NOT_SELECTABLE:\n            exception_class = ElementNotSelectableException\n        elif status in ErrorCode.ELEMENT_NOT_INTERACTABLE:\n            exception_class = ElementNotInteractableException\n        elif status in ErrorCode.INVALID_COOKIE_DOMAIN:\n            exception_class = InvalidCookieDomainException\n        elif status in ErrorCode.UNABLE_TO_SET_COOKIE:\n            exception_class = UnableToSetCookieException\n        elif status in ErrorCode.TIMEOUT:\n            exception_class = TimeoutException\n        elif status in ErrorCode.SCRIPT_TIMEOUT:\n            exception_class = TimeoutException\n        elif status in ErrorCode.UNKNOWN_ERROR:\n            exception_class = WebDriverException\n        elif status in ErrorCode.UNEXPECTED_ALERT_OPEN:\n            exception_class = UnexpectedAlertPresentException\n        elif status in ErrorCode.NO_ALERT_OPEN:\n            exception_class = NoAlertPresentException\n        elif status in ErrorCode.IME_NOT_AVAILABLE:\n            exception_class = ImeNotAvailableException\n        elif status in ErrorCode.IME_ENGINE_ACTIVATION_FAILED:\n            exception_class = ImeActivationFailedException\n        elif status in ErrorCode.MOVE_TARGET_OUT_OF_BOUNDS:\n            exception_class = MoveTargetOutOfBoundsException\n        elif status in ErrorCode.JAVASCRIPT_ERROR:\n            exception_class = JavascriptException\n        elif status in ErrorCode.SESSION_NOT_CREATED:\n            exception_class = SessionNotCreatedException\n        elif status in ErrorCode.INVALID_ARGUMENT:\n            exception_class = InvalidArgumentException\n        elif status in ErrorCode.NO_SUCH_COOKIE:\n            exception_class = NoSuchCookieException\n        elif status in ErrorCode.UNABLE_TO_CAPTURE_SCREEN:\n            exception_class = ScreenshotException\n        elif status in ErrorCode.ELEMENT_CLICK_INTERCEPTED:\n            exception_class = ElementClickInterceptedException\n        elif status in ErrorCode.INSECURE_CERTIFICATE:\n            exception_class = InsecureCertificateException\n        elif status in ErrorCode.INVALID_COORDINATES:\n            exception_class = InvalidCoordinatesException\n        elif status in ErrorCode.INVALID_SESSION_ID:\n            exception_class = InvalidSessionIdException\n        elif status in ErrorCode.UNKNOWN_METHOD:\n            exception_class = UnknownMethodException\n        else:\n            exception_class = WebDriverException\n        if not value:\n            value = response[\"value\"]\n        if isinstance(value, str):\n            raise exception_class(value)\n        if message == \"\" and \"message\" in value:\n            message = value[\"message\"]\n    \n        screen = None  # type: ignore[assignment]\n        if \"screen\" in value:\n            screen = value[\"screen\"]\n    \n        stacktrace = None\n        st_value = value.get(\"stackTrace\") or value.get(\"stacktrace\")\n        if st_value:\n            if isinstance(st_value, str):\n                stacktrace = st_value.split(\"\\n\")\n            else:\n                stacktrace = []\n                try:\n                    for frame in st_value:\n                        line = frame.get(\"lineNumber\", \"\")\n                        file = frame.get(\"fileName\", \"<anonymous>\")\n                        if line:\n                            file = f\"{file}:{line}\"\n                        meth = frame.get(\"methodName\", \"<anonymous>\")\n                        if \"className\" in frame:\n                            meth = f\"{frame['className']}.{meth}\"\n                        msg = \"    at %s (%s)\"\n                        msg = msg % (meth, file)\n                        stacktrace.append(msg)\n                except TypeError:\n                    pass\n        if exception_class == UnexpectedAlertPresentException:\n            alert_text = None\n            if \"data\" in value:\n                alert_text = value[\"data\"].get(\"text\")\n            elif \"alert\" in value:\n                alert_text = value[\"alert\"].get(\"text\")\n            raise exception_class(message, screen, stacktrace, alert_text)  # type: ignore[call-arg]  # mypy is not smart enough here\n>       raise exception_class(message, screen, stacktrace)\nE       selenium.common.exceptions.NoSuchElementException: Message: no such element: Unable to locate element: {\"method\":\"css selector\",\"selector\":\"[id=\"F_Address_subform:Postcode\"]\"}\nE         (Session info: headless chrome=116.0.5845.140); For documentation on this error, please visit: https://www.selenium.dev/documentation/webdriver/troubleshooting/errors#no-such-element-exception\nE       Stacktrace:\nE       #0 0x564e9dc04e23 <unknown>\nE       #1 0x564e9d92d7a7 <unknown>\nE       #2 0x564e9d96c1d3 <unknown>\nE       #3 0x564e9d96c2c1 <unknown>\nE       #4 0x564e9d9a7a04 <unknown>\nE       #5 0x564e9d98d03d <unknown>\nE       #6 0x564e9d9a5369 <unknown>\nE       #7 0x564e9d98cde3 <unknown>\nE       #8 0x564e9d960a7b <unknown>\nE       #9 0x564e9d96181e <unknown>\nE       #10 0x564e9dbc6638 <unknown>\nE       #11 0x564e9dbca507 <unknown>\nE       #12 0x564e9dbd4c4c <unknown>\nE       #13 0x564e9dbcb136 <unknown>\nE       #14 0x564e9db999cf <unknown>\nE       #15 0x564e9dbeeb98 <unknown>\nE       #16 0x564e9dbeed68 <unknown>\nE       #17 0x564e9dbfdcb3 <unknown>\nE       #18 0x7fb4a2fbfb43 <unknown>\n\n../../../.cache/pypoetry/virtualenvs/uk-bin-collection-EwS6Gn8s-py3.10/lib/python3.10/site-packages/selenium/webdriver/remote/errorhandler.py:245: NoSuchElementException","flaky":false,"newFailed":true,"newBroken":false,"newPassed":false,"retriesCount":0,"retriesStatusChange":false,"beforeStages":[],"testStage":{"status":"failed","statusMessage":"selenium.common.exceptions.NoSuchElementException: Message: no such element: Unable to locate element: {\"method\":\"css selector\",\"selector\":\"[id=\"F_Address_subform:Postcode\"]\"}\n  (Session info: headless chrome=116.0.5845.140); For documentation on this error, please visit: https://www.selenium.dev/documentation/webdriver/troubleshooting/errors#no-such-element-exception\nStacktrace:\n#0 0x564e9dc04e23 <unknown>\n#1 0x564e9d92d7a7 <unknown>\n#2 0x564e9d96c1d3 <unknown>\n#3 0x564e9d96c2c1 <unknown>\n#4 0x564e9d9a7a04 <unknown>\n#5 0x564e9d98d03d <unknown>\n#6 0x564e9d9a5369 <unknown>\n#7 0x564e9d98cde3 <unknown>\n#8 0x564e9d960a7b <unknown>\n#9 0x564e9d96181e <unknown>\n#10 0x564e9dbc6638 <unknown>\n#11 0x564e9dbca507 <unknown>\n#12 0x564e9dbd4c4c <unknown>\n#13 0x564e9dbcb136 <unknown>\n#14 0x564e9db999cf <unknown>\n#15 0x564e9dbeeb98 <unknown>\n#16 0x564e9dbeed68 <unknown>\n#17 0x564e9dbfdcb3 <unknown>\n#18 0x7fb4a2fbfb43 <unknown>","statusTrace":"request = <FixtureRequest for <Function test_scenario_outline[NorthNorfolkDistrictCouncil]>>\n_pytest_bdd_example = {'council': 'NorthNorfolkDistrictCouncil'}\n\n    @pytest.mark.usefixtures(*func_args)\n    def scenario_wrapper(request: FixtureRequest, _pytest_bdd_example: dict[str, str]) -> Any:\n        scenario = templated_scenario.render(_pytest_bdd_example)\n>       _execute_scenario(feature, scenario, request)\n\n../../../.cache/pypoetry/virtualenvs/uk-bin-collection-EwS6Gn8s-py3.10/lib/python3.10/site-packages/pytest_bdd/scenario.py:187: \n_ _ _ _ _ _ _ _ _ _ _ _ _ _ _ _ _ _ _ _ _ _ _ _ _ _ _ _ _ _ _ _ _ _ _ _ _ _ _ _ \n../../../.cache/pypoetry/virtualenvs/uk-bin-collection-EwS6Gn8s-py3.10/lib/python3.10/site-packages/pytest_bdd/scenario.py:157: in _execute_scenario\n    _execute_step_function(request, scenario, step, step_func)\n../../../.cache/pypoetry/virtualenvs/uk-bin-collection-EwS6Gn8s-py3.10/lib/python3.10/site-packages/pytest_bdd/scenario.py:127: in _execute_step_function\n    return_value = call_fixture_func(fixturefunc=step_func, request=request, kwargs=kwargs)\n../../../.cache/pypoetry/virtualenvs/uk-bin-collection-EwS6Gn8s-py3.10/lib/python3.10/site-packages/_pytest/fixtures.py:902: in call_fixture_func\n    fixture_result = fixturefunc(**kwargs)\nuk_bin_collection/tests/step_defs/test_validate_council.py:62: in scrape_step\n    raise (err)\nuk_bin_collection/tests/step_defs/test_validate_council.py:58: in scrape_step\n    context.parse_result = CollectData.run()\nuk_bin_collection/uk_bin_collection/collect_data.py:71: in run\n    return self.client_code(\nuk_bin_collection/uk_bin_collection/collect_data.py:59: in client_code\n    return get_bin_data_class.template_method(address_url, **kwargs)\nuk_bin_collection/uk_bin_collection/get_bin_data.py:70: in template_method\n    bin_data_dict = self.parse_data(\nuk_bin_collection/uk_bin_collection/councils/NorthNorfolkDistrictCouncil.py:43: in parse_data\n    inputElement_postcode = driver.find_element(\n../../../.cache/pypoetry/virtualenvs/uk-bin-collection-EwS6Gn8s-py3.10/lib/python3.10/site-packages/selenium/webdriver/remote/webdriver.py:740: in find_element\n    return self.execute(Command.FIND_ELEMENT, {\"using\": by, \"value\": value})[\"value\"]\n../../../.cache/pypoetry/virtualenvs/uk-bin-collection-EwS6Gn8s-py3.10/lib/python3.10/site-packages/selenium/webdriver/remote/webdriver.py:346: in execute\n    self.error_handler.check_response(response)\n_ _ _ _ _ _ _ _ _ _ _ _ _ _ _ _ _ _ _ _ _ _ _ _ _ _ _ _ _ _ _ _ _ _ _ _ _ _ _ _ \n\nself = <selenium.webdriver.remote.errorhandler.ErrorHandler object at 0x7f664ad81570>\nresponse = {'status': 404, 'value': '{\"value\":{\"error\":\"no such element\",\"message\":\"no such element: Unable to locate element: {\\...\\\\n#16 0x564e9dbeed68 \\\\u003Cunknown>\\\\n#17 0x564e9dbfdcb3 \\\\u003Cunknown>\\\\n#18 0x7fb4a2fbfb43 \\\\u003Cunknown>\\\\n\"}}'}\n\n    def check_response(self, response: Dict[str, Any]) -> None:\n        \"\"\"Checks that a JSON response from the WebDriver does not have an\n        error.\n    \n        :Args:\n         - response - The JSON response from the WebDriver server as a dictionary\n           object.\n    \n        :Raises: If the response contains an error message.\n        \"\"\"\n        status = response.get(\"status\", None)\n        if not status or status == ErrorCode.SUCCESS:\n            return\n        value = None\n        message = response.get(\"message\", \"\")\n        screen: str = response.get(\"screen\", \"\")\n        stacktrace = None\n        if isinstance(status, int):\n            value_json = response.get(\"value\", None)\n            if value_json and isinstance(value_json, str):\n                import json\n    \n                try:\n                    value = json.loads(value_json)\n                    if len(value) == 1:\n                        value = value[\"value\"]\n                    status = value.get(\"error\", None)\n                    if not status:\n                        status = value.get(\"status\", ErrorCode.UNKNOWN_ERROR)\n                        message = value.get(\"value\") or value.get(\"message\")\n                        if not isinstance(message, str):\n                            value = message\n                            message = message.get(\"message\")\n                    else:\n                        message = value.get(\"message\", None)\n                except ValueError:\n                    pass\n    \n        exception_class: Type[WebDriverException]\n        if status in ErrorCode.NO_SUCH_ELEMENT:\n            exception_class = NoSuchElementException\n        elif status in ErrorCode.NO_SUCH_FRAME:\n            exception_class = NoSuchFrameException\n        elif status in ErrorCode.NO_SUCH_SHADOW_ROOT:\n            exception_class = NoSuchShadowRootException\n        elif status in ErrorCode.NO_SUCH_WINDOW:\n            exception_class = NoSuchWindowException\n        elif status in ErrorCode.STALE_ELEMENT_REFERENCE:\n            exception_class = StaleElementReferenceException\n        elif status in ErrorCode.ELEMENT_NOT_VISIBLE:\n            exception_class = ElementNotVisibleException\n        elif status in ErrorCode.INVALID_ELEMENT_STATE:\n            exception_class = InvalidElementStateException\n        elif (\n            status in ErrorCode.INVALID_SELECTOR\n            or status in ErrorCode.INVALID_XPATH_SELECTOR\n            or status in ErrorCode.INVALID_XPATH_SELECTOR_RETURN_TYPER\n        ):\n            exception_class = InvalidSelectorException\n        elif status in ErrorCode.ELEMENT_IS_NOT_SELECTABLE:\n            exception_class = ElementNotSelectableException\n        elif status in ErrorCode.ELEMENT_NOT_INTERACTABLE:\n            exception_class = ElementNotInteractableException\n        elif status in ErrorCode.INVALID_COOKIE_DOMAIN:\n            exception_class = InvalidCookieDomainException\n        elif status in ErrorCode.UNABLE_TO_SET_COOKIE:\n            exception_class = UnableToSetCookieException\n        elif status in ErrorCode.TIMEOUT:\n            exception_class = TimeoutException\n        elif status in ErrorCode.SCRIPT_TIMEOUT:\n            exception_class = TimeoutException\n        elif status in ErrorCode.UNKNOWN_ERROR:\n            exception_class = WebDriverException\n        elif status in ErrorCode.UNEXPECTED_ALERT_OPEN:\n            exception_class = UnexpectedAlertPresentException\n        elif status in ErrorCode.NO_ALERT_OPEN:\n            exception_class = NoAlertPresentException\n        elif status in ErrorCode.IME_NOT_AVAILABLE:\n            exception_class = ImeNotAvailableException\n        elif status in ErrorCode.IME_ENGINE_ACTIVATION_FAILED:\n            exception_class = ImeActivationFailedException\n        elif status in ErrorCode.MOVE_TARGET_OUT_OF_BOUNDS:\n            exception_class = MoveTargetOutOfBoundsException\n        elif status in ErrorCode.JAVASCRIPT_ERROR:\n            exception_class = JavascriptException\n        elif status in ErrorCode.SESSION_NOT_CREATED:\n            exception_class = SessionNotCreatedException\n        elif status in ErrorCode.INVALID_ARGUMENT:\n            exception_class = InvalidArgumentException\n        elif status in ErrorCode.NO_SUCH_COOKIE:\n            exception_class = NoSuchCookieException\n        elif status in ErrorCode.UNABLE_TO_CAPTURE_SCREEN:\n            exception_class = ScreenshotException\n        elif status in ErrorCode.ELEMENT_CLICK_INTERCEPTED:\n            exception_class = ElementClickInterceptedException\n        elif status in ErrorCode.INSECURE_CERTIFICATE:\n            exception_class = InsecureCertificateException\n        elif status in ErrorCode.INVALID_COORDINATES:\n            exception_class = InvalidCoordinatesException\n        elif status in ErrorCode.INVALID_SESSION_ID:\n            exception_class = InvalidSessionIdException\n        elif status in ErrorCode.UNKNOWN_METHOD:\n            exception_class = UnknownMethodException\n        else:\n            exception_class = WebDriverException\n        if not value:\n            value = response[\"value\"]\n        if isinstance(value, str):\n            raise exception_class(value)\n        if message == \"\" and \"message\" in value:\n            message = value[\"message\"]\n    \n        screen = None  # type: ignore[assignment]\n        if \"screen\" in value:\n            screen = value[\"screen\"]\n    \n        stacktrace = None\n        st_value = value.get(\"stackTrace\") or value.get(\"stacktrace\")\n        if st_value:\n            if isinstance(st_value, str):\n                stacktrace = st_value.split(\"\\n\")\n            else:\n                stacktrace = []\n                try:\n                    for frame in st_value:\n                        line = frame.get(\"lineNumber\", \"\")\n                        file = frame.get(\"fileName\", \"<anonymous>\")\n                        if line:\n                            file = f\"{file}:{line}\"\n                        meth = frame.get(\"methodName\", \"<anonymous>\")\n                        if \"className\" in frame:\n                            meth = f\"{frame['className']}.{meth}\"\n                        msg = \"    at %s (%s)\"\n                        msg = msg % (meth, file)\n                        stacktrace.append(msg)\n                except TypeError:\n                    pass\n        if exception_class == UnexpectedAlertPresentException:\n            alert_text = None\n            if \"data\" in value:\n                alert_text = value[\"data\"].get(\"text\")\n            elif \"alert\" in value:\n                alert_text = value[\"alert\"].get(\"text\")\n            raise exception_class(message, screen, stacktrace, alert_text)  # type: ignore[call-arg]  # mypy is not smart enough here\n>       raise exception_class(message, screen, stacktrace)\nE       selenium.common.exceptions.NoSuchElementException: Message: no such element: Unable to locate element: {\"method\":\"css selector\",\"selector\":\"[id=\"F_Address_subform:Postcode\"]\"}\nE         (Session info: headless chrome=116.0.5845.140); For documentation on this error, please visit: https://www.selenium.dev/documentation/webdriver/troubleshooting/errors#no-such-element-exception\nE       Stacktrace:\nE       #0 0x564e9dc04e23 <unknown>\nE       #1 0x564e9d92d7a7 <unknown>\nE       #2 0x564e9d96c1d3 <unknown>\nE       #3 0x564e9d96c2c1 <unknown>\nE       #4 0x564e9d9a7a04 <unknown>\nE       #5 0x564e9d98d03d <unknown>\nE       #6 0x564e9d9a5369 <unknown>\nE       #7 0x564e9d98cde3 <unknown>\nE       #8 0x564e9d960a7b <unknown>\nE       #9 0x564e9d96181e <unknown>\nE       #10 0x564e9dbc6638 <unknown>\nE       #11 0x564e9dbca507 <unknown>\nE       #12 0x564e9dbd4c4c <unknown>\nE       #13 0x564e9dbcb136 <unknown>\nE       #14 0x564e9db999cf <unknown>\nE       #15 0x564e9dbeeb98 <unknown>\nE       #16 0x564e9dbeed68 <unknown>\nE       #17 0x564e9dbfdcb3 <unknown>\nE       #18 0x7fb4a2fbfb43 <unknown>\n\n../../../.cache/pypoetry/virtualenvs/uk-bin-collection-EwS6Gn8s-py3.10/lib/python3.10/site-packages/selenium/webdriver/remote/errorhandler.py:245: NoSuchElementException","steps":[{"name":"Given the council: NorthNorfolkDistrictCouncil","time":{"start":1694365216840,"stop":1694365216841,"duration":1},"status":"passed","steps":[],"attachments":[],"parameters":[],"shouldDisplayMessage":false,"stepsCount":0,"attachmentsCount":0,"hasContent":false},{"name":"When we scrape the data from NorthNorfolkDistrictCouncil","time":{"start":1694365216841,"stop":1694365220592,"duration":3751},"status":"failed","statusMessage":"Message: no such element: Unable to locate element: {\"method\":\"css selector\",\"selector\":\"[id=\"F_Address_subform:Postcode\"]\"}\n  (Session info: headless chrome=116.0.5845.140); For documentation on this error, please visit: https://www.selenium.dev/documentation/webdriver/troubleshooting/errors#no-such-element-exception\nStacktrace:\n#0 0x564e9dc04e23 <unknown>\n#1 0x564e9d92d7a7 <unknown>\n#2 0x564e9d96c1d3 <unknown>\n#3 0x564e9d96c2c1 <unknown>\n#4 0x564e9d9a7a04 <unknown>\n#5 0x564e9d98d03d <unknown>\n#6 0x564e9d9a5369 <unknown>\n#7 0x564e9d98cde3 <unknown>\n#8 0x564e9d960a7b <unknown>\n#9 0x564e9d96181e <unknown>\n#10 0x564e9dbc6638 <unknown>\n#11 0x564e9dbca507 <unknown>\n#12 0x564e9dbd4c4c <unknown>\n#13 0x564e9dbcb136 <unknown>\n#14 0x564e9db999cf <unknown>\n#15 0x564e9dbeeb98 <unknown>\n#16 0x564e9dbeed68 <unknown>\n#17 0x564e9dbfdcb3 <unknown>\n#18 0x7fb4a2fbfb43 <unknown>\n","statusTrace":"selenium.common.exceptions.NoSuchElementException: Message: no such element: Unable to locate element: {\"method\":\"css selector\",\"selector\":\"[id=\"F_Address_subform:Postcode\"]\"}\n  (Session info: headless chrome=116.0.5845.140); For documentation on this error, please visit: https://www.selenium.dev/documentation/webdriver/troubleshooting/errors#no-such-element-exception\nStacktrace:\n#0 0x564e9dc04e23 <unknown>\n#1 0x564e9d92d7a7 <unknown>\n#2 0x564e9d96c1d3 <unknown>\n#3 0x564e9d96c2c1 <unknown>\n#4 0x564e9d9a7a04 <unknown>\n#5 0x564e9d98d03d <unknown>\n#6 0x564e9d9a5369 <unknown>\n#7 0x564e9d98cde3 <unknown>\n#8 0x564e9d960a7b <unknown>\n#9 0x564e9d96181e <unknown>\n#10 0x564e9dbc6638 <unknown>\n#11 0x564e9dbca507 <unknown>\n#12 0x564e9dbd4c4c <unknown>\n#13 0x564e9dbcb136 <unknown>\n#14 0x564e9db999cf <unknown>\n#15 0x564e9dbeeb98 <unknown>\n#16 0x564e9dbeed68 <unknown>\n#17 0x564e9dbfdcb3 <unknown>\n#18 0x7fb4a2fbfb43 <unknown>\n\n","steps":[],"attachments":[],"parameters":[],"shouldDisplayMessage":true,"stepsCount":0,"attachmentsCount":0,"hasContent":true}],"attachments":[],"parameters":[],"shouldDisplayMessage":true,"stepsCount":2,"attachmentsCount":0,"hasContent":true},"afterStages":[],"labels":[{"name":"host","value":"fv-az951-569"},{"name":"thread","value":"2120-MainThread"},{"name":"framework","value":"pytest-bdd"},{"name":"language","value":"cpython3"},{"name":"feature","value":"Test each council output matches expected results in /outputs"},{"name":"resultFormat","value":"allure2"}],"parameters":[{"name":"council","value":"NorthNorfolkDistrictCouncil"}],"links":[],"hidden":false,"retry":false,"extra":{"severity":"normal","retries":[],"categories":[{"name":"Product defects","matchedStatuses":[],"flaky":false}],"history":{"statistic":{"failed":7,"broken":0,"skipped":0,"passed":56,"unknown":0,"total":63},"items":[{"uid":"dc7c460e45800fbb","reportUrl":"https://robbrad.github.io/UKBinCollectionData/3.10/899//#testresult/dc7c460e45800fbb","status":"passed","time":{"start":1694308684239,"stop":1694308690656,"duration":6417}},{"uid":"c3f5483b6085726e","reportUrl":"https://robbrad.github.io/UKBinCollectionData/3.10/891//#testresult/c3f5483b6085726e","status":"passed","time":{"start":1694240370969,"stop":1694240377095,"duration":6126}},{"uid":"4eef826e26201c98","reportUrl":"https://robbrad.github.io/UKBinCollectionData/3.10/890//#testresult/4eef826e26201c98","status":"passed","time":{"start":1694221928210,"stop":1694221934210,"duration":6000}},{"uid":"9428e35e09bf0f3","reportUrl":"https://robbrad.github.io/UKBinCollectionData/3.10/889//#testresult/9428e35e09bf0f3","status":"passed","time":{"start":1694135642461,"stop":1694135650373,"duration":7912}},{"uid":"bb35930aae5eb2fc","reportUrl":"https://robbrad.github.io/UKBinCollectionData/3.10/888//#testresult/bb35930aae5eb2fc","status":"passed","time":{"start":1694049240790,"stop":1694049248035,"duration":7245}},{"uid":"b12cc4b3333569b6","reportUrl":"https://robbrad.github.io/UKBinCollectionData/3.10/887//#testresult/b12cc4b3333569b6","status":"passed","time":{"start":1693962805491,"stop":1693962811192,"duration":5701}},{"uid":"8460b8b55a007fa0","reportUrl":"https://robbrad.github.io/UKBinCollectionData/3.10/885//#testresult/8460b8b55a007fa0","status":"passed","time":{"start":1693876349865,"stop":1693876358270,"duration":8405}},{"uid":"f0f94a2d722bd521","reportUrl":"https://robbrad.github.io/UKBinCollectionData/3.10/884//#testresult/f0f94a2d722bd521","status":"passed","time":{"start":1693790097177,"stop":1693790104317,"duration":7140}},{"uid":"3786649deaa67b18","reportUrl":"https://robbrad.github.io/UKBinCollectionData/3.10/883//#testresult/3786649deaa67b18","status":"passed","time":{"start":1693703841192,"stop":1693703848902,"duration":7710}},{"uid":"f138633d8850c902","reportUrl":"https://robbrad.github.io/UKBinCollectionData/3.10/882//#testresult/f138633d8850c902","status":"passed","time":{"start":1693617102601,"stop":1693617109944,"duration":7343}},{"uid":"55c9164e07ed7b8f","reportUrl":"https://robbrad.github.io/UKBinCollectionData/3.10/881//#testresult/55c9164e07ed7b8f","status":"passed","time":{"start":1693531116592,"stop":1693531122973,"duration":6381}},{"uid":"d06c1dd5ff134f09","reportUrl":"https://robbrad.github.io/UKBinCollectionData/3.10/880//#testresult/d06c1dd5ff134f09","status":"passed","time":{"start":1693444440295,"stop":1693444447425,"duration":7130}},{"uid":"8bac1ec1b14de2be","reportUrl":"https://robbrad.github.io/UKBinCollectionData/3.10/879//#testresult/8bac1ec1b14de2be","status":"passed","time":{"start":1693358026581,"stop":1693358031967,"duration":5386}},{"uid":"5bded775301c3b32","reportUrl":"https://robbrad.github.io/UKBinCollectionData/3.10/878//#testresult/5bded775301c3b32","status":"passed","time":{"start":1693271626474,"stop":1693271633584,"duration":7110}},{"uid":"17b05b593551fb54","reportUrl":"https://robbrad.github.io/UKBinCollectionData/3.10/877//#testresult/17b05b593551fb54","status":"passed","time":{"start":1693185273312,"stop":1693185280625,"duration":7313}},{"uid":"524071b72ac0a837","reportUrl":"https://robbrad.github.io/UKBinCollectionData/3.10/876//#testresult/524071b72ac0a837","status":"passed","time":{"start":1693099122760,"stop":1693099128365,"duration":5605}},{"uid":"fe0d4f4a667fa183","reportUrl":"https://robbrad.github.io/UKBinCollectionData/3.10/875//#testresult/fe0d4f4a667fa183","status":"passed","time":{"start":1693012289972,"stop":1693012297767,"duration":7795}},{"uid":"67a51f690e13d369","reportUrl":"https://robbrad.github.io/UKBinCollectionData/3.10/874//#testresult/67a51f690e13d369","status":"passed","time":{"start":1692926012079,"stop":1692926020264,"duration":8185}},{"uid":"8815c32d6825ad63","reportUrl":"https://robbrad.github.io/UKBinCollectionData/3.10/873//#testresult/8815c32d6825ad63","status":"passed","time":{"start":1692839549538,"stop":1692839555258,"duration":5720}},{"uid":"1886e4362fa19c4","reportUrl":"https://robbrad.github.io/UKBinCollectionData/3.10/871//#testresult/1886e4362fa19c4","status":"passed","time":{"start":1692753119436,"stop":1692753126052,"duration":6616}}]},"tags":[]},"source":"ca4a24845a722a92.json","parameterValues":["NorthNorfolkDistrictCouncil"]}