{"uid":"b0f9358c0a925489","name":"Validate Council Output [NorthNorfolkDistrictCouncil]","fullName":"features/validate_council_outputs.feature:Validate Council Output","historyId":"6712f2e3b136c8030bb4071a5deccc97","time":{"start":1690162695461,"stop":1690162698674,"duration":3213},"status":"failed","statusMessage":"selenium.common.exceptions.NoSuchElementException: Message: no such element: Unable to locate element: {\"method\":\"css selector\",\"selector\":\"[id=\"F_Address_subform:Postcode\"]\"}\n  (Session info: headless chrome=114.0.5735.198)\nStacktrace:\n#0 0x5574376cd4e3 <unknown>\n#1 0x5574373fcc76 <unknown>\n#2 0x557437438c96 <unknown>\n#3 0x557437438dc1 <unknown>\n#4 0x5574374727f4 <unknown>\n#5 0x55743745803d <unknown>\n#6 0x55743747030e <unknown>\n#7 0x557437457de3 <unknown>\n#8 0x55743742d2dd <unknown>\n#9 0x55743742e34e <unknown>\n#10 0x55743768d3e4 <unknown>\n#11 0x5574376913d7 <unknown>\n#12 0x55743769bb20 <unknown>\n#13 0x557437692023 <unknown>\n#14 0x5574376601aa <unknown>\n#15 0x5574376b66b8 <unknown>\n#16 0x5574376b6847 <unknown>\n#17 0x5574376c6243 <unknown>\n#18 0x7fb8851d7b43 <unknown>","statusTrace":"fixturefunc = <function scrape_step at 0x7f75e1898430>\nrequest = <FixtureRequest for <Function test_scenario_outline[NorthNorfolkDistrictCouncil]>>\nkwargs = {'context': <test_validate_council.context.<locals>.Context object at 0x7f75d3b9f190>, 'council': 'NorthNorfolkDistrictCouncil'}\n\n    def call_fixture_func(\n        fixturefunc: \"_FixtureFunc[FixtureValue]\", request: FixtureRequest, kwargs\n    ) -> FixtureValue:\n        if is_generator(fixturefunc):\n            fixturefunc = cast(\n                Callable[..., Generator[FixtureValue, None, None]], fixturefunc\n            )\n            generator = fixturefunc(**kwargs)\n            try:\n                fixture_result = next(generator)\n            except StopIteration:\n                raise ValueError(f\"{request.fixturename} did not yield a value\") from None\n            finalizer = functools.partial(_teardown_yield_fixture, fixturefunc, generator)\n            request.addfinalizer(finalizer)\n        else:\n            fixturefunc = cast(Callable[..., FixtureValue], fixturefunc)\n>           fixture_result = fixturefunc(**kwargs)\n\n../../../.cache/pypoetry/virtualenvs/uk-bin-collection-EwS6Gn8s-py3.10/lib/python3.10/site-packages/_pytest/fixtures.py:909: \n_ _ _ _ _ _ _ _ _ _ _ _ _ _ _ _ _ _ _ _ _ _ _ _ _ _ _ _ _ _ _ _ _ _ _ _ _ _ _ _ \nuk_bin_collection/tests/step_defs/test_validate_council.py:62: in scrape_step\n    raise (err)\nuk_bin_collection/tests/step_defs/test_validate_council.py:58: in scrape_step\n    context.parse_result = CollectData.run()\nuk_bin_collection/uk_bin_collection/collect_data.py:71: in run\n    return self.client_code(\nuk_bin_collection/uk_bin_collection/collect_data.py:59: in client_code\n    return get_bin_data_class.template_method(address_url, **kwargs)\nuk_bin_collection/uk_bin_collection/get_bin_data.py:70: in template_method\n    bin_data_dict = self.parse_data(\nuk_bin_collection/uk_bin_collection/councils/NorthNorfolkDistrictCouncil.py:43: in parse_data\n    inputElement_postcode = driver.find_element(\n../../../.cache/pypoetry/virtualenvs/uk-bin-collection-EwS6Gn8s-py3.10/lib/python3.10/site-packages/selenium/webdriver/remote/webdriver.py:831: in find_element\n    return self.execute(Command.FIND_ELEMENT, {\"using\": by, \"value\": value})[\"value\"]\n../../../.cache/pypoetry/virtualenvs/uk-bin-collection-EwS6Gn8s-py3.10/lib/python3.10/site-packages/selenium/webdriver/remote/webdriver.py:440: in execute\n    self.error_handler.check_response(response)\n_ _ _ _ _ _ _ _ _ _ _ _ _ _ _ _ _ _ _ _ _ _ _ _ _ _ _ _ _ _ _ _ _ _ _ _ _ _ _ _ \n\nself = <selenium.webdriver.remote.errorhandler.ErrorHandler object at 0x7f75d543e0b0>\nresponse = {'status': 404, 'value': '{\"value\":{\"error\":\"no such element\",\"message\":\"no such element: Unable to locate element: {\\...\\\\n#16 0x5574376b6847 \\\\u003Cunknown>\\\\n#17 0x5574376c6243 \\\\u003Cunknown>\\\\n#18 0x7fb8851d7b43 \\\\u003Cunknown>\\\\n\"}}'}\n\n    def check_response(self, response: Dict[str, Any]) -> None:\n        \"\"\"Checks that a JSON response from the WebDriver does not have an\n        error.\n    \n        :Args:\n         - response - The JSON response from the WebDriver server as a dictionary\n           object.\n    \n        :Raises: If the response contains an error message.\n        \"\"\"\n        status = response.get(\"status\", None)\n        if not status or status == ErrorCode.SUCCESS:\n            return\n        value = None\n        message = response.get(\"message\", \"\")\n        screen: str = response.get(\"screen\", \"\")\n        stacktrace = None\n        if isinstance(status, int):\n            value_json = response.get(\"value\", None)\n            if value_json and isinstance(value_json, str):\n                import json\n    \n                try:\n                    value = json.loads(value_json)\n                    if len(value) == 1:\n                        value = value[\"value\"]\n                    status = value.get(\"error\", None)\n                    if not status:\n                        status = value.get(\"status\", ErrorCode.UNKNOWN_ERROR)\n                        message = value.get(\"value\") or value.get(\"message\")\n                        if not isinstance(message, str):\n                            value = message\n                            message = message.get(\"message\")\n                    else:\n                        message = value.get(\"message\", None)\n                except ValueError:\n                    pass\n    \n        exception_class: Type[WebDriverException]\n        if status in ErrorCode.NO_SUCH_ELEMENT:\n            exception_class = NoSuchElementException\n        elif status in ErrorCode.NO_SUCH_FRAME:\n            exception_class = NoSuchFrameException\n        elif status in ErrorCode.NO_SUCH_SHADOW_ROOT:\n            exception_class = NoSuchShadowRootException\n        elif status in ErrorCode.NO_SUCH_WINDOW:\n            exception_class = NoSuchWindowException\n        elif status in ErrorCode.STALE_ELEMENT_REFERENCE:\n            exception_class = StaleElementReferenceException\n        elif status in ErrorCode.ELEMENT_NOT_VISIBLE:\n            exception_class = ElementNotVisibleException\n        elif status in ErrorCode.INVALID_ELEMENT_STATE:\n            exception_class = InvalidElementStateException\n        elif (\n            status in ErrorCode.INVALID_SELECTOR\n            or status in ErrorCode.INVALID_XPATH_SELECTOR\n            or status in ErrorCode.INVALID_XPATH_SELECTOR_RETURN_TYPER\n        ):\n            exception_class = InvalidSelectorException\n        elif status in ErrorCode.ELEMENT_IS_NOT_SELECTABLE:\n            exception_class = ElementNotSelectableException\n        elif status in ErrorCode.ELEMENT_NOT_INTERACTABLE:\n            exception_class = ElementNotInteractableException\n        elif status in ErrorCode.INVALID_COOKIE_DOMAIN:\n            exception_class = InvalidCookieDomainException\n        elif status in ErrorCode.UNABLE_TO_SET_COOKIE:\n            exception_class = UnableToSetCookieException\n        elif status in ErrorCode.TIMEOUT:\n            exception_class = TimeoutException\n        elif status in ErrorCode.SCRIPT_TIMEOUT:\n            exception_class = TimeoutException\n        elif status in ErrorCode.UNKNOWN_ERROR:\n            exception_class = WebDriverException\n        elif status in ErrorCode.UNEXPECTED_ALERT_OPEN:\n            exception_class = UnexpectedAlertPresentException\n        elif status in ErrorCode.NO_ALERT_OPEN:\n            exception_class = NoAlertPresentException\n        elif status in ErrorCode.IME_NOT_AVAILABLE:\n            exception_class = ImeNotAvailableException\n        elif status in ErrorCode.IME_ENGINE_ACTIVATION_FAILED:\n            exception_class = ImeActivationFailedException\n        elif status in ErrorCode.MOVE_TARGET_OUT_OF_BOUNDS:\n            exception_class = MoveTargetOutOfBoundsException\n        elif status in ErrorCode.JAVASCRIPT_ERROR:\n            exception_class = JavascriptException\n        elif status in ErrorCode.SESSION_NOT_CREATED:\n            exception_class = SessionNotCreatedException\n        elif status in ErrorCode.INVALID_ARGUMENT:\n            exception_class = InvalidArgumentException\n        elif status in ErrorCode.NO_SUCH_COOKIE:\n            exception_class = NoSuchCookieException\n        elif status in ErrorCode.UNABLE_TO_CAPTURE_SCREEN:\n            exception_class = ScreenshotException\n        elif status in ErrorCode.ELEMENT_CLICK_INTERCEPTED:\n            exception_class = ElementClickInterceptedException\n        elif status in ErrorCode.INSECURE_CERTIFICATE:\n            exception_class = InsecureCertificateException\n        elif status in ErrorCode.INVALID_COORDINATES:\n            exception_class = InvalidCoordinatesException\n        elif status in ErrorCode.INVALID_SESSION_ID:\n            exception_class = InvalidSessionIdException\n        elif status in ErrorCode.UNKNOWN_METHOD:\n            exception_class = UnknownMethodException\n        else:\n            exception_class = WebDriverException\n        if not value:\n            value = response[\"value\"]\n        if isinstance(value, str):\n            raise exception_class(value)\n        if message == \"\" and \"message\" in value:\n            message = value[\"message\"]\n    \n        screen = None  # type: ignore[assignment]\n        if \"screen\" in value:\n            screen = value[\"screen\"]\n    \n        stacktrace = None\n        st_value = value.get(\"stackTrace\") or value.get(\"stacktrace\")\n        if st_value:\n            if isinstance(st_value, str):\n                stacktrace = st_value.split(\"\\n\")\n            else:\n                stacktrace = []\n                try:\n                    for frame in st_value:\n                        line = frame.get(\"lineNumber\", \"\")\n                        file = frame.get(\"fileName\", \"<anonymous>\")\n                        if line:\n                            file = f\"{file}:{line}\"\n                        meth = frame.get(\"methodName\", \"<anonymous>\")\n                        if \"className\" in frame:\n                            meth = f\"{frame['className']}.{meth}\"\n                        msg = \"    at %s (%s)\"\n                        msg = msg % (meth, file)\n                        stacktrace.append(msg)\n                except TypeError:\n                    pass\n        if exception_class == UnexpectedAlertPresentException:\n            alert_text = None\n            if \"data\" in value:\n                alert_text = value[\"data\"].get(\"text\")\n            elif \"alert\" in value:\n                alert_text = value[\"alert\"].get(\"text\")\n            raise exception_class(message, screen, stacktrace, alert_text)  # type: ignore[call-arg]  # mypy is not smart enough here\n>       raise exception_class(message, screen, stacktrace)\nE       selenium.common.exceptions.NoSuchElementException: Message: no such element: Unable to locate element: {\"method\":\"css selector\",\"selector\":\"[id=\"F_Address_subform:Postcode\"]\"}\nE         (Session info: headless chrome=114.0.5735.198)\nE       Stacktrace:\nE       #0 0x5574376cd4e3 <unknown>\nE       #1 0x5574373fcc76 <unknown>\nE       #2 0x557437438c96 <unknown>\nE       #3 0x557437438dc1 <unknown>\nE       #4 0x5574374727f4 <unknown>\nE       #5 0x55743745803d <unknown>\nE       #6 0x55743747030e <unknown>\nE       #7 0x557437457de3 <unknown>\nE       #8 0x55743742d2dd <unknown>\nE       #9 0x55743742e34e <unknown>\nE       #10 0x55743768d3e4 <unknown>\nE       #11 0x5574376913d7 <unknown>\nE       #12 0x55743769bb20 <unknown>\nE       #13 0x557437692023 <unknown>\nE       #14 0x5574376601aa <unknown>\nE       #15 0x5574376b66b8 <unknown>\nE       #16 0x5574376b6847 <unknown>\nE       #17 0x5574376c6243 <unknown>\nE       #18 0x7fb8851d7b43 <unknown>\n\n../../../.cache/pypoetry/virtualenvs/uk-bin-collection-EwS6Gn8s-py3.10/lib/python3.10/site-packages/selenium/webdriver/remote/errorhandler.py:245: NoSuchElementException","flaky":false,"newFailed":false,"newBroken":false,"newPassed":false,"retriesCount":0,"retriesStatusChange":false,"beforeStages":[],"testStage":{"status":"failed","statusMessage":"selenium.common.exceptions.NoSuchElementException: Message: no such element: Unable to locate element: {\"method\":\"css selector\",\"selector\":\"[id=\"F_Address_subform:Postcode\"]\"}\n  (Session info: headless chrome=114.0.5735.198)\nStacktrace:\n#0 0x5574376cd4e3 <unknown>\n#1 0x5574373fcc76 <unknown>\n#2 0x557437438c96 <unknown>\n#3 0x557437438dc1 <unknown>\n#4 0x5574374727f4 <unknown>\n#5 0x55743745803d <unknown>\n#6 0x55743747030e <unknown>\n#7 0x557437457de3 <unknown>\n#8 0x55743742d2dd <unknown>\n#9 0x55743742e34e <unknown>\n#10 0x55743768d3e4 <unknown>\n#11 0x5574376913d7 <unknown>\n#12 0x55743769bb20 <unknown>\n#13 0x557437692023 <unknown>\n#14 0x5574376601aa <unknown>\n#15 0x5574376b66b8 <unknown>\n#16 0x5574376b6847 <unknown>\n#17 0x5574376c6243 <unknown>\n#18 0x7fb8851d7b43 <unknown>","statusTrace":"fixturefunc = <function scrape_step at 0x7f75e1898430>\nrequest = <FixtureRequest for <Function test_scenario_outline[NorthNorfolkDistrictCouncil]>>\nkwargs = {'context': <test_validate_council.context.<locals>.Context object at 0x7f75d3b9f190>, 'council': 'NorthNorfolkDistrictCouncil'}\n\n    def call_fixture_func(\n        fixturefunc: \"_FixtureFunc[FixtureValue]\", request: FixtureRequest, kwargs\n    ) -> FixtureValue:\n        if is_generator(fixturefunc):\n            fixturefunc = cast(\n                Callable[..., Generator[FixtureValue, None, None]], fixturefunc\n            )\n            generator = fixturefunc(**kwargs)\n            try:\n                fixture_result = next(generator)\n            except StopIteration:\n                raise ValueError(f\"{request.fixturename} did not yield a value\") from None\n            finalizer = functools.partial(_teardown_yield_fixture, fixturefunc, generator)\n            request.addfinalizer(finalizer)\n        else:\n            fixturefunc = cast(Callable[..., FixtureValue], fixturefunc)\n>           fixture_result = fixturefunc(**kwargs)\n\n../../../.cache/pypoetry/virtualenvs/uk-bin-collection-EwS6Gn8s-py3.10/lib/python3.10/site-packages/_pytest/fixtures.py:909: \n_ _ _ _ _ _ _ _ _ _ _ _ _ _ _ _ _ _ _ _ _ _ _ _ _ _ _ _ _ _ _ _ _ _ _ _ _ _ _ _ \nuk_bin_collection/tests/step_defs/test_validate_council.py:62: in scrape_step\n    raise (err)\nuk_bin_collection/tests/step_defs/test_validate_council.py:58: in scrape_step\n    context.parse_result = CollectData.run()\nuk_bin_collection/uk_bin_collection/collect_data.py:71: in run\n    return self.client_code(\nuk_bin_collection/uk_bin_collection/collect_data.py:59: in client_code\n    return get_bin_data_class.template_method(address_url, **kwargs)\nuk_bin_collection/uk_bin_collection/get_bin_data.py:70: in template_method\n    bin_data_dict = self.parse_data(\nuk_bin_collection/uk_bin_collection/councils/NorthNorfolkDistrictCouncil.py:43: in parse_data\n    inputElement_postcode = driver.find_element(\n../../../.cache/pypoetry/virtualenvs/uk-bin-collection-EwS6Gn8s-py3.10/lib/python3.10/site-packages/selenium/webdriver/remote/webdriver.py:831: in find_element\n    return self.execute(Command.FIND_ELEMENT, {\"using\": by, \"value\": value})[\"value\"]\n../../../.cache/pypoetry/virtualenvs/uk-bin-collection-EwS6Gn8s-py3.10/lib/python3.10/site-packages/selenium/webdriver/remote/webdriver.py:440: in execute\n    self.error_handler.check_response(response)\n_ _ _ _ _ _ _ _ _ _ _ _ _ _ _ _ _ _ _ _ _ _ _ _ _ _ _ _ _ _ _ _ _ _ _ _ _ _ _ _ \n\nself = <selenium.webdriver.remote.errorhandler.ErrorHandler object at 0x7f75d543e0b0>\nresponse = {'status': 404, 'value': '{\"value\":{\"error\":\"no such element\",\"message\":\"no such element: Unable to locate element: {\\...\\\\n#16 0x5574376b6847 \\\\u003Cunknown>\\\\n#17 0x5574376c6243 \\\\u003Cunknown>\\\\n#18 0x7fb8851d7b43 \\\\u003Cunknown>\\\\n\"}}'}\n\n    def check_response(self, response: Dict[str, Any]) -> None:\n        \"\"\"Checks that a JSON response from the WebDriver does not have an\n        error.\n    \n        :Args:\n         - response - The JSON response from the WebDriver server as a dictionary\n           object.\n    \n        :Raises: If the response contains an error message.\n        \"\"\"\n        status = response.get(\"status\", None)\n        if not status or status == ErrorCode.SUCCESS:\n            return\n        value = None\n        message = response.get(\"message\", \"\")\n        screen: str = response.get(\"screen\", \"\")\n        stacktrace = None\n        if isinstance(status, int):\n            value_json = response.get(\"value\", None)\n            if value_json and isinstance(value_json, str):\n                import json\n    \n                try:\n                    value = json.loads(value_json)\n                    if len(value) == 1:\n                        value = value[\"value\"]\n                    status = value.get(\"error\", None)\n                    if not status:\n                        status = value.get(\"status\", ErrorCode.UNKNOWN_ERROR)\n                        message = value.get(\"value\") or value.get(\"message\")\n                        if not isinstance(message, str):\n                            value = message\n                            message = message.get(\"message\")\n                    else:\n                        message = value.get(\"message\", None)\n                except ValueError:\n                    pass\n    \n        exception_class: Type[WebDriverException]\n        if status in ErrorCode.NO_SUCH_ELEMENT:\n            exception_class = NoSuchElementException\n        elif status in ErrorCode.NO_SUCH_FRAME:\n            exception_class = NoSuchFrameException\n        elif status in ErrorCode.NO_SUCH_SHADOW_ROOT:\n            exception_class = NoSuchShadowRootException\n        elif status in ErrorCode.NO_SUCH_WINDOW:\n            exception_class = NoSuchWindowException\n        elif status in ErrorCode.STALE_ELEMENT_REFERENCE:\n            exception_class = StaleElementReferenceException\n        elif status in ErrorCode.ELEMENT_NOT_VISIBLE:\n            exception_class = ElementNotVisibleException\n        elif status in ErrorCode.INVALID_ELEMENT_STATE:\n            exception_class = InvalidElementStateException\n        elif (\n            status in ErrorCode.INVALID_SELECTOR\n            or status in ErrorCode.INVALID_XPATH_SELECTOR\n            or status in ErrorCode.INVALID_XPATH_SELECTOR_RETURN_TYPER\n        ):\n            exception_class = InvalidSelectorException\n        elif status in ErrorCode.ELEMENT_IS_NOT_SELECTABLE:\n            exception_class = ElementNotSelectableException\n        elif status in ErrorCode.ELEMENT_NOT_INTERACTABLE:\n            exception_class = ElementNotInteractableException\n        elif status in ErrorCode.INVALID_COOKIE_DOMAIN:\n            exception_class = InvalidCookieDomainException\n        elif status in ErrorCode.UNABLE_TO_SET_COOKIE:\n            exception_class = UnableToSetCookieException\n        elif status in ErrorCode.TIMEOUT:\n            exception_class = TimeoutException\n        elif status in ErrorCode.SCRIPT_TIMEOUT:\n            exception_class = TimeoutException\n        elif status in ErrorCode.UNKNOWN_ERROR:\n            exception_class = WebDriverException\n        elif status in ErrorCode.UNEXPECTED_ALERT_OPEN:\n            exception_class = UnexpectedAlertPresentException\n        elif status in ErrorCode.NO_ALERT_OPEN:\n            exception_class = NoAlertPresentException\n        elif status in ErrorCode.IME_NOT_AVAILABLE:\n            exception_class = ImeNotAvailableException\n        elif status in ErrorCode.IME_ENGINE_ACTIVATION_FAILED:\n            exception_class = ImeActivationFailedException\n        elif status in ErrorCode.MOVE_TARGET_OUT_OF_BOUNDS:\n            exception_class = MoveTargetOutOfBoundsException\n        elif status in ErrorCode.JAVASCRIPT_ERROR:\n            exception_class = JavascriptException\n        elif status in ErrorCode.SESSION_NOT_CREATED:\n            exception_class = SessionNotCreatedException\n        elif status in ErrorCode.INVALID_ARGUMENT:\n            exception_class = InvalidArgumentException\n        elif status in ErrorCode.NO_SUCH_COOKIE:\n            exception_class = NoSuchCookieException\n        elif status in ErrorCode.UNABLE_TO_CAPTURE_SCREEN:\n            exception_class = ScreenshotException\n        elif status in ErrorCode.ELEMENT_CLICK_INTERCEPTED:\n            exception_class = ElementClickInterceptedException\n        elif status in ErrorCode.INSECURE_CERTIFICATE:\n            exception_class = InsecureCertificateException\n        elif status in ErrorCode.INVALID_COORDINATES:\n            exception_class = InvalidCoordinatesException\n        elif status in ErrorCode.INVALID_SESSION_ID:\n            exception_class = InvalidSessionIdException\n        elif status in ErrorCode.UNKNOWN_METHOD:\n            exception_class = UnknownMethodException\n        else:\n            exception_class = WebDriverException\n        if not value:\n            value = response[\"value\"]\n        if isinstance(value, str):\n            raise exception_class(value)\n        if message == \"\" and \"message\" in value:\n            message = value[\"message\"]\n    \n        screen = None  # type: ignore[assignment]\n        if \"screen\" in value:\n            screen = value[\"screen\"]\n    \n        stacktrace = None\n        st_value = value.get(\"stackTrace\") or value.get(\"stacktrace\")\n        if st_value:\n            if isinstance(st_value, str):\n                stacktrace = st_value.split(\"\\n\")\n            else:\n                stacktrace = []\n                try:\n                    for frame in st_value:\n                        line = frame.get(\"lineNumber\", \"\")\n                        file = frame.get(\"fileName\", \"<anonymous>\")\n                        if line:\n                            file = f\"{file}:{line}\"\n                        meth = frame.get(\"methodName\", \"<anonymous>\")\n                        if \"className\" in frame:\n                            meth = f\"{frame['className']}.{meth}\"\n                        msg = \"    at %s (%s)\"\n                        msg = msg % (meth, file)\n                        stacktrace.append(msg)\n                except TypeError:\n                    pass\n        if exception_class == UnexpectedAlertPresentException:\n            alert_text = None\n            if \"data\" in value:\n                alert_text = value[\"data\"].get(\"text\")\n            elif \"alert\" in value:\n                alert_text = value[\"alert\"].get(\"text\")\n            raise exception_class(message, screen, stacktrace, alert_text)  # type: ignore[call-arg]  # mypy is not smart enough here\n>       raise exception_class(message, screen, stacktrace)\nE       selenium.common.exceptions.NoSuchElementException: Message: no such element: Unable to locate element: {\"method\":\"css selector\",\"selector\":\"[id=\"F_Address_subform:Postcode\"]\"}\nE         (Session info: headless chrome=114.0.5735.198)\nE       Stacktrace:\nE       #0 0x5574376cd4e3 <unknown>\nE       #1 0x5574373fcc76 <unknown>\nE       #2 0x557437438c96 <unknown>\nE       #3 0x557437438dc1 <unknown>\nE       #4 0x5574374727f4 <unknown>\nE       #5 0x55743745803d <unknown>\nE       #6 0x55743747030e <unknown>\nE       #7 0x557437457de3 <unknown>\nE       #8 0x55743742d2dd <unknown>\nE       #9 0x55743742e34e <unknown>\nE       #10 0x55743768d3e4 <unknown>\nE       #11 0x5574376913d7 <unknown>\nE       #12 0x55743769bb20 <unknown>\nE       #13 0x557437692023 <unknown>\nE       #14 0x5574376601aa <unknown>\nE       #15 0x5574376b66b8 <unknown>\nE       #16 0x5574376b6847 <unknown>\nE       #17 0x5574376c6243 <unknown>\nE       #18 0x7fb8851d7b43 <unknown>\n\n../../../.cache/pypoetry/virtualenvs/uk-bin-collection-EwS6Gn8s-py3.10/lib/python3.10/site-packages/selenium/webdriver/remote/errorhandler.py:245: NoSuchElementException","steps":[{"name":"Given the council: NorthNorfolkDistrictCouncil","time":{"start":1690162695461,"stop":1690162695462,"duration":1},"status":"passed","steps":[],"attachments":[],"parameters":[],"stepsCount":0,"attachmentsCount":0,"shouldDisplayMessage":false,"hasContent":false},{"name":"When we scrape the data from NorthNorfolkDistrictCouncil","time":{"start":1690162695462,"stop":1690162698674,"duration":3212},"status":"failed","statusMessage":"Message: no such element: Unable to locate element: {\"method\":\"css selector\",\"selector\":\"[id=\"F_Address_subform:Postcode\"]\"}\n  (Session info: headless chrome=114.0.5735.198)\nStacktrace:\n#0 0x5574376cd4e3 <unknown>\n#1 0x5574373fcc76 <unknown>\n#2 0x557437438c96 <unknown>\n#3 0x557437438dc1 <unknown>\n#4 0x5574374727f4 <unknown>\n#5 0x55743745803d <unknown>\n#6 0x55743747030e <unknown>\n#7 0x557437457de3 <unknown>\n#8 0x55743742d2dd <unknown>\n#9 0x55743742e34e <unknown>\n#10 0x55743768d3e4 <unknown>\n#11 0x5574376913d7 <unknown>\n#12 0x55743769bb20 <unknown>\n#13 0x557437692023 <unknown>\n#14 0x5574376601aa <unknown>\n#15 0x5574376b66b8 <unknown>\n#16 0x5574376b6847 <unknown>\n#17 0x5574376c6243 <unknown>\n#18 0x7fb8851d7b43 <unknown>\n","statusTrace":"selenium.common.exceptions.NoSuchElementException: Message: no such element: Unable to locate element: {\"method\":\"css selector\",\"selector\":\"[id=\"F_Address_subform:Postcode\"]\"}\n  (Session info: headless chrome=114.0.5735.198)\nStacktrace:\n#0 0x5574376cd4e3 <unknown>\n#1 0x5574373fcc76 <unknown>\n#2 0x557437438c96 <unknown>\n#3 0x557437438dc1 <unknown>\n#4 0x5574374727f4 <unknown>\n#5 0x55743745803d <unknown>\n#6 0x55743747030e <unknown>\n#7 0x557437457de3 <unknown>\n#8 0x55743742d2dd <unknown>\n#9 0x55743742e34e <unknown>\n#10 0x55743768d3e4 <unknown>\n#11 0x5574376913d7 <unknown>\n#12 0x55743769bb20 <unknown>\n#13 0x557437692023 <unknown>\n#14 0x5574376601aa <unknown>\n#15 0x5574376b66b8 <unknown>\n#16 0x5574376b6847 <unknown>\n#17 0x5574376c6243 <unknown>\n#18 0x7fb8851d7b43 <unknown>\n\n","steps":[],"attachments":[],"parameters":[],"stepsCount":0,"attachmentsCount":0,"shouldDisplayMessage":true,"hasContent":true}],"attachments":[],"parameters":[],"stepsCount":2,"attachmentsCount":0,"shouldDisplayMessage":true,"hasContent":true},"afterStages":[],"labels":[{"name":"host","value":"fv-az803-349"},{"name":"thread","value":"2252-MainThread"},{"name":"framework","value":"pytest-bdd"},{"name":"language","value":"cpython3"},{"name":"feature","value":"Test each council output matches expected results in /outputs"},{"name":"resultFormat","value":"allure2"}],"parameters":[{"name":"council","value":"NorthNorfolkDistrictCouncil"}],"links":[],"hidden":false,"retry":false,"extra":{"severity":"normal","retries":[],"categories":[{"name":"Product defects","matchedStatuses":[],"flaky":false}],"history":{"statistic":{"failed":5,"broken":0,"skipped":0,"passed":2,"unknown":0,"total":7},"items":[{"uid":"c69659f1096e0465","reportUrl":"https://robbrad.github.io/UKBinCollectionData/3.10/827//#testresult/c69659f1096e0465","status":"failed","statusDetails":"selenium.common.exceptions.NoSuchElementException: Message: no such element: Unable to locate element: {\"method\":\"css selector\",\"selector\":\"[id=\"F_Address_subform:Postcode\"]\"}\n  (Session info: headless chrome=114.0.5735.198)\nStacktrace:\n#0 0x558cadaf94e3 <unknown>\n#1 0x558cad828c76 <unknown>\n#2 0x558cad864c96 <unknown>\n#3 0x558cad864dc1 <unknown>\n#4 0x558cad89e7f4 <unknown>\n#5 0x558cad88403d <unknown>\n#6 0x558cad89c30e <unknown>\n#7 0x558cad883de3 <unknown>\n#8 0x558cad8592dd <unknown>\n#9 0x558cad85a34e <unknown>\n#10 0x558cadab93e4 <unknown>\n#11 0x558cadabd3d7 <unknown>\n#12 0x558cadac7b20 <unknown>\n#13 0x558cadabe023 <unknown>\n#14 0x558cada8c1aa <unknown>\n#15 0x558cadae26b8 <unknown>\n#16 0x558cadae2847 <unknown>\n#17 0x558cadaf2243 <unknown>\n#18 0x7f67cd5d1b43 <unknown>","time":{"start":1690123342215,"stop":1690123344608,"duration":2393}},{"uid":"6c71725fec41c3c2","reportUrl":"https://robbrad.github.io/UKBinCollectionData/3.10/824//#testresult/6c71725fec41c3c2","status":"failed","statusDetails":"selenium.common.exceptions.NoSuchElementException: Message: no such element: Unable to locate element: {\"method\":\"css selector\",\"selector\":\"[id=\"F_Address_subform:Postcode\"]\"}\n  (Session info: headless chrome=114.0.5735.198)\nStacktrace:\n#0 0x5612aa6ba4e3 <unknown>\n#1 0x5612aa3e9c76 <unknown>\n#2 0x5612aa425c96 <unknown>\n#3 0x5612aa425dc1 <unknown>\n#4 0x5612aa45f7f4 <unknown>\n#5 0x5612aa44503d <unknown>\n#6 0x5612aa45d30e <unknown>\n#7 0x5612aa444de3 <unknown>\n#8 0x5612aa41a2dd <unknown>\n#9 0x5612aa41b34e <unknown>\n#10 0x5612aa67a3e4 <unknown>\n#11 0x5612aa67e3d7 <unknown>\n#12 0x5612aa688b20 <unknown>\n#13 0x5612aa67f023 <unknown>\n#14 0x5612aa64d1aa <unknown>\n#15 0x5612aa6a36b8 <unknown>\n#16 0x5612aa6a3847 <unknown>\n#17 0x5612aa6b3243 <unknown>\n#18 0x7f853dc13b43 <unknown>","time":{"start":1690106922433,"stop":1690106924852,"duration":2419}},{"uid":"3b70ceadd6d1dda3","reportUrl":"https://robbrad.github.io/UKBinCollectionData/3.10/822//#testresult/3b70ceadd6d1dda3","status":"failed","statusDetails":"TypeError: the JSON object must be str, bytes or bytearray, not NoneType","time":{"start":1690076585022,"stop":1690076590277,"duration":5255}},{"uid":"68471511eac5c0e9","reportUrl":"https://robbrad.github.io/UKBinCollectionData/3.10/821//#testresult/68471511eac5c0e9","status":"failed","statusDetails":"TypeError: the JSON object must be str, bytes or bytearray, not NoneType","time":{"start":1690027411965,"stop":1690027418727,"duration":6762}},{"uid":"ff2329aa4f8df9d2","reportUrl":"https://robbrad.github.io/UKBinCollectionData/3.10/820//#testresult/ff2329aa4f8df9d2","status":"passed","time":{"start":1690025812350,"stop":1690025819321,"duration":6971}},{"uid":"1cf9801712bf24e1","reportUrl":"https://robbrad.github.io/UKBinCollectionData/3.10/813//#testresult/1cf9801712bf24e1","status":"passed","time":{"start":1689840941444,"stop":1689840946471,"duration":5027}}]},"tags":[]},"source":"b0f9358c0a925489.json","parameterValues":["NorthNorfolkDistrictCouncil"]}