{"uid":"3d9b65056a0a0faf","name":"Validate Council Output [NorthNorfolkDistrictCouncil]","fullName":"features/validate_council_outputs.feature:Validate Council Output","historyId":"6712f2e3b136c8030bb4071a5deccc97","time":{"start":1692494133592,"stop":1692494136689,"duration":3097},"status":"failed","statusMessage":"selenium.common.exceptions.NoSuchElementException: Message: no such element: Unable to locate element: {\"method\":\"css selector\",\"selector\":\"[id=\"F_Address_subform:Postcode\"]\"}\n  (Session info: headless chrome=115.0.5790.170); For documentation on this error, please visit: https://www.selenium.dev/documentation/webdriver/troubleshooting/errors#no-such-element-exception\nStacktrace:\n#0 0x563381cb2613 <unknown>\n#1 0x5633819de537 <unknown>\n#2 0x563381a1cf53 <unknown>\n#3 0x563381a1d041 <unknown>\n#4 0x563381a582a4 <unknown>\n#5 0x563381a3da5d <unknown>\n#6 0x563381a55d09 <unknown>\n#7 0x563381a3d803 <unknown>\n#8 0x563381a1168b <unknown>\n#9 0x563381a1242e <unknown>\n#10 0x563381c73c28 <unknown>\n#11 0x563381c77af7 <unknown>\n#12 0x563381c8201c <unknown>\n#13 0x563381c78723 <unknown>\n#14 0x563381c47457 <unknown>\n#15 0x563381c9c628 <unknown>\n#16 0x563381c9c7b7 <unknown>\n#17 0x563381cab483 <unknown>\n#18 0x7fd8e0ee0b43 <unknown>","statusTrace":"request = <FixtureRequest for <Function test_scenario_outline[NorthNorfolkDistrictCouncil]>>\n_pytest_bdd_example = {'council': 'NorthNorfolkDistrictCouncil'}\n\n    @pytest.mark.usefixtures(*func_args)\n    def scenario_wrapper(request: FixtureRequest, _pytest_bdd_example: dict[str, str]) -> Any:\n        scenario = templated_scenario.render(_pytest_bdd_example)\n>       _execute_scenario(feature, scenario, request)\n\n../../../.cache/pypoetry/virtualenvs/uk-bin-collection-EwS6Gn8s-py3.11/lib/python3.11/site-packages/pytest_bdd/scenario.py:187: \n_ _ _ _ _ _ _ _ _ _ _ _ _ _ _ _ _ _ _ _ _ _ _ _ _ _ _ _ _ _ _ _ _ _ _ _ _ _ _ _ \n../../../.cache/pypoetry/virtualenvs/uk-bin-collection-EwS6Gn8s-py3.11/lib/python3.11/site-packages/pytest_bdd/scenario.py:157: in _execute_scenario\n    _execute_step_function(request, scenario, step, step_func)\n../../../.cache/pypoetry/virtualenvs/uk-bin-collection-EwS6Gn8s-py3.11/lib/python3.11/site-packages/pytest_bdd/scenario.py:127: in _execute_step_function\n    return_value = call_fixture_func(fixturefunc=step_func, request=request, kwargs=kwargs)\n../../../.cache/pypoetry/virtualenvs/uk-bin-collection-EwS6Gn8s-py3.11/lib/python3.11/site-packages/_pytest/fixtures.py:902: in call_fixture_func\n    fixture_result = fixturefunc(**kwargs)\nuk_bin_collection/tests/step_defs/test_validate_council.py:62: in scrape_step\n    raise (err)\nuk_bin_collection/tests/step_defs/test_validate_council.py:58: in scrape_step\n    context.parse_result = CollectData.run()\nuk_bin_collection/uk_bin_collection/collect_data.py:71: in run\n    return self.client_code(\nuk_bin_collection/uk_bin_collection/collect_data.py:59: in client_code\n    return get_bin_data_class.template_method(address_url, **kwargs)\nuk_bin_collection/uk_bin_collection/get_bin_data.py:70: in template_method\n    bin_data_dict = self.parse_data(\nuk_bin_collection/uk_bin_collection/councils/NorthNorfolkDistrictCouncil.py:43: in parse_data\n    inputElement_postcode = driver.find_element(\n../../../.cache/pypoetry/virtualenvs/uk-bin-collection-EwS6Gn8s-py3.11/lib/python3.11/site-packages/selenium/webdriver/remote/webdriver.py:740: in find_element\n    return self.execute(Command.FIND_ELEMENT, {\"using\": by, \"value\": value})[\"value\"]\n../../../.cache/pypoetry/virtualenvs/uk-bin-collection-EwS6Gn8s-py3.11/lib/python3.11/site-packages/selenium/webdriver/remote/webdriver.py:346: in execute\n    self.error_handler.check_response(response)\n_ _ _ _ _ _ _ _ _ _ _ _ _ _ _ _ _ _ _ _ _ _ _ _ _ _ _ _ _ _ _ _ _ _ _ _ _ _ _ _ \n\nself = <selenium.webdriver.remote.errorhandler.ErrorHandler object at 0x7f9a63a20990>\nresponse = {'status': 404, 'value': '{\"value\":{\"error\":\"no such element\",\"message\":\"no such element: Unable to locate element: {\\...\\\\n#16 0x563381c9c7b7 \\\\u003Cunknown>\\\\n#17 0x563381cab483 \\\\u003Cunknown>\\\\n#18 0x7fd8e0ee0b43 \\\\u003Cunknown>\\\\n\"}}'}\n\n    def check_response(self, response: Dict[str, Any]) -> None:\n        \"\"\"Checks that a JSON response from the WebDriver does not have an\n        error.\n    \n        :Args:\n         - response - The JSON response from the WebDriver server as a dictionary\n           object.\n    \n        :Raises: If the response contains an error message.\n        \"\"\"\n        status = response.get(\"status\", None)\n        if not status or status == ErrorCode.SUCCESS:\n            return\n        value = None\n        message = response.get(\"message\", \"\")\n        screen: str = response.get(\"screen\", \"\")\n        stacktrace = None\n        if isinstance(status, int):\n            value_json = response.get(\"value\", None)\n            if value_json and isinstance(value_json, str):\n                import json\n    \n                try:\n                    value = json.loads(value_json)\n                    if len(value) == 1:\n                        value = value[\"value\"]\n                    status = value.get(\"error\", None)\n                    if not status:\n                        status = value.get(\"status\", ErrorCode.UNKNOWN_ERROR)\n                        message = value.get(\"value\") or value.get(\"message\")\n                        if not isinstance(message, str):\n                            value = message\n                            message = message.get(\"message\")\n                    else:\n                        message = value.get(\"message\", None)\n                except ValueError:\n                    pass\n    \n        exception_class: Type[WebDriverException]\n        if status in ErrorCode.NO_SUCH_ELEMENT:\n            exception_class = NoSuchElementException\n        elif status in ErrorCode.NO_SUCH_FRAME:\n            exception_class = NoSuchFrameException\n        elif status in ErrorCode.NO_SUCH_SHADOW_ROOT:\n            exception_class = NoSuchShadowRootException\n        elif status in ErrorCode.NO_SUCH_WINDOW:\n            exception_class = NoSuchWindowException\n        elif status in ErrorCode.STALE_ELEMENT_REFERENCE:\n            exception_class = StaleElementReferenceException\n        elif status in ErrorCode.ELEMENT_NOT_VISIBLE:\n            exception_class = ElementNotVisibleException\n        elif status in ErrorCode.INVALID_ELEMENT_STATE:\n            exception_class = InvalidElementStateException\n        elif (\n            status in ErrorCode.INVALID_SELECTOR\n            or status in ErrorCode.INVALID_XPATH_SELECTOR\n            or status in ErrorCode.INVALID_XPATH_SELECTOR_RETURN_TYPER\n        ):\n            exception_class = InvalidSelectorException\n        elif status in ErrorCode.ELEMENT_IS_NOT_SELECTABLE:\n            exception_class = ElementNotSelectableException\n        elif status in ErrorCode.ELEMENT_NOT_INTERACTABLE:\n            exception_class = ElementNotInteractableException\n        elif status in ErrorCode.INVALID_COOKIE_DOMAIN:\n            exception_class = InvalidCookieDomainException\n        elif status in ErrorCode.UNABLE_TO_SET_COOKIE:\n            exception_class = UnableToSetCookieException\n        elif status in ErrorCode.TIMEOUT:\n            exception_class = TimeoutException\n        elif status in ErrorCode.SCRIPT_TIMEOUT:\n            exception_class = TimeoutException\n        elif status in ErrorCode.UNKNOWN_ERROR:\n            exception_class = WebDriverException\n        elif status in ErrorCode.UNEXPECTED_ALERT_OPEN:\n            exception_class = UnexpectedAlertPresentException\n        elif status in ErrorCode.NO_ALERT_OPEN:\n            exception_class = NoAlertPresentException\n        elif status in ErrorCode.IME_NOT_AVAILABLE:\n            exception_class = ImeNotAvailableException\n        elif status in ErrorCode.IME_ENGINE_ACTIVATION_FAILED:\n            exception_class = ImeActivationFailedException\n        elif status in ErrorCode.MOVE_TARGET_OUT_OF_BOUNDS:\n            exception_class = MoveTargetOutOfBoundsException\n        elif status in ErrorCode.JAVASCRIPT_ERROR:\n            exception_class = JavascriptException\n        elif status in ErrorCode.SESSION_NOT_CREATED:\n            exception_class = SessionNotCreatedException\n        elif status in ErrorCode.INVALID_ARGUMENT:\n            exception_class = InvalidArgumentException\n        elif status in ErrorCode.NO_SUCH_COOKIE:\n            exception_class = NoSuchCookieException\n        elif status in ErrorCode.UNABLE_TO_CAPTURE_SCREEN:\n            exception_class = ScreenshotException\n        elif status in ErrorCode.ELEMENT_CLICK_INTERCEPTED:\n            exception_class = ElementClickInterceptedException\n        elif status in ErrorCode.INSECURE_CERTIFICATE:\n            exception_class = InsecureCertificateException\n        elif status in ErrorCode.INVALID_COORDINATES:\n            exception_class = InvalidCoordinatesException\n        elif status in ErrorCode.INVALID_SESSION_ID:\n            exception_class = InvalidSessionIdException\n        elif status in ErrorCode.UNKNOWN_METHOD:\n            exception_class = UnknownMethodException\n        else:\n            exception_class = WebDriverException\n        if not value:\n            value = response[\"value\"]\n        if isinstance(value, str):\n            raise exception_class(value)\n        if message == \"\" and \"message\" in value:\n            message = value[\"message\"]\n    \n        screen = None  # type: ignore[assignment]\n        if \"screen\" in value:\n            screen = value[\"screen\"]\n    \n        stacktrace = None\n        st_value = value.get(\"stackTrace\") or value.get(\"stacktrace\")\n        if st_value:\n            if isinstance(st_value, str):\n                stacktrace = st_value.split(\"\\n\")\n            else:\n                stacktrace = []\n                try:\n                    for frame in st_value:\n                        line = frame.get(\"lineNumber\", \"\")\n                        file = frame.get(\"fileName\", \"<anonymous>\")\n                        if line:\n                            file = f\"{file}:{line}\"\n                        meth = frame.get(\"methodName\", \"<anonymous>\")\n                        if \"className\" in frame:\n                            meth = f\"{frame['className']}.{meth}\"\n                        msg = \"    at %s (%s)\"\n                        msg = msg % (meth, file)\n                        stacktrace.append(msg)\n                except TypeError:\n                    pass\n        if exception_class == UnexpectedAlertPresentException:\n            alert_text = None\n            if \"data\" in value:\n                alert_text = value[\"data\"].get(\"text\")\n            elif \"alert\" in value:\n                alert_text = value[\"alert\"].get(\"text\")\n            raise exception_class(message, screen, stacktrace, alert_text)  # type: ignore[call-arg]  # mypy is not smart enough here\n>       raise exception_class(message, screen, stacktrace)\nE       selenium.common.exceptions.NoSuchElementException: Message: no such element: Unable to locate element: {\"method\":\"css selector\",\"selector\":\"[id=\"F_Address_subform:Postcode\"]\"}\nE         (Session info: headless chrome=115.0.5790.170); For documentation on this error, please visit: https://www.selenium.dev/documentation/webdriver/troubleshooting/errors#no-such-element-exception\nE       Stacktrace:\nE       #0 0x563381cb2613 <unknown>\nE       #1 0x5633819de537 <unknown>\nE       #2 0x563381a1cf53 <unknown>\nE       #3 0x563381a1d041 <unknown>\nE       #4 0x563381a582a4 <unknown>\nE       #5 0x563381a3da5d <unknown>\nE       #6 0x563381a55d09 <unknown>\nE       #7 0x563381a3d803 <unknown>\nE       #8 0x563381a1168b <unknown>\nE       #9 0x563381a1242e <unknown>\nE       #10 0x563381c73c28 <unknown>\nE       #11 0x563381c77af7 <unknown>\nE       #12 0x563381c8201c <unknown>\nE       #13 0x563381c78723 <unknown>\nE       #14 0x563381c47457 <unknown>\nE       #15 0x563381c9c628 <unknown>\nE       #16 0x563381c9c7b7 <unknown>\nE       #17 0x563381cab483 <unknown>\nE       #18 0x7fd8e0ee0b43 <unknown>\n\n../../../.cache/pypoetry/virtualenvs/uk-bin-collection-EwS6Gn8s-py3.11/lib/python3.11/site-packages/selenium/webdriver/remote/errorhandler.py:245: NoSuchElementException","flaky":false,"newFailed":true,"newBroken":false,"newPassed":false,"retriesCount":0,"retriesStatusChange":false,"beforeStages":[],"testStage":{"status":"failed","statusMessage":"selenium.common.exceptions.NoSuchElementException: Message: no such element: Unable to locate element: {\"method\":\"css selector\",\"selector\":\"[id=\"F_Address_subform:Postcode\"]\"}\n  (Session info: headless chrome=115.0.5790.170); For documentation on this error, please visit: https://www.selenium.dev/documentation/webdriver/troubleshooting/errors#no-such-element-exception\nStacktrace:\n#0 0x563381cb2613 <unknown>\n#1 0x5633819de537 <unknown>\n#2 0x563381a1cf53 <unknown>\n#3 0x563381a1d041 <unknown>\n#4 0x563381a582a4 <unknown>\n#5 0x563381a3da5d <unknown>\n#6 0x563381a55d09 <unknown>\n#7 0x563381a3d803 <unknown>\n#8 0x563381a1168b <unknown>\n#9 0x563381a1242e <unknown>\n#10 0x563381c73c28 <unknown>\n#11 0x563381c77af7 <unknown>\n#12 0x563381c8201c <unknown>\n#13 0x563381c78723 <unknown>\n#14 0x563381c47457 <unknown>\n#15 0x563381c9c628 <unknown>\n#16 0x563381c9c7b7 <unknown>\n#17 0x563381cab483 <unknown>\n#18 0x7fd8e0ee0b43 <unknown>","statusTrace":"request = <FixtureRequest for <Function test_scenario_outline[NorthNorfolkDistrictCouncil]>>\n_pytest_bdd_example = {'council': 'NorthNorfolkDistrictCouncil'}\n\n    @pytest.mark.usefixtures(*func_args)\n    def scenario_wrapper(request: FixtureRequest, _pytest_bdd_example: dict[str, str]) -> Any:\n        scenario = templated_scenario.render(_pytest_bdd_example)\n>       _execute_scenario(feature, scenario, request)\n\n../../../.cache/pypoetry/virtualenvs/uk-bin-collection-EwS6Gn8s-py3.11/lib/python3.11/site-packages/pytest_bdd/scenario.py:187: \n_ _ _ _ _ _ _ _ _ _ _ _ _ _ _ _ _ _ _ _ _ _ _ _ _ _ _ _ _ _ _ _ _ _ _ _ _ _ _ _ \n../../../.cache/pypoetry/virtualenvs/uk-bin-collection-EwS6Gn8s-py3.11/lib/python3.11/site-packages/pytest_bdd/scenario.py:157: in _execute_scenario\n    _execute_step_function(request, scenario, step, step_func)\n../../../.cache/pypoetry/virtualenvs/uk-bin-collection-EwS6Gn8s-py3.11/lib/python3.11/site-packages/pytest_bdd/scenario.py:127: in _execute_step_function\n    return_value = call_fixture_func(fixturefunc=step_func, request=request, kwargs=kwargs)\n../../../.cache/pypoetry/virtualenvs/uk-bin-collection-EwS6Gn8s-py3.11/lib/python3.11/site-packages/_pytest/fixtures.py:902: in call_fixture_func\n    fixture_result = fixturefunc(**kwargs)\nuk_bin_collection/tests/step_defs/test_validate_council.py:62: in scrape_step\n    raise (err)\nuk_bin_collection/tests/step_defs/test_validate_council.py:58: in scrape_step\n    context.parse_result = CollectData.run()\nuk_bin_collection/uk_bin_collection/collect_data.py:71: in run\n    return self.client_code(\nuk_bin_collection/uk_bin_collection/collect_data.py:59: in client_code\n    return get_bin_data_class.template_method(address_url, **kwargs)\nuk_bin_collection/uk_bin_collection/get_bin_data.py:70: in template_method\n    bin_data_dict = self.parse_data(\nuk_bin_collection/uk_bin_collection/councils/NorthNorfolkDistrictCouncil.py:43: in parse_data\n    inputElement_postcode = driver.find_element(\n../../../.cache/pypoetry/virtualenvs/uk-bin-collection-EwS6Gn8s-py3.11/lib/python3.11/site-packages/selenium/webdriver/remote/webdriver.py:740: in find_element\n    return self.execute(Command.FIND_ELEMENT, {\"using\": by, \"value\": value})[\"value\"]\n../../../.cache/pypoetry/virtualenvs/uk-bin-collection-EwS6Gn8s-py3.11/lib/python3.11/site-packages/selenium/webdriver/remote/webdriver.py:346: in execute\n    self.error_handler.check_response(response)\n_ _ _ _ _ _ _ _ _ _ _ _ _ _ _ _ _ _ _ _ _ _ _ _ _ _ _ _ _ _ _ _ _ _ _ _ _ _ _ _ \n\nself = <selenium.webdriver.remote.errorhandler.ErrorHandler object at 0x7f9a63a20990>\nresponse = {'status': 404, 'value': '{\"value\":{\"error\":\"no such element\",\"message\":\"no such element: Unable to locate element: {\\...\\\\n#16 0x563381c9c7b7 \\\\u003Cunknown>\\\\n#17 0x563381cab483 \\\\u003Cunknown>\\\\n#18 0x7fd8e0ee0b43 \\\\u003Cunknown>\\\\n\"}}'}\n\n    def check_response(self, response: Dict[str, Any]) -> None:\n        \"\"\"Checks that a JSON response from the WebDriver does not have an\n        error.\n    \n        :Args:\n         - response - The JSON response from the WebDriver server as a dictionary\n           object.\n    \n        :Raises: If the response contains an error message.\n        \"\"\"\n        status = response.get(\"status\", None)\n        if not status or status == ErrorCode.SUCCESS:\n            return\n        value = None\n        message = response.get(\"message\", \"\")\n        screen: str = response.get(\"screen\", \"\")\n        stacktrace = None\n        if isinstance(status, int):\n            value_json = response.get(\"value\", None)\n            if value_json and isinstance(value_json, str):\n                import json\n    \n                try:\n                    value = json.loads(value_json)\n                    if len(value) == 1:\n                        value = value[\"value\"]\n                    status = value.get(\"error\", None)\n                    if not status:\n                        status = value.get(\"status\", ErrorCode.UNKNOWN_ERROR)\n                        message = value.get(\"value\") or value.get(\"message\")\n                        if not isinstance(message, str):\n                            value = message\n                            message = message.get(\"message\")\n                    else:\n                        message = value.get(\"message\", None)\n                except ValueError:\n                    pass\n    \n        exception_class: Type[WebDriverException]\n        if status in ErrorCode.NO_SUCH_ELEMENT:\n            exception_class = NoSuchElementException\n        elif status in ErrorCode.NO_SUCH_FRAME:\n            exception_class = NoSuchFrameException\n        elif status in ErrorCode.NO_SUCH_SHADOW_ROOT:\n            exception_class = NoSuchShadowRootException\n        elif status in ErrorCode.NO_SUCH_WINDOW:\n            exception_class = NoSuchWindowException\n        elif status in ErrorCode.STALE_ELEMENT_REFERENCE:\n            exception_class = StaleElementReferenceException\n        elif status in ErrorCode.ELEMENT_NOT_VISIBLE:\n            exception_class = ElementNotVisibleException\n        elif status in ErrorCode.INVALID_ELEMENT_STATE:\n            exception_class = InvalidElementStateException\n        elif (\n            status in ErrorCode.INVALID_SELECTOR\n            or status in ErrorCode.INVALID_XPATH_SELECTOR\n            or status in ErrorCode.INVALID_XPATH_SELECTOR_RETURN_TYPER\n        ):\n            exception_class = InvalidSelectorException\n        elif status in ErrorCode.ELEMENT_IS_NOT_SELECTABLE:\n            exception_class = ElementNotSelectableException\n        elif status in ErrorCode.ELEMENT_NOT_INTERACTABLE:\n            exception_class = ElementNotInteractableException\n        elif status in ErrorCode.INVALID_COOKIE_DOMAIN:\n            exception_class = InvalidCookieDomainException\n        elif status in ErrorCode.UNABLE_TO_SET_COOKIE:\n            exception_class = UnableToSetCookieException\n        elif status in ErrorCode.TIMEOUT:\n            exception_class = TimeoutException\n        elif status in ErrorCode.SCRIPT_TIMEOUT:\n            exception_class = TimeoutException\n        elif status in ErrorCode.UNKNOWN_ERROR:\n            exception_class = WebDriverException\n        elif status in ErrorCode.UNEXPECTED_ALERT_OPEN:\n            exception_class = UnexpectedAlertPresentException\n        elif status in ErrorCode.NO_ALERT_OPEN:\n            exception_class = NoAlertPresentException\n        elif status in ErrorCode.IME_NOT_AVAILABLE:\n            exception_class = ImeNotAvailableException\n        elif status in ErrorCode.IME_ENGINE_ACTIVATION_FAILED:\n            exception_class = ImeActivationFailedException\n        elif status in ErrorCode.MOVE_TARGET_OUT_OF_BOUNDS:\n            exception_class = MoveTargetOutOfBoundsException\n        elif status in ErrorCode.JAVASCRIPT_ERROR:\n            exception_class = JavascriptException\n        elif status in ErrorCode.SESSION_NOT_CREATED:\n            exception_class = SessionNotCreatedException\n        elif status in ErrorCode.INVALID_ARGUMENT:\n            exception_class = InvalidArgumentException\n        elif status in ErrorCode.NO_SUCH_COOKIE:\n            exception_class = NoSuchCookieException\n        elif status in ErrorCode.UNABLE_TO_CAPTURE_SCREEN:\n            exception_class = ScreenshotException\n        elif status in ErrorCode.ELEMENT_CLICK_INTERCEPTED:\n            exception_class = ElementClickInterceptedException\n        elif status in ErrorCode.INSECURE_CERTIFICATE:\n            exception_class = InsecureCertificateException\n        elif status in ErrorCode.INVALID_COORDINATES:\n            exception_class = InvalidCoordinatesException\n        elif status in ErrorCode.INVALID_SESSION_ID:\n            exception_class = InvalidSessionIdException\n        elif status in ErrorCode.UNKNOWN_METHOD:\n            exception_class = UnknownMethodException\n        else:\n            exception_class = WebDriverException\n        if not value:\n            value = response[\"value\"]\n        if isinstance(value, str):\n            raise exception_class(value)\n        if message == \"\" and \"message\" in value:\n            message = value[\"message\"]\n    \n        screen = None  # type: ignore[assignment]\n        if \"screen\" in value:\n            screen = value[\"screen\"]\n    \n        stacktrace = None\n        st_value = value.get(\"stackTrace\") or value.get(\"stacktrace\")\n        if st_value:\n            if isinstance(st_value, str):\n                stacktrace = st_value.split(\"\\n\")\n            else:\n                stacktrace = []\n                try:\n                    for frame in st_value:\n                        line = frame.get(\"lineNumber\", \"\")\n                        file = frame.get(\"fileName\", \"<anonymous>\")\n                        if line:\n                            file = f\"{file}:{line}\"\n                        meth = frame.get(\"methodName\", \"<anonymous>\")\n                        if \"className\" in frame:\n                            meth = f\"{frame['className']}.{meth}\"\n                        msg = \"    at %s (%s)\"\n                        msg = msg % (meth, file)\n                        stacktrace.append(msg)\n                except TypeError:\n                    pass\n        if exception_class == UnexpectedAlertPresentException:\n            alert_text = None\n            if \"data\" in value:\n                alert_text = value[\"data\"].get(\"text\")\n            elif \"alert\" in value:\n                alert_text = value[\"alert\"].get(\"text\")\n            raise exception_class(message, screen, stacktrace, alert_text)  # type: ignore[call-arg]  # mypy is not smart enough here\n>       raise exception_class(message, screen, stacktrace)\nE       selenium.common.exceptions.NoSuchElementException: Message: no such element: Unable to locate element: {\"method\":\"css selector\",\"selector\":\"[id=\"F_Address_subform:Postcode\"]\"}\nE         (Session info: headless chrome=115.0.5790.170); For documentation on this error, please visit: https://www.selenium.dev/documentation/webdriver/troubleshooting/errors#no-such-element-exception\nE       Stacktrace:\nE       #0 0x563381cb2613 <unknown>\nE       #1 0x5633819de537 <unknown>\nE       #2 0x563381a1cf53 <unknown>\nE       #3 0x563381a1d041 <unknown>\nE       #4 0x563381a582a4 <unknown>\nE       #5 0x563381a3da5d <unknown>\nE       #6 0x563381a55d09 <unknown>\nE       #7 0x563381a3d803 <unknown>\nE       #8 0x563381a1168b <unknown>\nE       #9 0x563381a1242e <unknown>\nE       #10 0x563381c73c28 <unknown>\nE       #11 0x563381c77af7 <unknown>\nE       #12 0x563381c8201c <unknown>\nE       #13 0x563381c78723 <unknown>\nE       #14 0x563381c47457 <unknown>\nE       #15 0x563381c9c628 <unknown>\nE       #16 0x563381c9c7b7 <unknown>\nE       #17 0x563381cab483 <unknown>\nE       #18 0x7fd8e0ee0b43 <unknown>\n\n../../../.cache/pypoetry/virtualenvs/uk-bin-collection-EwS6Gn8s-py3.11/lib/python3.11/site-packages/selenium/webdriver/remote/errorhandler.py:245: NoSuchElementException","steps":[{"name":"Given the council: NorthNorfolkDistrictCouncil","time":{"start":1692494133592,"stop":1692494133592,"duration":0},"status":"passed","steps":[],"attachments":[],"parameters":[],"stepsCount":0,"attachmentsCount":0,"shouldDisplayMessage":false,"hasContent":false},{"name":"When we scrape the data from NorthNorfolkDistrictCouncil","time":{"start":1692494133593,"stop":1692494136689,"duration":3096},"status":"failed","statusMessage":"Message: no such element: Unable to locate element: {\"method\":\"css selector\",\"selector\":\"[id=\"F_Address_subform:Postcode\"]\"}\n  (Session info: headless chrome=115.0.5790.170); For documentation on this error, please visit: https://www.selenium.dev/documentation/webdriver/troubleshooting/errors#no-such-element-exception\nStacktrace:\n#0 0x563381cb2613 <unknown>\n#1 0x5633819de537 <unknown>\n#2 0x563381a1cf53 <unknown>\n#3 0x563381a1d041 <unknown>\n#4 0x563381a582a4 <unknown>\n#5 0x563381a3da5d <unknown>\n#6 0x563381a55d09 <unknown>\n#7 0x563381a3d803 <unknown>\n#8 0x563381a1168b <unknown>\n#9 0x563381a1242e <unknown>\n#10 0x563381c73c28 <unknown>\n#11 0x563381c77af7 <unknown>\n#12 0x563381c8201c <unknown>\n#13 0x563381c78723 <unknown>\n#14 0x563381c47457 <unknown>\n#15 0x563381c9c628 <unknown>\n#16 0x563381c9c7b7 <unknown>\n#17 0x563381cab483 <unknown>\n#18 0x7fd8e0ee0b43 <unknown>\n","statusTrace":"selenium.common.exceptions.NoSuchElementException: Message: no such element: Unable to locate element: {\"method\":\"css selector\",\"selector\":\"[id=\"F_Address_subform:Postcode\"]\"}\n  (Session info: headless chrome=115.0.5790.170); For documentation on this error, please visit: https://www.selenium.dev/documentation/webdriver/troubleshooting/errors#no-such-element-exception\nStacktrace:\n#0 0x563381cb2613 <unknown>\n#1 0x5633819de537 <unknown>\n#2 0x563381a1cf53 <unknown>\n#3 0x563381a1d041 <unknown>\n#4 0x563381a582a4 <unknown>\n#5 0x563381a3da5d <unknown>\n#6 0x563381a55d09 <unknown>\n#7 0x563381a3d803 <unknown>\n#8 0x563381a1168b <unknown>\n#9 0x563381a1242e <unknown>\n#10 0x563381c73c28 <unknown>\n#11 0x563381c77af7 <unknown>\n#12 0x563381c8201c <unknown>\n#13 0x563381c78723 <unknown>\n#14 0x563381c47457 <unknown>\n#15 0x563381c9c628 <unknown>\n#16 0x563381c9c7b7 <unknown>\n#17 0x563381cab483 <unknown>\n#18 0x7fd8e0ee0b43 <unknown>\n\n","steps":[],"attachments":[],"parameters":[],"stepsCount":0,"attachmentsCount":0,"shouldDisplayMessage":true,"hasContent":true}],"attachments":[],"parameters":[],"stepsCount":2,"attachmentsCount":0,"shouldDisplayMessage":true,"hasContent":true},"afterStages":[],"labels":[{"name":"host","value":"fv-az449-127"},{"name":"thread","value":"2140-MainThread"},{"name":"framework","value":"pytest-bdd"},{"name":"language","value":"cpython3"},{"name":"feature","value":"Test each council output matches expected results in /outputs"},{"name":"resultFormat","value":"allure2"}],"parameters":[{"name":"council","value":"NorthNorfolkDistrictCouncil"}],"links":[],"hidden":false,"retry":false,"extra":{"severity":"normal","retries":[],"categories":[{"name":"Product defects","matchedStatuses":[],"flaky":false}],"history":{"statistic":{"failed":6,"broken":0,"skipped":0,"passed":37,"unknown":0,"total":43},"items":[{"uid":"aab5fc4deadb8060","reportUrl":"https://robbrad.github.io/UKBinCollectionData/3.11/865//#testresult/aab5fc4deadb8060","status":"passed","time":{"start":1692407406846,"stop":1692407414300,"duration":7454}},{"uid":"aa800ec96eec7f98","reportUrl":"https://robbrad.github.io/UKBinCollectionData/3.11/864//#testresult/aa800ec96eec7f98","status":"passed","time":{"start":1692321114682,"stop":1692321122947,"duration":8265}},{"uid":"b9b0bd5625005d1f","reportUrl":"https://robbrad.github.io/UKBinCollectionData/3.11/863//#testresult/b9b0bd5625005d1f","status":"passed","time":{"start":1692294260995,"stop":1692294268695,"duration":7700}},{"uid":"b507dc0118371f9f","reportUrl":"https://robbrad.github.io/UKBinCollectionData/3.11/861//#testresult/b507dc0118371f9f","status":"passed","time":{"start":1692234663975,"stop":1692234671580,"duration":7605}},{"uid":"35fd10e0a3bf0b14","reportUrl":"https://robbrad.github.io/UKBinCollectionData/3.11/860//#testresult/35fd10e0a3bf0b14","status":"passed","time":{"start":1692208465978,"stop":1692208470848,"duration":4870}},{"uid":"ffae73945d2b2a31","reportUrl":"https://robbrad.github.io/UKBinCollectionData/3.11/859//#testresult/ffae73945d2b2a31","status":"passed","time":{"start":1692148288106,"stop":1692148294791,"duration":6685}},{"uid":"1e34ae3e328547d","reportUrl":"https://robbrad.github.io/UKBinCollectionData/3.11/858//#testresult/1e34ae3e328547d","status":"passed","time":{"start":1692061908090,"stop":1692061913666,"duration":5576}},{"uid":"7da6bc972b04aed9","reportUrl":"https://robbrad.github.io/UKBinCollectionData/3.11/856//#testresult/7da6bc972b04aed9","status":"passed","time":{"start":1691975555096,"stop":1691975562198,"duration":7102}},{"uid":"f51f9f50c52b6285","reportUrl":"https://robbrad.github.io/UKBinCollectionData/3.11/855//#testresult/f51f9f50c52b6285","status":"passed","time":{"start":1691889298823,"stop":1691889305871,"duration":7048}},{"uid":"3a666a5288392604","reportUrl":"https://robbrad.github.io/UKBinCollectionData/3.11/854//#testresult/3a666a5288392604","status":"passed","time":{"start":1691802640462,"stop":1691802647572,"duration":7110}},{"uid":"7a95f6dfec1fc194","reportUrl":"https://robbrad.github.io/UKBinCollectionData/3.11/853//#testresult/7a95f6dfec1fc194","status":"passed","time":{"start":1691716238400,"stop":1691716245450,"duration":7050}},{"uid":"75e9e8b00bac0226","reportUrl":"https://robbrad.github.io/UKBinCollectionData/3.11/852//#testresult/75e9e8b00bac0226","status":"passed","time":{"start":1691630805268,"stop":1691630812814,"duration":7546}},{"uid":"cc7e5af63cc7af63","reportUrl":"https://robbrad.github.io/UKBinCollectionData/3.11/851//#testresult/cc7e5af63cc7af63","status":"passed","time":{"start":1691611995981,"stop":1691612002584,"duration":6603}},{"uid":"5c19c71bd5bf2b73","reportUrl":"https://robbrad.github.io/UKBinCollectionData/3.11/847//#testresult/5c19c71bd5bf2b73","status":"passed","time":{"start":1691544359425,"stop":1691544365644,"duration":6219}},{"uid":"dcef0d98adac745d","reportUrl":"https://robbrad.github.io/UKBinCollectionData/3.11/846//#testresult/dcef0d98adac745d","status":"passed","time":{"start":1691457728424,"stop":1691457734733,"duration":6309}},{"uid":"e19f573f62aef045","reportUrl":"https://robbrad.github.io/UKBinCollectionData/3.11/845//#testresult/e19f573f62aef045","status":"passed","time":{"start":1691371638413,"stop":1691371645683,"duration":7270}},{"uid":"d12f5a08b0cd7f34","reportUrl":"https://robbrad.github.io/UKBinCollectionData/3.11/844//#testresult/d12f5a08b0cd7f34","status":"passed","time":{"start":1691284810880,"stop":1691284818082,"duration":7202}},{"uid":"5fb519f9a3579232","reportUrl":"https://robbrad.github.io/UKBinCollectionData/3.11/843//#testresult/5fb519f9a3579232","status":"passed","time":{"start":1691198515496,"stop":1691198520899,"duration":5403}},{"uid":"2d9e5730e5c9346d","reportUrl":"https://robbrad.github.io/UKBinCollectionData/3.11/842//#testresult/2d9e5730e5c9346d","status":"passed","time":{"start":1691112297981,"stop":1691112303508,"duration":5527}},{"uid":"3042ed7c58f760a3","reportUrl":"https://robbrad.github.io/UKBinCollectionData/3.11/841//#testresult/3042ed7c58f760a3","status":"passed","time":{"start":1691025971674,"stop":1691025977143,"duration":5469}}]},"tags":[]},"source":"3d9b65056a0a0faf.json","parameterValues":["NorthNorfolkDistrictCouncil"]}