{"uid":"b9670b8adbd5159c","name":"Validate Council Output [NorthNorfolkDistrictCouncil]","fullName":"features/validate_council_outputs.feature:Validate Council Output","historyId":"6712f2e3b136c8030bb4071a5deccc97","time":{"start":1689717106962,"stop":1689717123515,"duration":16553},"status":"failed","statusMessage":"selenium.common.exceptions.TimeoutException: Message: \nStacktrace:\n#0 0x55ffeee2e4e3 <unknown>\n#1 0x55ffeeb5dc76 <unknown>\n#2 0x55ffeeb99c96 <unknown>\n#3 0x55ffeeb99dc1 <unknown>\n#4 0x55ffeebd37f4 <unknown>\n#5 0x55ffeebb903d <unknown>\n#6 0x55ffeebd130e <unknown>\n#7 0x55ffeebb8de3 <unknown>\n#8 0x55ffeeb8e2dd <unknown>\n#9 0x55ffeeb8f34e <unknown>\n#10 0x55ffeedee3e4 <unknown>\n#11 0x55ffeedf23d7 <unknown>\n#12 0x55ffeedfcb20 <unknown>\n#13 0x55ffeedf3023 <unknown>\n#14 0x55ffeedc11aa <unknown>\n#15 0x55ffeee176b8 <unknown>\n#16 0x55ffeee17847 <unknown>\n#17 0x55ffeee27243 <unknown>\n#18 0x7f10b7928b43 <unknown>","statusTrace":"fixturefunc = <function scrape_step at 0x7f6b735c5940>\nrequest = <FixtureRequest for <Function test_scenario_outline[NorthNorfolkDistrictCouncil]>>\nkwargs = {'context': <test_validate_council.context.<locals>.Context object at 0x7f6b71d943a0>, 'council': 'NorthNorfolkDistrictCouncil'}\n\n    def call_fixture_func(\n        fixturefunc: \"_FixtureFunc[FixtureValue]\", request: FixtureRequest, kwargs\n    ) -> FixtureValue:\n        if is_generator(fixturefunc):\n            fixturefunc = cast(\n                Callable[..., Generator[FixtureValue, None, None]], fixturefunc\n            )\n            generator = fixturefunc(**kwargs)\n            try:\n                fixture_result = next(generator)\n            except StopIteration:\n                raise ValueError(f\"{request.fixturename} did not yield a value\") from None\n            finalizer = functools.partial(_teardown_yield_fixture, fixturefunc, generator)\n            request.addfinalizer(finalizer)\n        else:\n            fixturefunc = cast(Callable[..., FixtureValue], fixturefunc)\n>           fixture_result = fixturefunc(**kwargs)\n\n../../../.cache/pypoetry/virtualenvs/uk-bin-collection-EwS6Gn8s-py3.8/lib/python3.8/site-packages/_pytest/fixtures.py:909: \n_ _ _ _ _ _ _ _ _ _ _ _ _ _ _ _ _ _ _ _ _ _ _ _ _ _ _ _ _ _ _ _ _ _ _ _ _ _ _ _ \nuk_bin_collection/tests/step_defs/test_validate_council.py:60: in scrape_step\n    raise (err)\nuk_bin_collection/tests/step_defs/test_validate_council.py:56: in scrape_step\n    context.parse_result = collect_data.main(args)\nuk_bin_collection/uk_bin_collection/collect_data.py:76: in main\n    return client_code(\nuk_bin_collection/uk_bin_collection/collect_data.py:24: in client_code\n    return get_bin_data_class.template_method(address_url, **kwargs)\nuk_bin_collection/uk_bin_collection/get_bin_data.py:70: in template_method\n    bin_data_dict = self.parse_data(\nuk_bin_collection/uk_bin_collection/councils/NorthNorfolkDistrictCouncil.py:66: in parse_data\n    WebDriverWait(driver, 10).until(\n_ _ _ _ _ _ _ _ _ _ _ _ _ _ _ _ _ _ _ _ _ _ _ _ _ _ _ _ _ _ _ _ _ _ _ _ _ _ _ _ \n\nself = <selenium.webdriver.support.wait.WebDriverWait (session=\"b71aba842c3239460ac56823a755362a\")>\nmethod = <function presence_of_element_located.<locals>._predicate at 0x7f6b71e9cb80>\nmessage = ''\n\n    def until(self, method, message: str = \"\"):\n        \"\"\"Calls the method provided with the driver as an argument until the \\\n        return value does not evaluate to ``False``.\n    \n        :param method: callable(WebDriver)\n        :param message: optional message for :exc:`TimeoutException`\n        :returns: the result of the last call to `method`\n        :raises: :exc:`selenium.common.exceptions.TimeoutException` if timeout occurs\n        \"\"\"\n        screen = None\n        stacktrace = None\n    \n        end_time = time.monotonic() + self._timeout\n        while True:\n            try:\n                value = method(self._driver)\n                if value:\n                    return value\n            except self._ignored_exceptions as exc:\n                screen = getattr(exc, \"screen\", None)\n                stacktrace = getattr(exc, \"stacktrace\", None)\n            time.sleep(self._poll)\n            if time.monotonic() > end_time:\n                break\n>       raise TimeoutException(message, screen, stacktrace)\nE       selenium.common.exceptions.TimeoutException: Message: \nE       Stacktrace:\nE       #0 0x55ffeee2e4e3 <unknown>\nE       #1 0x55ffeeb5dc76 <unknown>\nE       #2 0x55ffeeb99c96 <unknown>\nE       #3 0x55ffeeb99dc1 <unknown>\nE       #4 0x55ffeebd37f4 <unknown>\nE       #5 0x55ffeebb903d <unknown>\nE       #6 0x55ffeebd130e <unknown>\nE       #7 0x55ffeebb8de3 <unknown>\nE       #8 0x55ffeeb8e2dd <unknown>\nE       #9 0x55ffeeb8f34e <unknown>\nE       #10 0x55ffeedee3e4 <unknown>\nE       #11 0x55ffeedf23d7 <unknown>\nE       #12 0x55ffeedfcb20 <unknown>\nE       #13 0x55ffeedf3023 <unknown>\nE       #14 0x55ffeedc11aa <unknown>\nE       #15 0x55ffeee176b8 <unknown>\nE       #16 0x55ffeee17847 <unknown>\nE       #17 0x55ffeee27243 <unknown>\nE       #18 0x7f10b7928b43 <unknown>\n\n../../../.cache/pypoetry/virtualenvs/uk-bin-collection-EwS6Gn8s-py3.8/lib/python3.8/site-packages/selenium/webdriver/support/wait.py:95: TimeoutException","flaky":false,"newFailed":true,"newBroken":false,"newPassed":false,"retriesCount":0,"retriesStatusChange":false,"beforeStages":[],"testStage":{"status":"failed","statusMessage":"selenium.common.exceptions.TimeoutException: Message: \nStacktrace:\n#0 0x55ffeee2e4e3 <unknown>\n#1 0x55ffeeb5dc76 <unknown>\n#2 0x55ffeeb99c96 <unknown>\n#3 0x55ffeeb99dc1 <unknown>\n#4 0x55ffeebd37f4 <unknown>\n#5 0x55ffeebb903d <unknown>\n#6 0x55ffeebd130e <unknown>\n#7 0x55ffeebb8de3 <unknown>\n#8 0x55ffeeb8e2dd <unknown>\n#9 0x55ffeeb8f34e <unknown>\n#10 0x55ffeedee3e4 <unknown>\n#11 0x55ffeedf23d7 <unknown>\n#12 0x55ffeedfcb20 <unknown>\n#13 0x55ffeedf3023 <unknown>\n#14 0x55ffeedc11aa <unknown>\n#15 0x55ffeee176b8 <unknown>\n#16 0x55ffeee17847 <unknown>\n#17 0x55ffeee27243 <unknown>\n#18 0x7f10b7928b43 <unknown>","statusTrace":"fixturefunc = <function scrape_step at 0x7f6b735c5940>\nrequest = <FixtureRequest for <Function test_scenario_outline[NorthNorfolkDistrictCouncil]>>\nkwargs = {'context': <test_validate_council.context.<locals>.Context object at 0x7f6b71d943a0>, 'council': 'NorthNorfolkDistrictCouncil'}\n\n    def call_fixture_func(\n        fixturefunc: \"_FixtureFunc[FixtureValue]\", request: FixtureRequest, kwargs\n    ) -> FixtureValue:\n        if is_generator(fixturefunc):\n            fixturefunc = cast(\n                Callable[..., Generator[FixtureValue, None, None]], fixturefunc\n            )\n            generator = fixturefunc(**kwargs)\n            try:\n                fixture_result = next(generator)\n            except StopIteration:\n                raise ValueError(f\"{request.fixturename} did not yield a value\") from None\n            finalizer = functools.partial(_teardown_yield_fixture, fixturefunc, generator)\n            request.addfinalizer(finalizer)\n        else:\n            fixturefunc = cast(Callable[..., FixtureValue], fixturefunc)\n>           fixture_result = fixturefunc(**kwargs)\n\n../../../.cache/pypoetry/virtualenvs/uk-bin-collection-EwS6Gn8s-py3.8/lib/python3.8/site-packages/_pytest/fixtures.py:909: \n_ _ _ _ _ _ _ _ _ _ _ _ _ _ _ _ _ _ _ _ _ _ _ _ _ _ _ _ _ _ _ _ _ _ _ _ _ _ _ _ \nuk_bin_collection/tests/step_defs/test_validate_council.py:60: in scrape_step\n    raise (err)\nuk_bin_collection/tests/step_defs/test_validate_council.py:56: in scrape_step\n    context.parse_result = collect_data.main(args)\nuk_bin_collection/uk_bin_collection/collect_data.py:76: in main\n    return client_code(\nuk_bin_collection/uk_bin_collection/collect_data.py:24: in client_code\n    return get_bin_data_class.template_method(address_url, **kwargs)\nuk_bin_collection/uk_bin_collection/get_bin_data.py:70: in template_method\n    bin_data_dict = self.parse_data(\nuk_bin_collection/uk_bin_collection/councils/NorthNorfolkDistrictCouncil.py:66: in parse_data\n    WebDriverWait(driver, 10).until(\n_ _ _ _ _ _ _ _ _ _ _ _ _ _ _ _ _ _ _ _ _ _ _ _ _ _ _ _ _ _ _ _ _ _ _ _ _ _ _ _ \n\nself = <selenium.webdriver.support.wait.WebDriverWait (session=\"b71aba842c3239460ac56823a755362a\")>\nmethod = <function presence_of_element_located.<locals>._predicate at 0x7f6b71e9cb80>\nmessage = ''\n\n    def until(self, method, message: str = \"\"):\n        \"\"\"Calls the method provided with the driver as an argument until the \\\n        return value does not evaluate to ``False``.\n    \n        :param method: callable(WebDriver)\n        :param message: optional message for :exc:`TimeoutException`\n        :returns: the result of the last call to `method`\n        :raises: :exc:`selenium.common.exceptions.TimeoutException` if timeout occurs\n        \"\"\"\n        screen = None\n        stacktrace = None\n    \n        end_time = time.monotonic() + self._timeout\n        while True:\n            try:\n                value = method(self._driver)\n                if value:\n                    return value\n            except self._ignored_exceptions as exc:\n                screen = getattr(exc, \"screen\", None)\n                stacktrace = getattr(exc, \"stacktrace\", None)\n            time.sleep(self._poll)\n            if time.monotonic() > end_time:\n                break\n>       raise TimeoutException(message, screen, stacktrace)\nE       selenium.common.exceptions.TimeoutException: Message: \nE       Stacktrace:\nE       #0 0x55ffeee2e4e3 <unknown>\nE       #1 0x55ffeeb5dc76 <unknown>\nE       #2 0x55ffeeb99c96 <unknown>\nE       #3 0x55ffeeb99dc1 <unknown>\nE       #4 0x55ffeebd37f4 <unknown>\nE       #5 0x55ffeebb903d <unknown>\nE       #6 0x55ffeebd130e <unknown>\nE       #7 0x55ffeebb8de3 <unknown>\nE       #8 0x55ffeeb8e2dd <unknown>\nE       #9 0x55ffeeb8f34e <unknown>\nE       #10 0x55ffeedee3e4 <unknown>\nE       #11 0x55ffeedf23d7 <unknown>\nE       #12 0x55ffeedfcb20 <unknown>\nE       #13 0x55ffeedf3023 <unknown>\nE       #14 0x55ffeedc11aa <unknown>\nE       #15 0x55ffeee176b8 <unknown>\nE       #16 0x55ffeee17847 <unknown>\nE       #17 0x55ffeee27243 <unknown>\nE       #18 0x7f10b7928b43 <unknown>\n\n../../../.cache/pypoetry/virtualenvs/uk-bin-collection-EwS6Gn8s-py3.8/lib/python3.8/site-packages/selenium/webdriver/support/wait.py:95: TimeoutException","steps":[{"name":"Given the council: NorthNorfolkDistrictCouncil","time":{"start":1689717106962,"stop":1689717106963,"duration":1},"status":"passed","steps":[],"attachments":[],"parameters":[],"stepsCount":0,"attachmentsCount":0,"shouldDisplayMessage":false,"hasContent":false},{"name":"When we scrape the data from NorthNorfolkDistrictCouncil","time":{"start":1689717106963,"stop":1689717123515,"duration":16552},"status":"failed","statusMessage":"Message: \nStacktrace:\n#0 0x55ffeee2e4e3 <unknown>\n#1 0x55ffeeb5dc76 <unknown>\n#2 0x55ffeeb99c96 <unknown>\n#3 0x55ffeeb99dc1 <unknown>\n#4 0x55ffeebd37f4 <unknown>\n#5 0x55ffeebb903d <unknown>\n#6 0x55ffeebd130e <unknown>\n#7 0x55ffeebb8de3 <unknown>\n#8 0x55ffeeb8e2dd <unknown>\n#9 0x55ffeeb8f34e <unknown>\n#10 0x55ffeedee3e4 <unknown>\n#11 0x55ffeedf23d7 <unknown>\n#12 0x55ffeedfcb20 <unknown>\n#13 0x55ffeedf3023 <unknown>\n#14 0x55ffeedc11aa <unknown>\n#15 0x55ffeee176b8 <unknown>\n#16 0x55ffeee17847 <unknown>\n#17 0x55ffeee27243 <unknown>\n#18 0x7f10b7928b43 <unknown>\n","statusTrace":"selenium.common.exceptions.TimeoutException: Message: \nStacktrace:\n#0 0x55ffeee2e4e3 <unknown>\n#1 0x55ffeeb5dc76 <unknown>\n#2 0x55ffeeb99c96 <unknown>\n#3 0x55ffeeb99dc1 <unknown>\n#4 0x55ffeebd37f4 <unknown>\n#5 0x55ffeebb903d <unknown>\n#6 0x55ffeebd130e <unknown>\n#7 0x55ffeebb8de3 <unknown>\n#8 0x55ffeeb8e2dd <unknown>\n#9 0x55ffeeb8f34e <unknown>\n#10 0x55ffeedee3e4 <unknown>\n#11 0x55ffeedf23d7 <unknown>\n#12 0x55ffeedfcb20 <unknown>\n#13 0x55ffeedf3023 <unknown>\n#14 0x55ffeedc11aa <unknown>\n#15 0x55ffeee176b8 <unknown>\n#16 0x55ffeee17847 <unknown>\n#17 0x55ffeee27243 <unknown>\n#18 0x7f10b7928b43 <unknown>\n\n","steps":[],"attachments":[],"parameters":[],"stepsCount":0,"attachmentsCount":0,"shouldDisplayMessage":true,"hasContent":true}],"attachments":[],"parameters":[],"stepsCount":2,"attachmentsCount":0,"shouldDisplayMessage":true,"hasContent":true},"afterStages":[],"labels":[{"name":"host","value":"fv-az465-491"},{"name":"thread","value":"2677-MainThread"},{"name":"framework","value":"pytest-bdd"},{"name":"language","value":"cpython3"},{"name":"feature","value":"Test each council output matches expected results in /outputs"},{"name":"resultFormat","value":"allure2"}],"parameters":[{"name":"council","value":"NorthNorfolkDistrictCouncil"}],"links":[],"hidden":false,"retry":false,"extra":{"severity":"normal","retries":[],"categories":[{"name":"Product defects","matchedStatuses":[],"flaky":false}],"history":{"statistic":{"failed":1,"broken":0,"skipped":0,"passed":1,"unknown":0,"total":2},"items":[{"uid":"d1c0031865bed286","reportUrl":"https://robbrad.github.io/UKBinCollectionData/3.8/803//#testresult/d1c0031865bed286","status":"passed","time":{"start":1689547485368,"stop":1689547492933,"duration":7565}}]},"tags":[]},"source":"b9670b8adbd5159c.json","parameterValues":["NorthNorfolkDistrictCouncil"]}