{"uid":"d8f5a8ceceaa44db","name":"Validate Council Output [NorthNorfolkDistrictCouncil]","fullName":"features/validate_council_outputs.feature:Validate Council Output","historyId":"6712f2e3b136c8030bb4071a5deccc97","time":{"start":1692494106733,"stop":1692494109168,"duration":2435},"status":"failed","statusMessage":"selenium.common.exceptions.NoSuchElementException: Message: no such element: Unable to locate element: {\"method\":\"css selector\",\"selector\":\"[id=\"F_Address_subform:Postcode\"]\"}\n  (Session info: headless chrome=115.0.5790.170); For documentation on this error, please visit: https://www.selenium.dev/documentation/webdriver/troubleshooting/errors#no-such-element-exception\nStacktrace:\n#0 0x5617cf0fd613 <unknown>\n#1 0x5617cee29537 <unknown>\n#2 0x5617cee67f53 <unknown>\n#3 0x5617cee68041 <unknown>\n#4 0x5617ceea32a4 <unknown>\n#5 0x5617cee88a5d <unknown>\n#6 0x5617ceea0d09 <unknown>\n#7 0x5617cee88803 <unknown>\n#8 0x5617cee5c68b <unknown>\n#9 0x5617cee5d42e <unknown>\n#10 0x5617cf0bec28 <unknown>\n#11 0x5617cf0c2af7 <unknown>\n#12 0x5617cf0cd01c <unknown>\n#13 0x5617cf0c3723 <unknown>\n#14 0x5617cf092457 <unknown>\n#15 0x5617cf0e7628 <unknown>\n#16 0x5617cf0e77b7 <unknown>\n#17 0x5617cf0f6483 <unknown>\n#18 0x7f4e6f619b43 <unknown>","statusTrace":"request = <FixtureRequest for <Function test_scenario_outline[NorthNorfolkDistrictCouncil]>>\n_pytest_bdd_example = {'council': 'NorthNorfolkDistrictCouncil'}\n\n    @pytest.mark.usefixtures(*func_args)\n    def scenario_wrapper(request: FixtureRequest, _pytest_bdd_example: dict[str, str]) -> Any:\n        scenario = templated_scenario.render(_pytest_bdd_example)\n>       _execute_scenario(feature, scenario, request)\n\n../../../.cache/pypoetry/virtualenvs/uk-bin-collection-EwS6Gn8s-py3.10/lib/python3.10/site-packages/pytest_bdd/scenario.py:187: \n_ _ _ _ _ _ _ _ _ _ _ _ _ _ _ _ _ _ _ _ _ _ _ _ _ _ _ _ _ _ _ _ _ _ _ _ _ _ _ _ \n../../../.cache/pypoetry/virtualenvs/uk-bin-collection-EwS6Gn8s-py3.10/lib/python3.10/site-packages/pytest_bdd/scenario.py:157: in _execute_scenario\n    _execute_step_function(request, scenario, step, step_func)\n../../../.cache/pypoetry/virtualenvs/uk-bin-collection-EwS6Gn8s-py3.10/lib/python3.10/site-packages/pytest_bdd/scenario.py:127: in _execute_step_function\n    return_value = call_fixture_func(fixturefunc=step_func, request=request, kwargs=kwargs)\n../../../.cache/pypoetry/virtualenvs/uk-bin-collection-EwS6Gn8s-py3.10/lib/python3.10/site-packages/_pytest/fixtures.py:902: in call_fixture_func\n    fixture_result = fixturefunc(**kwargs)\nuk_bin_collection/tests/step_defs/test_validate_council.py:62: in scrape_step\n    raise (err)\nuk_bin_collection/tests/step_defs/test_validate_council.py:58: in scrape_step\n    context.parse_result = CollectData.run()\nuk_bin_collection/uk_bin_collection/collect_data.py:71: in run\n    return self.client_code(\nuk_bin_collection/uk_bin_collection/collect_data.py:59: in client_code\n    return get_bin_data_class.template_method(address_url, **kwargs)\nuk_bin_collection/uk_bin_collection/get_bin_data.py:70: in template_method\n    bin_data_dict = self.parse_data(\nuk_bin_collection/uk_bin_collection/councils/NorthNorfolkDistrictCouncil.py:43: in parse_data\n    inputElement_postcode = driver.find_element(\n../../../.cache/pypoetry/virtualenvs/uk-bin-collection-EwS6Gn8s-py3.10/lib/python3.10/site-packages/selenium/webdriver/remote/webdriver.py:740: in find_element\n    return self.execute(Command.FIND_ELEMENT, {\"using\": by, \"value\": value})[\"value\"]\n../../../.cache/pypoetry/virtualenvs/uk-bin-collection-EwS6Gn8s-py3.10/lib/python3.10/site-packages/selenium/webdriver/remote/webdriver.py:346: in execute\n    self.error_handler.check_response(response)\n_ _ _ _ _ _ _ _ _ _ _ _ _ _ _ _ _ _ _ _ _ _ _ _ _ _ _ _ _ _ _ _ _ _ _ _ _ _ _ _ \n\nself = <selenium.webdriver.remote.errorhandler.ErrorHandler object at 0x7fca8b81ee90>\nresponse = {'status': 404, 'value': '{\"value\":{\"error\":\"no such element\",\"message\":\"no such element: Unable to locate element: {\\...\\\\n#16 0x5617cf0e77b7 \\\\u003Cunknown>\\\\n#17 0x5617cf0f6483 \\\\u003Cunknown>\\\\n#18 0x7f4e6f619b43 \\\\u003Cunknown>\\\\n\"}}'}\n\n    def check_response(self, response: Dict[str, Any]) -> None:\n        \"\"\"Checks that a JSON response from the WebDriver does not have an\n        error.\n    \n        :Args:\n         - response - The JSON response from the WebDriver server as a dictionary\n           object.\n    \n        :Raises: If the response contains an error message.\n        \"\"\"\n        status = response.get(\"status\", None)\n        if not status or status == ErrorCode.SUCCESS:\n            return\n        value = None\n        message = response.get(\"message\", \"\")\n        screen: str = response.get(\"screen\", \"\")\n        stacktrace = None\n        if isinstance(status, int):\n            value_json = response.get(\"value\", None)\n            if value_json and isinstance(value_json, str):\n                import json\n    \n                try:\n                    value = json.loads(value_json)\n                    if len(value) == 1:\n                        value = value[\"value\"]\n                    status = value.get(\"error\", None)\n                    if not status:\n                        status = value.get(\"status\", ErrorCode.UNKNOWN_ERROR)\n                        message = value.get(\"value\") or value.get(\"message\")\n                        if not isinstance(message, str):\n                            value = message\n                            message = message.get(\"message\")\n                    else:\n                        message = value.get(\"message\", None)\n                except ValueError:\n                    pass\n    \n        exception_class: Type[WebDriverException]\n        if status in ErrorCode.NO_SUCH_ELEMENT:\n            exception_class = NoSuchElementException\n        elif status in ErrorCode.NO_SUCH_FRAME:\n            exception_class = NoSuchFrameException\n        elif status in ErrorCode.NO_SUCH_SHADOW_ROOT:\n            exception_class = NoSuchShadowRootException\n        elif status in ErrorCode.NO_SUCH_WINDOW:\n            exception_class = NoSuchWindowException\n        elif status in ErrorCode.STALE_ELEMENT_REFERENCE:\n            exception_class = StaleElementReferenceException\n        elif status in ErrorCode.ELEMENT_NOT_VISIBLE:\n            exception_class = ElementNotVisibleException\n        elif status in ErrorCode.INVALID_ELEMENT_STATE:\n            exception_class = InvalidElementStateException\n        elif (\n            status in ErrorCode.INVALID_SELECTOR\n            or status in ErrorCode.INVALID_XPATH_SELECTOR\n            or status in ErrorCode.INVALID_XPATH_SELECTOR_RETURN_TYPER\n        ):\n            exception_class = InvalidSelectorException\n        elif status in ErrorCode.ELEMENT_IS_NOT_SELECTABLE:\n            exception_class = ElementNotSelectableException\n        elif status in ErrorCode.ELEMENT_NOT_INTERACTABLE:\n            exception_class = ElementNotInteractableException\n        elif status in ErrorCode.INVALID_COOKIE_DOMAIN:\n            exception_class = InvalidCookieDomainException\n        elif status in ErrorCode.UNABLE_TO_SET_COOKIE:\n            exception_class = UnableToSetCookieException\n        elif status in ErrorCode.TIMEOUT:\n            exception_class = TimeoutException\n        elif status in ErrorCode.SCRIPT_TIMEOUT:\n            exception_class = TimeoutException\n        elif status in ErrorCode.UNKNOWN_ERROR:\n            exception_class = WebDriverException\n        elif status in ErrorCode.UNEXPECTED_ALERT_OPEN:\n            exception_class = UnexpectedAlertPresentException\n        elif status in ErrorCode.NO_ALERT_OPEN:\n            exception_class = NoAlertPresentException\n        elif status in ErrorCode.IME_NOT_AVAILABLE:\n            exception_class = ImeNotAvailableException\n        elif status in ErrorCode.IME_ENGINE_ACTIVATION_FAILED:\n            exception_class = ImeActivationFailedException\n        elif status in ErrorCode.MOVE_TARGET_OUT_OF_BOUNDS:\n            exception_class = MoveTargetOutOfBoundsException\n        elif status in ErrorCode.JAVASCRIPT_ERROR:\n            exception_class = JavascriptException\n        elif status in ErrorCode.SESSION_NOT_CREATED:\n            exception_class = SessionNotCreatedException\n        elif status in ErrorCode.INVALID_ARGUMENT:\n            exception_class = InvalidArgumentException\n        elif status in ErrorCode.NO_SUCH_COOKIE:\n            exception_class = NoSuchCookieException\n        elif status in ErrorCode.UNABLE_TO_CAPTURE_SCREEN:\n            exception_class = ScreenshotException\n        elif status in ErrorCode.ELEMENT_CLICK_INTERCEPTED:\n            exception_class = ElementClickInterceptedException\n        elif status in ErrorCode.INSECURE_CERTIFICATE:\n            exception_class = InsecureCertificateException\n        elif status in ErrorCode.INVALID_COORDINATES:\n            exception_class = InvalidCoordinatesException\n        elif status in ErrorCode.INVALID_SESSION_ID:\n            exception_class = InvalidSessionIdException\n        elif status in ErrorCode.UNKNOWN_METHOD:\n            exception_class = UnknownMethodException\n        else:\n            exception_class = WebDriverException\n        if not value:\n            value = response[\"value\"]\n        if isinstance(value, str):\n            raise exception_class(value)\n        if message == \"\" and \"message\" in value:\n            message = value[\"message\"]\n    \n        screen = None  # type: ignore[assignment]\n        if \"screen\" in value:\n            screen = value[\"screen\"]\n    \n        stacktrace = None\n        st_value = value.get(\"stackTrace\") or value.get(\"stacktrace\")\n        if st_value:\n            if isinstance(st_value, str):\n                stacktrace = st_value.split(\"\\n\")\n            else:\n                stacktrace = []\n                try:\n                    for frame in st_value:\n                        line = frame.get(\"lineNumber\", \"\")\n                        file = frame.get(\"fileName\", \"<anonymous>\")\n                        if line:\n                            file = f\"{file}:{line}\"\n                        meth = frame.get(\"methodName\", \"<anonymous>\")\n                        if \"className\" in frame:\n                            meth = f\"{frame['className']}.{meth}\"\n                        msg = \"    at %s (%s)\"\n                        msg = msg % (meth, file)\n                        stacktrace.append(msg)\n                except TypeError:\n                    pass\n        if exception_class == UnexpectedAlertPresentException:\n            alert_text = None\n            if \"data\" in value:\n                alert_text = value[\"data\"].get(\"text\")\n            elif \"alert\" in value:\n                alert_text = value[\"alert\"].get(\"text\")\n            raise exception_class(message, screen, stacktrace, alert_text)  # type: ignore[call-arg]  # mypy is not smart enough here\n>       raise exception_class(message, screen, stacktrace)\nE       selenium.common.exceptions.NoSuchElementException: Message: no such element: Unable to locate element: {\"method\":\"css selector\",\"selector\":\"[id=\"F_Address_subform:Postcode\"]\"}\nE         (Session info: headless chrome=115.0.5790.170); For documentation on this error, please visit: https://www.selenium.dev/documentation/webdriver/troubleshooting/errors#no-such-element-exception\nE       Stacktrace:\nE       #0 0x5617cf0fd613 <unknown>\nE       #1 0x5617cee29537 <unknown>\nE       #2 0x5617cee67f53 <unknown>\nE       #3 0x5617cee68041 <unknown>\nE       #4 0x5617ceea32a4 <unknown>\nE       #5 0x5617cee88a5d <unknown>\nE       #6 0x5617ceea0d09 <unknown>\nE       #7 0x5617cee88803 <unknown>\nE       #8 0x5617cee5c68b <unknown>\nE       #9 0x5617cee5d42e <unknown>\nE       #10 0x5617cf0bec28 <unknown>\nE       #11 0x5617cf0c2af7 <unknown>\nE       #12 0x5617cf0cd01c <unknown>\nE       #13 0x5617cf0c3723 <unknown>\nE       #14 0x5617cf092457 <unknown>\nE       #15 0x5617cf0e7628 <unknown>\nE       #16 0x5617cf0e77b7 <unknown>\nE       #17 0x5617cf0f6483 <unknown>\nE       #18 0x7f4e6f619b43 <unknown>\n\n../../../.cache/pypoetry/virtualenvs/uk-bin-collection-EwS6Gn8s-py3.10/lib/python3.10/site-packages/selenium/webdriver/remote/errorhandler.py:245: NoSuchElementException","flaky":false,"newFailed":true,"newBroken":false,"newPassed":false,"retriesCount":0,"retriesStatusChange":false,"beforeStages":[],"testStage":{"status":"failed","statusMessage":"selenium.common.exceptions.NoSuchElementException: Message: no such element: Unable to locate element: {\"method\":\"css selector\",\"selector\":\"[id=\"F_Address_subform:Postcode\"]\"}\n  (Session info: headless chrome=115.0.5790.170); For documentation on this error, please visit: https://www.selenium.dev/documentation/webdriver/troubleshooting/errors#no-such-element-exception\nStacktrace:\n#0 0x5617cf0fd613 <unknown>\n#1 0x5617cee29537 <unknown>\n#2 0x5617cee67f53 <unknown>\n#3 0x5617cee68041 <unknown>\n#4 0x5617ceea32a4 <unknown>\n#5 0x5617cee88a5d <unknown>\n#6 0x5617ceea0d09 <unknown>\n#7 0x5617cee88803 <unknown>\n#8 0x5617cee5c68b <unknown>\n#9 0x5617cee5d42e <unknown>\n#10 0x5617cf0bec28 <unknown>\n#11 0x5617cf0c2af7 <unknown>\n#12 0x5617cf0cd01c <unknown>\n#13 0x5617cf0c3723 <unknown>\n#14 0x5617cf092457 <unknown>\n#15 0x5617cf0e7628 <unknown>\n#16 0x5617cf0e77b7 <unknown>\n#17 0x5617cf0f6483 <unknown>\n#18 0x7f4e6f619b43 <unknown>","statusTrace":"request = <FixtureRequest for <Function test_scenario_outline[NorthNorfolkDistrictCouncil]>>\n_pytest_bdd_example = {'council': 'NorthNorfolkDistrictCouncil'}\n\n    @pytest.mark.usefixtures(*func_args)\n    def scenario_wrapper(request: FixtureRequest, _pytest_bdd_example: dict[str, str]) -> Any:\n        scenario = templated_scenario.render(_pytest_bdd_example)\n>       _execute_scenario(feature, scenario, request)\n\n../../../.cache/pypoetry/virtualenvs/uk-bin-collection-EwS6Gn8s-py3.10/lib/python3.10/site-packages/pytest_bdd/scenario.py:187: \n_ _ _ _ _ _ _ _ _ _ _ _ _ _ _ _ _ _ _ _ _ _ _ _ _ _ _ _ _ _ _ _ _ _ _ _ _ _ _ _ \n../../../.cache/pypoetry/virtualenvs/uk-bin-collection-EwS6Gn8s-py3.10/lib/python3.10/site-packages/pytest_bdd/scenario.py:157: in _execute_scenario\n    _execute_step_function(request, scenario, step, step_func)\n../../../.cache/pypoetry/virtualenvs/uk-bin-collection-EwS6Gn8s-py3.10/lib/python3.10/site-packages/pytest_bdd/scenario.py:127: in _execute_step_function\n    return_value = call_fixture_func(fixturefunc=step_func, request=request, kwargs=kwargs)\n../../../.cache/pypoetry/virtualenvs/uk-bin-collection-EwS6Gn8s-py3.10/lib/python3.10/site-packages/_pytest/fixtures.py:902: in call_fixture_func\n    fixture_result = fixturefunc(**kwargs)\nuk_bin_collection/tests/step_defs/test_validate_council.py:62: in scrape_step\n    raise (err)\nuk_bin_collection/tests/step_defs/test_validate_council.py:58: in scrape_step\n    context.parse_result = CollectData.run()\nuk_bin_collection/uk_bin_collection/collect_data.py:71: in run\n    return self.client_code(\nuk_bin_collection/uk_bin_collection/collect_data.py:59: in client_code\n    return get_bin_data_class.template_method(address_url, **kwargs)\nuk_bin_collection/uk_bin_collection/get_bin_data.py:70: in template_method\n    bin_data_dict = self.parse_data(\nuk_bin_collection/uk_bin_collection/councils/NorthNorfolkDistrictCouncil.py:43: in parse_data\n    inputElement_postcode = driver.find_element(\n../../../.cache/pypoetry/virtualenvs/uk-bin-collection-EwS6Gn8s-py3.10/lib/python3.10/site-packages/selenium/webdriver/remote/webdriver.py:740: in find_element\n    return self.execute(Command.FIND_ELEMENT, {\"using\": by, \"value\": value})[\"value\"]\n../../../.cache/pypoetry/virtualenvs/uk-bin-collection-EwS6Gn8s-py3.10/lib/python3.10/site-packages/selenium/webdriver/remote/webdriver.py:346: in execute\n    self.error_handler.check_response(response)\n_ _ _ _ _ _ _ _ _ _ _ _ _ _ _ _ _ _ _ _ _ _ _ _ _ _ _ _ _ _ _ _ _ _ _ _ _ _ _ _ \n\nself = <selenium.webdriver.remote.errorhandler.ErrorHandler object at 0x7fca8b81ee90>\nresponse = {'status': 404, 'value': '{\"value\":{\"error\":\"no such element\",\"message\":\"no such element: Unable to locate element: {\\...\\\\n#16 0x5617cf0e77b7 \\\\u003Cunknown>\\\\n#17 0x5617cf0f6483 \\\\u003Cunknown>\\\\n#18 0x7f4e6f619b43 \\\\u003Cunknown>\\\\n\"}}'}\n\n    def check_response(self, response: Dict[str, Any]) -> None:\n        \"\"\"Checks that a JSON response from the WebDriver does not have an\n        error.\n    \n        :Args:\n         - response - The JSON response from the WebDriver server as a dictionary\n           object.\n    \n        :Raises: If the response contains an error message.\n        \"\"\"\n        status = response.get(\"status\", None)\n        if not status or status == ErrorCode.SUCCESS:\n            return\n        value = None\n        message = response.get(\"message\", \"\")\n        screen: str = response.get(\"screen\", \"\")\n        stacktrace = None\n        if isinstance(status, int):\n            value_json = response.get(\"value\", None)\n            if value_json and isinstance(value_json, str):\n                import json\n    \n                try:\n                    value = json.loads(value_json)\n                    if len(value) == 1:\n                        value = value[\"value\"]\n                    status = value.get(\"error\", None)\n                    if not status:\n                        status = value.get(\"status\", ErrorCode.UNKNOWN_ERROR)\n                        message = value.get(\"value\") or value.get(\"message\")\n                        if not isinstance(message, str):\n                            value = message\n                            message = message.get(\"message\")\n                    else:\n                        message = value.get(\"message\", None)\n                except ValueError:\n                    pass\n    \n        exception_class: Type[WebDriverException]\n        if status in ErrorCode.NO_SUCH_ELEMENT:\n            exception_class = NoSuchElementException\n        elif status in ErrorCode.NO_SUCH_FRAME:\n            exception_class = NoSuchFrameException\n        elif status in ErrorCode.NO_SUCH_SHADOW_ROOT:\n            exception_class = NoSuchShadowRootException\n        elif status in ErrorCode.NO_SUCH_WINDOW:\n            exception_class = NoSuchWindowException\n        elif status in ErrorCode.STALE_ELEMENT_REFERENCE:\n            exception_class = StaleElementReferenceException\n        elif status in ErrorCode.ELEMENT_NOT_VISIBLE:\n            exception_class = ElementNotVisibleException\n        elif status in ErrorCode.INVALID_ELEMENT_STATE:\n            exception_class = InvalidElementStateException\n        elif (\n            status in ErrorCode.INVALID_SELECTOR\n            or status in ErrorCode.INVALID_XPATH_SELECTOR\n            or status in ErrorCode.INVALID_XPATH_SELECTOR_RETURN_TYPER\n        ):\n            exception_class = InvalidSelectorException\n        elif status in ErrorCode.ELEMENT_IS_NOT_SELECTABLE:\n            exception_class = ElementNotSelectableException\n        elif status in ErrorCode.ELEMENT_NOT_INTERACTABLE:\n            exception_class = ElementNotInteractableException\n        elif status in ErrorCode.INVALID_COOKIE_DOMAIN:\n            exception_class = InvalidCookieDomainException\n        elif status in ErrorCode.UNABLE_TO_SET_COOKIE:\n            exception_class = UnableToSetCookieException\n        elif status in ErrorCode.TIMEOUT:\n            exception_class = TimeoutException\n        elif status in ErrorCode.SCRIPT_TIMEOUT:\n            exception_class = TimeoutException\n        elif status in ErrorCode.UNKNOWN_ERROR:\n            exception_class = WebDriverException\n        elif status in ErrorCode.UNEXPECTED_ALERT_OPEN:\n            exception_class = UnexpectedAlertPresentException\n        elif status in ErrorCode.NO_ALERT_OPEN:\n            exception_class = NoAlertPresentException\n        elif status in ErrorCode.IME_NOT_AVAILABLE:\n            exception_class = ImeNotAvailableException\n        elif status in ErrorCode.IME_ENGINE_ACTIVATION_FAILED:\n            exception_class = ImeActivationFailedException\n        elif status in ErrorCode.MOVE_TARGET_OUT_OF_BOUNDS:\n            exception_class = MoveTargetOutOfBoundsException\n        elif status in ErrorCode.JAVASCRIPT_ERROR:\n            exception_class = JavascriptException\n        elif status in ErrorCode.SESSION_NOT_CREATED:\n            exception_class = SessionNotCreatedException\n        elif status in ErrorCode.INVALID_ARGUMENT:\n            exception_class = InvalidArgumentException\n        elif status in ErrorCode.NO_SUCH_COOKIE:\n            exception_class = NoSuchCookieException\n        elif status in ErrorCode.UNABLE_TO_CAPTURE_SCREEN:\n            exception_class = ScreenshotException\n        elif status in ErrorCode.ELEMENT_CLICK_INTERCEPTED:\n            exception_class = ElementClickInterceptedException\n        elif status in ErrorCode.INSECURE_CERTIFICATE:\n            exception_class = InsecureCertificateException\n        elif status in ErrorCode.INVALID_COORDINATES:\n            exception_class = InvalidCoordinatesException\n        elif status in ErrorCode.INVALID_SESSION_ID:\n            exception_class = InvalidSessionIdException\n        elif status in ErrorCode.UNKNOWN_METHOD:\n            exception_class = UnknownMethodException\n        else:\n            exception_class = WebDriverException\n        if not value:\n            value = response[\"value\"]\n        if isinstance(value, str):\n            raise exception_class(value)\n        if message == \"\" and \"message\" in value:\n            message = value[\"message\"]\n    \n        screen = None  # type: ignore[assignment]\n        if \"screen\" in value:\n            screen = value[\"screen\"]\n    \n        stacktrace = None\n        st_value = value.get(\"stackTrace\") or value.get(\"stacktrace\")\n        if st_value:\n            if isinstance(st_value, str):\n                stacktrace = st_value.split(\"\\n\")\n            else:\n                stacktrace = []\n                try:\n                    for frame in st_value:\n                        line = frame.get(\"lineNumber\", \"\")\n                        file = frame.get(\"fileName\", \"<anonymous>\")\n                        if line:\n                            file = f\"{file}:{line}\"\n                        meth = frame.get(\"methodName\", \"<anonymous>\")\n                        if \"className\" in frame:\n                            meth = f\"{frame['className']}.{meth}\"\n                        msg = \"    at %s (%s)\"\n                        msg = msg % (meth, file)\n                        stacktrace.append(msg)\n                except TypeError:\n                    pass\n        if exception_class == UnexpectedAlertPresentException:\n            alert_text = None\n            if \"data\" in value:\n                alert_text = value[\"data\"].get(\"text\")\n            elif \"alert\" in value:\n                alert_text = value[\"alert\"].get(\"text\")\n            raise exception_class(message, screen, stacktrace, alert_text)  # type: ignore[call-arg]  # mypy is not smart enough here\n>       raise exception_class(message, screen, stacktrace)\nE       selenium.common.exceptions.NoSuchElementException: Message: no such element: Unable to locate element: {\"method\":\"css selector\",\"selector\":\"[id=\"F_Address_subform:Postcode\"]\"}\nE         (Session info: headless chrome=115.0.5790.170); For documentation on this error, please visit: https://www.selenium.dev/documentation/webdriver/troubleshooting/errors#no-such-element-exception\nE       Stacktrace:\nE       #0 0x5617cf0fd613 <unknown>\nE       #1 0x5617cee29537 <unknown>\nE       #2 0x5617cee67f53 <unknown>\nE       #3 0x5617cee68041 <unknown>\nE       #4 0x5617ceea32a4 <unknown>\nE       #5 0x5617cee88a5d <unknown>\nE       #6 0x5617ceea0d09 <unknown>\nE       #7 0x5617cee88803 <unknown>\nE       #8 0x5617cee5c68b <unknown>\nE       #9 0x5617cee5d42e <unknown>\nE       #10 0x5617cf0bec28 <unknown>\nE       #11 0x5617cf0c2af7 <unknown>\nE       #12 0x5617cf0cd01c <unknown>\nE       #13 0x5617cf0c3723 <unknown>\nE       #14 0x5617cf092457 <unknown>\nE       #15 0x5617cf0e7628 <unknown>\nE       #16 0x5617cf0e77b7 <unknown>\nE       #17 0x5617cf0f6483 <unknown>\nE       #18 0x7f4e6f619b43 <unknown>\n\n../../../.cache/pypoetry/virtualenvs/uk-bin-collection-EwS6Gn8s-py3.10/lib/python3.10/site-packages/selenium/webdriver/remote/errorhandler.py:245: NoSuchElementException","steps":[{"name":"Given the council: NorthNorfolkDistrictCouncil","time":{"start":1692494106734,"stop":1692494106734,"duration":0},"status":"passed","steps":[],"attachments":[],"parameters":[],"stepsCount":0,"attachmentsCount":0,"shouldDisplayMessage":false,"hasContent":false},{"name":"When we scrape the data from NorthNorfolkDistrictCouncil","time":{"start":1692494106734,"stop":1692494109168,"duration":2434},"status":"failed","statusMessage":"Message: no such element: Unable to locate element: {\"method\":\"css selector\",\"selector\":\"[id=\"F_Address_subform:Postcode\"]\"}\n  (Session info: headless chrome=115.0.5790.170); For documentation on this error, please visit: https://www.selenium.dev/documentation/webdriver/troubleshooting/errors#no-such-element-exception\nStacktrace:\n#0 0x5617cf0fd613 <unknown>\n#1 0x5617cee29537 <unknown>\n#2 0x5617cee67f53 <unknown>\n#3 0x5617cee68041 <unknown>\n#4 0x5617ceea32a4 <unknown>\n#5 0x5617cee88a5d <unknown>\n#6 0x5617ceea0d09 <unknown>\n#7 0x5617cee88803 <unknown>\n#8 0x5617cee5c68b <unknown>\n#9 0x5617cee5d42e <unknown>\n#10 0x5617cf0bec28 <unknown>\n#11 0x5617cf0c2af7 <unknown>\n#12 0x5617cf0cd01c <unknown>\n#13 0x5617cf0c3723 <unknown>\n#14 0x5617cf092457 <unknown>\n#15 0x5617cf0e7628 <unknown>\n#16 0x5617cf0e77b7 <unknown>\n#17 0x5617cf0f6483 <unknown>\n#18 0x7f4e6f619b43 <unknown>\n","statusTrace":"selenium.common.exceptions.NoSuchElementException: Message: no such element: Unable to locate element: {\"method\":\"css selector\",\"selector\":\"[id=\"F_Address_subform:Postcode\"]\"}\n  (Session info: headless chrome=115.0.5790.170); For documentation on this error, please visit: https://www.selenium.dev/documentation/webdriver/troubleshooting/errors#no-such-element-exception\nStacktrace:\n#0 0x5617cf0fd613 <unknown>\n#1 0x5617cee29537 <unknown>\n#2 0x5617cee67f53 <unknown>\n#3 0x5617cee68041 <unknown>\n#4 0x5617ceea32a4 <unknown>\n#5 0x5617cee88a5d <unknown>\n#6 0x5617ceea0d09 <unknown>\n#7 0x5617cee88803 <unknown>\n#8 0x5617cee5c68b <unknown>\n#9 0x5617cee5d42e <unknown>\n#10 0x5617cf0bec28 <unknown>\n#11 0x5617cf0c2af7 <unknown>\n#12 0x5617cf0cd01c <unknown>\n#13 0x5617cf0c3723 <unknown>\n#14 0x5617cf092457 <unknown>\n#15 0x5617cf0e7628 <unknown>\n#16 0x5617cf0e77b7 <unknown>\n#17 0x5617cf0f6483 <unknown>\n#18 0x7f4e6f619b43 <unknown>\n\n","steps":[],"attachments":[],"parameters":[],"stepsCount":0,"attachmentsCount":0,"shouldDisplayMessage":true,"hasContent":true}],"attachments":[],"parameters":[],"stepsCount":2,"attachmentsCount":0,"shouldDisplayMessage":true,"hasContent":true},"afterStages":[],"labels":[{"name":"host","value":"fv-az1293-734"},{"name":"thread","value":"2148-MainThread"},{"name":"framework","value":"pytest-bdd"},{"name":"language","value":"cpython3"},{"name":"feature","value":"Test each council output matches expected results in /outputs"},{"name":"resultFormat","value":"allure2"}],"parameters":[{"name":"council","value":"NorthNorfolkDistrictCouncil"}],"links":[],"hidden":false,"retry":false,"extra":{"severity":"normal","retries":[],"categories":[{"name":"Product defects","matchedStatuses":[],"flaky":false}],"history":{"statistic":{"failed":6,"broken":0,"skipped":0,"passed":33,"unknown":0,"total":39},"items":[{"uid":"2be656091cce1bc5","reportUrl":"https://robbrad.github.io/UKBinCollectionData/3.10/865//#testresult/2be656091cce1bc5","status":"passed","time":{"start":1692407408501,"stop":1692407413953,"duration":5452}},{"uid":"8b257e5a78db976a","reportUrl":"https://robbrad.github.io/UKBinCollectionData/3.10/864//#testresult/8b257e5a78db976a","status":"passed","time":{"start":1692321113400,"stop":1692321119656,"duration":6256}},{"uid":"854a2eacaecde9db","reportUrl":"https://robbrad.github.io/UKBinCollectionData/3.10/863//#testresult/854a2eacaecde9db","status":"passed","time":{"start":1692294257890,"stop":1692294263592,"duration":5702}},{"uid":"b37f4cdca6956826","reportUrl":"https://robbrad.github.io/UKBinCollectionData/3.10/861//#testresult/b37f4cdca6956826","status":"passed","time":{"start":1692234664832,"stop":1692234672617,"duration":7785}},{"uid":"6d6e4cac9ca8e626","reportUrl":"https://robbrad.github.io/UKBinCollectionData/3.10/860//#testresult/6d6e4cac9ca8e626","status":"passed","time":{"start":1692208492094,"stop":1692208499089,"duration":6995}},{"uid":"c498e49c1b311190","reportUrl":"https://robbrad.github.io/UKBinCollectionData/3.10/859//#testresult/c498e49c1b311190","status":"passed","time":{"start":1692148291470,"stop":1692148297918,"duration":6448}},{"uid":"4b589d937d748d5f","reportUrl":"https://robbrad.github.io/UKBinCollectionData/3.10/858//#testresult/4b589d937d748d5f","status":"passed","time":{"start":1692061922584,"stop":1692061930250,"duration":7666}},{"uid":"4da776224fef835e","reportUrl":"https://robbrad.github.io/UKBinCollectionData/3.10/856//#testresult/4da776224fef835e","status":"passed","time":{"start":1691975564582,"stop":1691975571606,"duration":7024}},{"uid":"c9da237d0b812fae","reportUrl":"https://robbrad.github.io/UKBinCollectionData/3.10/855//#testresult/c9da237d0b812fae","status":"passed","time":{"start":1691889297979,"stop":1691889306150,"duration":8171}},{"uid":"60bd32484d06b712","reportUrl":"https://robbrad.github.io/UKBinCollectionData/3.10/854//#testresult/60bd32484d06b712","status":"passed","time":{"start":1691802622653,"stop":1691802628619,"duration":5966}},{"uid":"b446d728a4f135b","reportUrl":"https://robbrad.github.io/UKBinCollectionData/3.10/853//#testresult/b446d728a4f135b","status":"passed","time":{"start":1691716238325,"stop":1691716244347,"duration":6022}},{"uid":"86fe3136934d5edc","reportUrl":"https://robbrad.github.io/UKBinCollectionData/3.10/852//#testresult/86fe3136934d5edc","status":"passed","time":{"start":1691630800548,"stop":1691630805593,"duration":5045}},{"uid":"4ca3d427119ca6ed","reportUrl":"https://robbrad.github.io/UKBinCollectionData/3.10/851//#testresult/4ca3d427119ca6ed","status":"passed","time":{"start":1691611966801,"stop":1691611972661,"duration":5860}},{"uid":"1a9e26e468f37d4b","reportUrl":"https://robbrad.github.io/UKBinCollectionData/3.10/847//#testresult/1a9e26e468f37d4b","status":"passed","time":{"start":1691544357662,"stop":1691544363024,"duration":5362}},{"uid":"485c7a2c147fbd8","reportUrl":"https://robbrad.github.io/UKBinCollectionData/3.10/846//#testresult/485c7a2c147fbd8","status":"passed","time":{"start":1691457731452,"stop":1691457737831,"duration":6379}},{"uid":"b57cb5b1e62a471b","reportUrl":"https://robbrad.github.io/UKBinCollectionData/3.10/845//#testresult/b57cb5b1e62a471b","status":"passed","time":{"start":1691371634046,"stop":1691371640401,"duration":6355}},{"uid":"dfe72bbf5bac4fc1","reportUrl":"https://robbrad.github.io/UKBinCollectionData/3.10/844//#testresult/dfe72bbf5bac4fc1","status":"passed","time":{"start":1691284790989,"stop":1691284798400,"duration":7411}},{"uid":"77b4e6b435f8eff5","reportUrl":"https://robbrad.github.io/UKBinCollectionData/3.10/843//#testresult/77b4e6b435f8eff5","status":"passed","time":{"start":1691198509543,"stop":1691198515447,"duration":5904}},{"uid":"d0734d5d6262bcc4","reportUrl":"https://robbrad.github.io/UKBinCollectionData/3.10/842//#testresult/d0734d5d6262bcc4","status":"passed","time":{"start":1691112308860,"stop":1691112315222,"duration":6362}},{"uid":"8b0e4930a3130c55","reportUrl":"https://robbrad.github.io/UKBinCollectionData/3.10/841//#testresult/8b0e4930a3130c55","status":"passed","time":{"start":1691025972874,"stop":1691025979599,"duration":6725}}]},"tags":[]},"source":"d8f5a8ceceaa44db.json","parameterValues":["NorthNorfolkDistrictCouncil"]}