{"uid":"892d5ff25fb90e72","name":"Validate Council Output [NorthNorfolkDistrictCouncil]","fullName":"features/validate_council_outputs.feature:Validate Council Output","historyId":"6712f2e3b136c8030bb4071a5deccc97","time":{"start":1690162665262,"stop":1690162667688,"duration":2426},"status":"failed","statusMessage":"selenium.common.exceptions.NoSuchElementException: Message: no such element: Unable to locate element: {\"method\":\"css selector\",\"selector\":\"[id=\"F_Address_subform:Postcode\"]\"}\n  (Session info: headless chrome=114.0.5735.198)\nStacktrace:\n#0 0x55f0d830a4e3 <unknown>\n#1 0x55f0d8039c76 <unknown>\n#2 0x55f0d8075c96 <unknown>\n#3 0x55f0d8075dc1 <unknown>\n#4 0x55f0d80af7f4 <unknown>\n#5 0x55f0d809503d <unknown>\n#6 0x55f0d80ad30e <unknown>\n#7 0x55f0d8094de3 <unknown>\n#8 0x55f0d806a2dd <unknown>\n#9 0x55f0d806b34e <unknown>\n#10 0x55f0d82ca3e4 <unknown>\n#11 0x55f0d82ce3d7 <unknown>\n#12 0x55f0d82d8b20 <unknown>\n#13 0x55f0d82cf023 <unknown>\n#14 0x55f0d829d1aa <unknown>\n#15 0x55f0d82f36b8 <unknown>\n#16 0x55f0d82f3847 <unknown>\n#17 0x55f0d8303243 <unknown>\n#18 0x7facbd1b7b43 <unknown>","statusTrace":"fixturefunc = <function scrape_step at 0x7f8d352bb060>\nrequest = <FixtureRequest for <Function test_scenario_outline[NorthNorfolkDistrictCouncil]>>\nkwargs = {'context': <test_validate_council.context.<locals>.Context object at 0x7f8d2725ccd0>, 'council': 'NorthNorfolkDistrictCouncil'}\n\n    def call_fixture_func(\n        fixturefunc: \"_FixtureFunc[FixtureValue]\", request: FixtureRequest, kwargs\n    ) -> FixtureValue:\n        if is_generator(fixturefunc):\n            fixturefunc = cast(\n                Callable[..., Generator[FixtureValue, None, None]], fixturefunc\n            )\n            generator = fixturefunc(**kwargs)\n            try:\n                fixture_result = next(generator)\n            except StopIteration:\n                raise ValueError(f\"{request.fixturename} did not yield a value\") from None\n            finalizer = functools.partial(_teardown_yield_fixture, fixturefunc, generator)\n            request.addfinalizer(finalizer)\n        else:\n            fixturefunc = cast(Callable[..., FixtureValue], fixturefunc)\n>           fixture_result = fixturefunc(**kwargs)\n\n../../../.cache/pypoetry/virtualenvs/uk-bin-collection-EwS6Gn8s-py3.11/lib/python3.11/site-packages/_pytest/fixtures.py:909: \n_ _ _ _ _ _ _ _ _ _ _ _ _ _ _ _ _ _ _ _ _ _ _ _ _ _ _ _ _ _ _ _ _ _ _ _ _ _ _ _ \nuk_bin_collection/tests/step_defs/test_validate_council.py:62: in scrape_step\n    raise (err)\nuk_bin_collection/tests/step_defs/test_validate_council.py:58: in scrape_step\n    context.parse_result = CollectData.run()\nuk_bin_collection/uk_bin_collection/collect_data.py:71: in run\n    return self.client_code(\nuk_bin_collection/uk_bin_collection/collect_data.py:59: in client_code\n    return get_bin_data_class.template_method(address_url, **kwargs)\nuk_bin_collection/uk_bin_collection/get_bin_data.py:70: in template_method\n    bin_data_dict = self.parse_data(\nuk_bin_collection/uk_bin_collection/councils/NorthNorfolkDistrictCouncil.py:43: in parse_data\n    inputElement_postcode = driver.find_element(\n../../../.cache/pypoetry/virtualenvs/uk-bin-collection-EwS6Gn8s-py3.11/lib/python3.11/site-packages/selenium/webdriver/remote/webdriver.py:831: in find_element\n    return self.execute(Command.FIND_ELEMENT, {\"using\": by, \"value\": value})[\"value\"]\n../../../.cache/pypoetry/virtualenvs/uk-bin-collection-EwS6Gn8s-py3.11/lib/python3.11/site-packages/selenium/webdriver/remote/webdriver.py:440: in execute\n    self.error_handler.check_response(response)\n_ _ _ _ _ _ _ _ _ _ _ _ _ _ _ _ _ _ _ _ _ _ _ _ _ _ _ _ _ _ _ _ _ _ _ _ _ _ _ _ \n\nself = <selenium.webdriver.remote.errorhandler.ErrorHandler object at 0x7f8d279cfa10>\nresponse = {'status': 404, 'value': '{\"value\":{\"error\":\"no such element\",\"message\":\"no such element: Unable to locate element: {\\...\\\\n#16 0x55f0d82f3847 \\\\u003Cunknown>\\\\n#17 0x55f0d8303243 \\\\u003Cunknown>\\\\n#18 0x7facbd1b7b43 \\\\u003Cunknown>\\\\n\"}}'}\n\n    def check_response(self, response: Dict[str, Any]) -> None:\n        \"\"\"Checks that a JSON response from the WebDriver does not have an\n        error.\n    \n        :Args:\n         - response - The JSON response from the WebDriver server as a dictionary\n           object.\n    \n        :Raises: If the response contains an error message.\n        \"\"\"\n        status = response.get(\"status\", None)\n        if not status or status == ErrorCode.SUCCESS:\n            return\n        value = None\n        message = response.get(\"message\", \"\")\n        screen: str = response.get(\"screen\", \"\")\n        stacktrace = None\n        if isinstance(status, int):\n            value_json = response.get(\"value\", None)\n            if value_json and isinstance(value_json, str):\n                import json\n    \n                try:\n                    value = json.loads(value_json)\n                    if len(value) == 1:\n                        value = value[\"value\"]\n                    status = value.get(\"error\", None)\n                    if not status:\n                        status = value.get(\"status\", ErrorCode.UNKNOWN_ERROR)\n                        message = value.get(\"value\") or value.get(\"message\")\n                        if not isinstance(message, str):\n                            value = message\n                            message = message.get(\"message\")\n                    else:\n                        message = value.get(\"message\", None)\n                except ValueError:\n                    pass\n    \n        exception_class: Type[WebDriverException]\n        if status in ErrorCode.NO_SUCH_ELEMENT:\n            exception_class = NoSuchElementException\n        elif status in ErrorCode.NO_SUCH_FRAME:\n            exception_class = NoSuchFrameException\n        elif status in ErrorCode.NO_SUCH_SHADOW_ROOT:\n            exception_class = NoSuchShadowRootException\n        elif status in ErrorCode.NO_SUCH_WINDOW:\n            exception_class = NoSuchWindowException\n        elif status in ErrorCode.STALE_ELEMENT_REFERENCE:\n            exception_class = StaleElementReferenceException\n        elif status in ErrorCode.ELEMENT_NOT_VISIBLE:\n            exception_class = ElementNotVisibleException\n        elif status in ErrorCode.INVALID_ELEMENT_STATE:\n            exception_class = InvalidElementStateException\n        elif (\n            status in ErrorCode.INVALID_SELECTOR\n            or status in ErrorCode.INVALID_XPATH_SELECTOR\n            or status in ErrorCode.INVALID_XPATH_SELECTOR_RETURN_TYPER\n        ):\n            exception_class = InvalidSelectorException\n        elif status in ErrorCode.ELEMENT_IS_NOT_SELECTABLE:\n            exception_class = ElementNotSelectableException\n        elif status in ErrorCode.ELEMENT_NOT_INTERACTABLE:\n            exception_class = ElementNotInteractableException\n        elif status in ErrorCode.INVALID_COOKIE_DOMAIN:\n            exception_class = InvalidCookieDomainException\n        elif status in ErrorCode.UNABLE_TO_SET_COOKIE:\n            exception_class = UnableToSetCookieException\n        elif status in ErrorCode.TIMEOUT:\n            exception_class = TimeoutException\n        elif status in ErrorCode.SCRIPT_TIMEOUT:\n            exception_class = TimeoutException\n        elif status in ErrorCode.UNKNOWN_ERROR:\n            exception_class = WebDriverException\n        elif status in ErrorCode.UNEXPECTED_ALERT_OPEN:\n            exception_class = UnexpectedAlertPresentException\n        elif status in ErrorCode.NO_ALERT_OPEN:\n            exception_class = NoAlertPresentException\n        elif status in ErrorCode.IME_NOT_AVAILABLE:\n            exception_class = ImeNotAvailableException\n        elif status in ErrorCode.IME_ENGINE_ACTIVATION_FAILED:\n            exception_class = ImeActivationFailedException\n        elif status in ErrorCode.MOVE_TARGET_OUT_OF_BOUNDS:\n            exception_class = MoveTargetOutOfBoundsException\n        elif status in ErrorCode.JAVASCRIPT_ERROR:\n            exception_class = JavascriptException\n        elif status in ErrorCode.SESSION_NOT_CREATED:\n            exception_class = SessionNotCreatedException\n        elif status in ErrorCode.INVALID_ARGUMENT:\n            exception_class = InvalidArgumentException\n        elif status in ErrorCode.NO_SUCH_COOKIE:\n            exception_class = NoSuchCookieException\n        elif status in ErrorCode.UNABLE_TO_CAPTURE_SCREEN:\n            exception_class = ScreenshotException\n        elif status in ErrorCode.ELEMENT_CLICK_INTERCEPTED:\n            exception_class = ElementClickInterceptedException\n        elif status in ErrorCode.INSECURE_CERTIFICATE:\n            exception_class = InsecureCertificateException\n        elif status in ErrorCode.INVALID_COORDINATES:\n            exception_class = InvalidCoordinatesException\n        elif status in ErrorCode.INVALID_SESSION_ID:\n            exception_class = InvalidSessionIdException\n        elif status in ErrorCode.UNKNOWN_METHOD:\n            exception_class = UnknownMethodException\n        else:\n            exception_class = WebDriverException\n        if not value:\n            value = response[\"value\"]\n        if isinstance(value, str):\n            raise exception_class(value)\n        if message == \"\" and \"message\" in value:\n            message = value[\"message\"]\n    \n        screen = None  # type: ignore[assignment]\n        if \"screen\" in value:\n            screen = value[\"screen\"]\n    \n        stacktrace = None\n        st_value = value.get(\"stackTrace\") or value.get(\"stacktrace\")\n        if st_value:\n            if isinstance(st_value, str):\n                stacktrace = st_value.split(\"\\n\")\n            else:\n                stacktrace = []\n                try:\n                    for frame in st_value:\n                        line = frame.get(\"lineNumber\", \"\")\n                        file = frame.get(\"fileName\", \"<anonymous>\")\n                        if line:\n                            file = f\"{file}:{line}\"\n                        meth = frame.get(\"methodName\", \"<anonymous>\")\n                        if \"className\" in frame:\n                            meth = f\"{frame['className']}.{meth}\"\n                        msg = \"    at %s (%s)\"\n                        msg = msg % (meth, file)\n                        stacktrace.append(msg)\n                except TypeError:\n                    pass\n        if exception_class == UnexpectedAlertPresentException:\n            alert_text = None\n            if \"data\" in value:\n                alert_text = value[\"data\"].get(\"text\")\n            elif \"alert\" in value:\n                alert_text = value[\"alert\"].get(\"text\")\n            raise exception_class(message, screen, stacktrace, alert_text)  # type: ignore[call-arg]  # mypy is not smart enough here\n>       raise exception_class(message, screen, stacktrace)\nE       selenium.common.exceptions.NoSuchElementException: Message: no such element: Unable to locate element: {\"method\":\"css selector\",\"selector\":\"[id=\"F_Address_subform:Postcode\"]\"}\nE         (Session info: headless chrome=114.0.5735.198)\nE       Stacktrace:\nE       #0 0x55f0d830a4e3 <unknown>\nE       #1 0x55f0d8039c76 <unknown>\nE       #2 0x55f0d8075c96 <unknown>\nE       #3 0x55f0d8075dc1 <unknown>\nE       #4 0x55f0d80af7f4 <unknown>\nE       #5 0x55f0d809503d <unknown>\nE       #6 0x55f0d80ad30e <unknown>\nE       #7 0x55f0d8094de3 <unknown>\nE       #8 0x55f0d806a2dd <unknown>\nE       #9 0x55f0d806b34e <unknown>\nE       #10 0x55f0d82ca3e4 <unknown>\nE       #11 0x55f0d82ce3d7 <unknown>\nE       #12 0x55f0d82d8b20 <unknown>\nE       #13 0x55f0d82cf023 <unknown>\nE       #14 0x55f0d829d1aa <unknown>\nE       #15 0x55f0d82f36b8 <unknown>\nE       #16 0x55f0d82f3847 <unknown>\nE       #17 0x55f0d8303243 <unknown>\nE       #18 0x7facbd1b7b43 <unknown>\n\n../../../.cache/pypoetry/virtualenvs/uk-bin-collection-EwS6Gn8s-py3.11/lib/python3.11/site-packages/selenium/webdriver/remote/errorhandler.py:245: NoSuchElementException","flaky":false,"newFailed":false,"newBroken":false,"newPassed":false,"retriesCount":0,"retriesStatusChange":false,"beforeStages":[],"testStage":{"status":"failed","statusMessage":"selenium.common.exceptions.NoSuchElementException: Message: no such element: Unable to locate element: {\"method\":\"css selector\",\"selector\":\"[id=\"F_Address_subform:Postcode\"]\"}\n  (Session info: headless chrome=114.0.5735.198)\nStacktrace:\n#0 0x55f0d830a4e3 <unknown>\n#1 0x55f0d8039c76 <unknown>\n#2 0x55f0d8075c96 <unknown>\n#3 0x55f0d8075dc1 <unknown>\n#4 0x55f0d80af7f4 <unknown>\n#5 0x55f0d809503d <unknown>\n#6 0x55f0d80ad30e <unknown>\n#7 0x55f0d8094de3 <unknown>\n#8 0x55f0d806a2dd <unknown>\n#9 0x55f0d806b34e <unknown>\n#10 0x55f0d82ca3e4 <unknown>\n#11 0x55f0d82ce3d7 <unknown>\n#12 0x55f0d82d8b20 <unknown>\n#13 0x55f0d82cf023 <unknown>\n#14 0x55f0d829d1aa <unknown>\n#15 0x55f0d82f36b8 <unknown>\n#16 0x55f0d82f3847 <unknown>\n#17 0x55f0d8303243 <unknown>\n#18 0x7facbd1b7b43 <unknown>","statusTrace":"fixturefunc = <function scrape_step at 0x7f8d352bb060>\nrequest = <FixtureRequest for <Function test_scenario_outline[NorthNorfolkDistrictCouncil]>>\nkwargs = {'context': <test_validate_council.context.<locals>.Context object at 0x7f8d2725ccd0>, 'council': 'NorthNorfolkDistrictCouncil'}\n\n    def call_fixture_func(\n        fixturefunc: \"_FixtureFunc[FixtureValue]\", request: FixtureRequest, kwargs\n    ) -> FixtureValue:\n        if is_generator(fixturefunc):\n            fixturefunc = cast(\n                Callable[..., Generator[FixtureValue, None, None]], fixturefunc\n            )\n            generator = fixturefunc(**kwargs)\n            try:\n                fixture_result = next(generator)\n            except StopIteration:\n                raise ValueError(f\"{request.fixturename} did not yield a value\") from None\n            finalizer = functools.partial(_teardown_yield_fixture, fixturefunc, generator)\n            request.addfinalizer(finalizer)\n        else:\n            fixturefunc = cast(Callable[..., FixtureValue], fixturefunc)\n>           fixture_result = fixturefunc(**kwargs)\n\n../../../.cache/pypoetry/virtualenvs/uk-bin-collection-EwS6Gn8s-py3.11/lib/python3.11/site-packages/_pytest/fixtures.py:909: \n_ _ _ _ _ _ _ _ _ _ _ _ _ _ _ _ _ _ _ _ _ _ _ _ _ _ _ _ _ _ _ _ _ _ _ _ _ _ _ _ \nuk_bin_collection/tests/step_defs/test_validate_council.py:62: in scrape_step\n    raise (err)\nuk_bin_collection/tests/step_defs/test_validate_council.py:58: in scrape_step\n    context.parse_result = CollectData.run()\nuk_bin_collection/uk_bin_collection/collect_data.py:71: in run\n    return self.client_code(\nuk_bin_collection/uk_bin_collection/collect_data.py:59: in client_code\n    return get_bin_data_class.template_method(address_url, **kwargs)\nuk_bin_collection/uk_bin_collection/get_bin_data.py:70: in template_method\n    bin_data_dict = self.parse_data(\nuk_bin_collection/uk_bin_collection/councils/NorthNorfolkDistrictCouncil.py:43: in parse_data\n    inputElement_postcode = driver.find_element(\n../../../.cache/pypoetry/virtualenvs/uk-bin-collection-EwS6Gn8s-py3.11/lib/python3.11/site-packages/selenium/webdriver/remote/webdriver.py:831: in find_element\n    return self.execute(Command.FIND_ELEMENT, {\"using\": by, \"value\": value})[\"value\"]\n../../../.cache/pypoetry/virtualenvs/uk-bin-collection-EwS6Gn8s-py3.11/lib/python3.11/site-packages/selenium/webdriver/remote/webdriver.py:440: in execute\n    self.error_handler.check_response(response)\n_ _ _ _ _ _ _ _ _ _ _ _ _ _ _ _ _ _ _ _ _ _ _ _ _ _ _ _ _ _ _ _ _ _ _ _ _ _ _ _ \n\nself = <selenium.webdriver.remote.errorhandler.ErrorHandler object at 0x7f8d279cfa10>\nresponse = {'status': 404, 'value': '{\"value\":{\"error\":\"no such element\",\"message\":\"no such element: Unable to locate element: {\\...\\\\n#16 0x55f0d82f3847 \\\\u003Cunknown>\\\\n#17 0x55f0d8303243 \\\\u003Cunknown>\\\\n#18 0x7facbd1b7b43 \\\\u003Cunknown>\\\\n\"}}'}\n\n    def check_response(self, response: Dict[str, Any]) -> None:\n        \"\"\"Checks that a JSON response from the WebDriver does not have an\n        error.\n    \n        :Args:\n         - response - The JSON response from the WebDriver server as a dictionary\n           object.\n    \n        :Raises: If the response contains an error message.\n        \"\"\"\n        status = response.get(\"status\", None)\n        if not status or status == ErrorCode.SUCCESS:\n            return\n        value = None\n        message = response.get(\"message\", \"\")\n        screen: str = response.get(\"screen\", \"\")\n        stacktrace = None\n        if isinstance(status, int):\n            value_json = response.get(\"value\", None)\n            if value_json and isinstance(value_json, str):\n                import json\n    \n                try:\n                    value = json.loads(value_json)\n                    if len(value) == 1:\n                        value = value[\"value\"]\n                    status = value.get(\"error\", None)\n                    if not status:\n                        status = value.get(\"status\", ErrorCode.UNKNOWN_ERROR)\n                        message = value.get(\"value\") or value.get(\"message\")\n                        if not isinstance(message, str):\n                            value = message\n                            message = message.get(\"message\")\n                    else:\n                        message = value.get(\"message\", None)\n                except ValueError:\n                    pass\n    \n        exception_class: Type[WebDriverException]\n        if status in ErrorCode.NO_SUCH_ELEMENT:\n            exception_class = NoSuchElementException\n        elif status in ErrorCode.NO_SUCH_FRAME:\n            exception_class = NoSuchFrameException\n        elif status in ErrorCode.NO_SUCH_SHADOW_ROOT:\n            exception_class = NoSuchShadowRootException\n        elif status in ErrorCode.NO_SUCH_WINDOW:\n            exception_class = NoSuchWindowException\n        elif status in ErrorCode.STALE_ELEMENT_REFERENCE:\n            exception_class = StaleElementReferenceException\n        elif status in ErrorCode.ELEMENT_NOT_VISIBLE:\n            exception_class = ElementNotVisibleException\n        elif status in ErrorCode.INVALID_ELEMENT_STATE:\n            exception_class = InvalidElementStateException\n        elif (\n            status in ErrorCode.INVALID_SELECTOR\n            or status in ErrorCode.INVALID_XPATH_SELECTOR\n            or status in ErrorCode.INVALID_XPATH_SELECTOR_RETURN_TYPER\n        ):\n            exception_class = InvalidSelectorException\n        elif status in ErrorCode.ELEMENT_IS_NOT_SELECTABLE:\n            exception_class = ElementNotSelectableException\n        elif status in ErrorCode.ELEMENT_NOT_INTERACTABLE:\n            exception_class = ElementNotInteractableException\n        elif status in ErrorCode.INVALID_COOKIE_DOMAIN:\n            exception_class = InvalidCookieDomainException\n        elif status in ErrorCode.UNABLE_TO_SET_COOKIE:\n            exception_class = UnableToSetCookieException\n        elif status in ErrorCode.TIMEOUT:\n            exception_class = TimeoutException\n        elif status in ErrorCode.SCRIPT_TIMEOUT:\n            exception_class = TimeoutException\n        elif status in ErrorCode.UNKNOWN_ERROR:\n            exception_class = WebDriverException\n        elif status in ErrorCode.UNEXPECTED_ALERT_OPEN:\n            exception_class = UnexpectedAlertPresentException\n        elif status in ErrorCode.NO_ALERT_OPEN:\n            exception_class = NoAlertPresentException\n        elif status in ErrorCode.IME_NOT_AVAILABLE:\n            exception_class = ImeNotAvailableException\n        elif status in ErrorCode.IME_ENGINE_ACTIVATION_FAILED:\n            exception_class = ImeActivationFailedException\n        elif status in ErrorCode.MOVE_TARGET_OUT_OF_BOUNDS:\n            exception_class = MoveTargetOutOfBoundsException\n        elif status in ErrorCode.JAVASCRIPT_ERROR:\n            exception_class = JavascriptException\n        elif status in ErrorCode.SESSION_NOT_CREATED:\n            exception_class = SessionNotCreatedException\n        elif status in ErrorCode.INVALID_ARGUMENT:\n            exception_class = InvalidArgumentException\n        elif status in ErrorCode.NO_SUCH_COOKIE:\n            exception_class = NoSuchCookieException\n        elif status in ErrorCode.UNABLE_TO_CAPTURE_SCREEN:\n            exception_class = ScreenshotException\n        elif status in ErrorCode.ELEMENT_CLICK_INTERCEPTED:\n            exception_class = ElementClickInterceptedException\n        elif status in ErrorCode.INSECURE_CERTIFICATE:\n            exception_class = InsecureCertificateException\n        elif status in ErrorCode.INVALID_COORDINATES:\n            exception_class = InvalidCoordinatesException\n        elif status in ErrorCode.INVALID_SESSION_ID:\n            exception_class = InvalidSessionIdException\n        elif status in ErrorCode.UNKNOWN_METHOD:\n            exception_class = UnknownMethodException\n        else:\n            exception_class = WebDriverException\n        if not value:\n            value = response[\"value\"]\n        if isinstance(value, str):\n            raise exception_class(value)\n        if message == \"\" and \"message\" in value:\n            message = value[\"message\"]\n    \n        screen = None  # type: ignore[assignment]\n        if \"screen\" in value:\n            screen = value[\"screen\"]\n    \n        stacktrace = None\n        st_value = value.get(\"stackTrace\") or value.get(\"stacktrace\")\n        if st_value:\n            if isinstance(st_value, str):\n                stacktrace = st_value.split(\"\\n\")\n            else:\n                stacktrace = []\n                try:\n                    for frame in st_value:\n                        line = frame.get(\"lineNumber\", \"\")\n                        file = frame.get(\"fileName\", \"<anonymous>\")\n                        if line:\n                            file = f\"{file}:{line}\"\n                        meth = frame.get(\"methodName\", \"<anonymous>\")\n                        if \"className\" in frame:\n                            meth = f\"{frame['className']}.{meth}\"\n                        msg = \"    at %s (%s)\"\n                        msg = msg % (meth, file)\n                        stacktrace.append(msg)\n                except TypeError:\n                    pass\n        if exception_class == UnexpectedAlertPresentException:\n            alert_text = None\n            if \"data\" in value:\n                alert_text = value[\"data\"].get(\"text\")\n            elif \"alert\" in value:\n                alert_text = value[\"alert\"].get(\"text\")\n            raise exception_class(message, screen, stacktrace, alert_text)  # type: ignore[call-arg]  # mypy is not smart enough here\n>       raise exception_class(message, screen, stacktrace)\nE       selenium.common.exceptions.NoSuchElementException: Message: no such element: Unable to locate element: {\"method\":\"css selector\",\"selector\":\"[id=\"F_Address_subform:Postcode\"]\"}\nE         (Session info: headless chrome=114.0.5735.198)\nE       Stacktrace:\nE       #0 0x55f0d830a4e3 <unknown>\nE       #1 0x55f0d8039c76 <unknown>\nE       #2 0x55f0d8075c96 <unknown>\nE       #3 0x55f0d8075dc1 <unknown>\nE       #4 0x55f0d80af7f4 <unknown>\nE       #5 0x55f0d809503d <unknown>\nE       #6 0x55f0d80ad30e <unknown>\nE       #7 0x55f0d8094de3 <unknown>\nE       #8 0x55f0d806a2dd <unknown>\nE       #9 0x55f0d806b34e <unknown>\nE       #10 0x55f0d82ca3e4 <unknown>\nE       #11 0x55f0d82ce3d7 <unknown>\nE       #12 0x55f0d82d8b20 <unknown>\nE       #13 0x55f0d82cf023 <unknown>\nE       #14 0x55f0d829d1aa <unknown>\nE       #15 0x55f0d82f36b8 <unknown>\nE       #16 0x55f0d82f3847 <unknown>\nE       #17 0x55f0d8303243 <unknown>\nE       #18 0x7facbd1b7b43 <unknown>\n\n../../../.cache/pypoetry/virtualenvs/uk-bin-collection-EwS6Gn8s-py3.11/lib/python3.11/site-packages/selenium/webdriver/remote/errorhandler.py:245: NoSuchElementException","steps":[{"name":"Given the council: NorthNorfolkDistrictCouncil","time":{"start":1690162665262,"stop":1690162665263,"duration":1},"status":"passed","steps":[],"attachments":[],"parameters":[],"stepsCount":0,"attachmentsCount":0,"shouldDisplayMessage":false,"hasContent":false},{"name":"When we scrape the data from NorthNorfolkDistrictCouncil","time":{"start":1690162665263,"stop":1690162667688,"duration":2425},"status":"failed","statusMessage":"Message: no such element: Unable to locate element: {\"method\":\"css selector\",\"selector\":\"[id=\"F_Address_subform:Postcode\"]\"}\n  (Session info: headless chrome=114.0.5735.198)\nStacktrace:\n#0 0x55f0d830a4e3 <unknown>\n#1 0x55f0d8039c76 <unknown>\n#2 0x55f0d8075c96 <unknown>\n#3 0x55f0d8075dc1 <unknown>\n#4 0x55f0d80af7f4 <unknown>\n#5 0x55f0d809503d <unknown>\n#6 0x55f0d80ad30e <unknown>\n#7 0x55f0d8094de3 <unknown>\n#8 0x55f0d806a2dd <unknown>\n#9 0x55f0d806b34e <unknown>\n#10 0x55f0d82ca3e4 <unknown>\n#11 0x55f0d82ce3d7 <unknown>\n#12 0x55f0d82d8b20 <unknown>\n#13 0x55f0d82cf023 <unknown>\n#14 0x55f0d829d1aa <unknown>\n#15 0x55f0d82f36b8 <unknown>\n#16 0x55f0d82f3847 <unknown>\n#17 0x55f0d8303243 <unknown>\n#18 0x7facbd1b7b43 <unknown>\n","statusTrace":"selenium.common.exceptions.NoSuchElementException: Message: no such element: Unable to locate element: {\"method\":\"css selector\",\"selector\":\"[id=\"F_Address_subform:Postcode\"]\"}\n  (Session info: headless chrome=114.0.5735.198)\nStacktrace:\n#0 0x55f0d830a4e3 <unknown>\n#1 0x55f0d8039c76 <unknown>\n#2 0x55f0d8075c96 <unknown>\n#3 0x55f0d8075dc1 <unknown>\n#4 0x55f0d80af7f4 <unknown>\n#5 0x55f0d809503d <unknown>\n#6 0x55f0d80ad30e <unknown>\n#7 0x55f0d8094de3 <unknown>\n#8 0x55f0d806a2dd <unknown>\n#9 0x55f0d806b34e <unknown>\n#10 0x55f0d82ca3e4 <unknown>\n#11 0x55f0d82ce3d7 <unknown>\n#12 0x55f0d82d8b20 <unknown>\n#13 0x55f0d82cf023 <unknown>\n#14 0x55f0d829d1aa <unknown>\n#15 0x55f0d82f36b8 <unknown>\n#16 0x55f0d82f3847 <unknown>\n#17 0x55f0d8303243 <unknown>\n#18 0x7facbd1b7b43 <unknown>\n\n","steps":[],"attachments":[],"parameters":[],"stepsCount":0,"attachmentsCount":0,"shouldDisplayMessage":true,"hasContent":true}],"attachments":[],"parameters":[],"stepsCount":2,"attachmentsCount":0,"shouldDisplayMessage":true,"hasContent":true},"afterStages":[],"labels":[{"name":"host","value":"fv-az566-633"},{"name":"thread","value":"2242-MainThread"},{"name":"framework","value":"pytest-bdd"},{"name":"language","value":"cpython3"},{"name":"feature","value":"Test each council output matches expected results in /outputs"},{"name":"resultFormat","value":"allure2"}],"parameters":[{"name":"council","value":"NorthNorfolkDistrictCouncil"}],"links":[],"hidden":false,"retry":false,"extra":{"severity":"normal","retries":[],"categories":[{"name":"Product defects","matchedStatuses":[],"flaky":false}],"history":{"statistic":{"failed":5,"broken":0,"skipped":0,"passed":6,"unknown":0,"total":11},"items":[{"uid":"35b169dc9c1d1cf7","reportUrl":"https://robbrad.github.io/UKBinCollectionData/3.11/827//#testresult/35b169dc9c1d1cf7","status":"failed","statusDetails":"selenium.common.exceptions.NoSuchElementException: Message: no such element: Unable to locate element: {\"method\":\"css selector\",\"selector\":\"[id=\"F_Address_subform:Postcode\"]\"}\n  (Session info: headless chrome=114.0.5735.198)\nStacktrace:\n#0 0x55ae20cea4e3 <unknown>\n#1 0x55ae20a19c76 <unknown>\n#2 0x55ae20a55c96 <unknown>\n#3 0x55ae20a55dc1 <unknown>\n#4 0x55ae20a8f7f4 <unknown>\n#5 0x55ae20a7503d <unknown>\n#6 0x55ae20a8d30e <unknown>\n#7 0x55ae20a74de3 <unknown>\n#8 0x55ae20a4a2dd <unknown>\n#9 0x55ae20a4b34e <unknown>\n#10 0x55ae20caa3e4 <unknown>\n#11 0x55ae20cae3d7 <unknown>\n#12 0x55ae20cb8b20 <unknown>\n#13 0x55ae20caf023 <unknown>\n#14 0x55ae20c7d1aa <unknown>\n#15 0x55ae20cd36b8 <unknown>\n#16 0x55ae20cd3847 <unknown>\n#17 0x55ae20ce3243 <unknown>\n#18 0x7f3a4379ab43 <unknown>","time":{"start":1690123362009,"stop":1690123364999,"duration":2990}},{"uid":"16e2786978fe2a6","reportUrl":"https://robbrad.github.io/UKBinCollectionData/3.11/824//#testresult/16e2786978fe2a6","status":"failed","statusDetails":"selenium.common.exceptions.NoSuchElementException: Message: no such element: Unable to locate element: {\"method\":\"css selector\",\"selector\":\"[id=\"F_Address_subform:Postcode\"]\"}\n  (Session info: headless chrome=114.0.5735.198)\nStacktrace:\n#0 0x564dfe6644e3 <unknown>\n#1 0x564dfe393c76 <unknown>\n#2 0x564dfe3cfc96 <unknown>\n#3 0x564dfe3cfdc1 <unknown>\n#4 0x564dfe4097f4 <unknown>\n#5 0x564dfe3ef03d <unknown>\n#6 0x564dfe40730e <unknown>\n#7 0x564dfe3eede3 <unknown>\n#8 0x564dfe3c42dd <unknown>\n#9 0x564dfe3c534e <unknown>\n#10 0x564dfe6243e4 <unknown>\n#11 0x564dfe6283d7 <unknown>\n#12 0x564dfe632b20 <unknown>\n#13 0x564dfe629023 <unknown>\n#14 0x564dfe5f71aa <unknown>\n#15 0x564dfe64d6b8 <unknown>\n#16 0x564dfe64d847 <unknown>\n#17 0x564dfe65d243 <unknown>\n#18 0x7f886ec58b43 <unknown>","time":{"start":1690106933650,"stop":1690106936371,"duration":2721}},{"uid":"af6f6c8d54ba145","reportUrl":"https://robbrad.github.io/UKBinCollectionData/3.11/822//#testresult/af6f6c8d54ba145","status":"failed","statusDetails":"TypeError: the JSON object must be str, bytes or bytearray, not NoneType","time":{"start":1690076580557,"stop":1690076587354,"duration":6797}},{"uid":"92c746166c3954ac","reportUrl":"https://robbrad.github.io/UKBinCollectionData/3.11/821//#testresult/92c746166c3954ac","status":"failed","statusDetails":"TypeError: the JSON object must be str, bytes or bytearray, not NoneType","time":{"start":1690027391234,"stop":1690027396624,"duration":5390}},{"uid":"82f5acd31da0b4f8","reportUrl":"https://robbrad.github.io/UKBinCollectionData/3.11/820//#testresult/82f5acd31da0b4f8","status":"passed","time":{"start":1690025825824,"stop":1690025832435,"duration":6611}},{"uid":"e0589258613469a7","reportUrl":"https://robbrad.github.io/UKBinCollectionData/3.11/817//#testresult/e0589258613469a7","status":"passed","time":{"start":1689989750203,"stop":1689989757535,"duration":7332}},{"uid":"74b9a31937724315","reportUrl":"https://robbrad.github.io/UKBinCollectionData/3.11/816//#testresult/74b9a31937724315","status":"passed","time":{"start":1689957173553,"stop":1689957178241,"duration":4688}},{"uid":"931c7f64f5bb99da","reportUrl":"https://robbrad.github.io/UKBinCollectionData/3.11/815//#testresult/931c7f64f5bb99da","status":"passed","time":{"start":1689957078503,"stop":1689957085400,"duration":6897}},{"uid":"102c3b9e6138c81","reportUrl":"https://robbrad.github.io/UKBinCollectionData/3.11/814//#testresult/102c3b9e6138c81","status":"passed","time":{"start":1689903571016,"stop":1689903579546,"duration":8530}},{"uid":"f7a4b6fd710259e3","reportUrl":"https://robbrad.github.io/UKBinCollectionData/3.11/813//#testresult/f7a4b6fd710259e3","status":"passed","time":{"start":1689840943497,"stop":1689840948483,"duration":4986}}]},"tags":[]},"source":"892d5ff25fb90e72.json","parameterValues":["NorthNorfolkDistrictCouncil"]}