{"uid":"a7512e163c28bef5","name":"Validate Council Output [NorthNorfolkDistrictCouncil]","fullName":"features/validate_council_outputs.feature:Validate Council Output","historyId":"6712f2e3b136c8030bb4071a5deccc97","time":{"start":1695159908023,"stop":1695159925344,"duration":17321},"status":"failed","statusMessage":"selenium.common.exceptions.TimeoutException: Message: \nStacktrace:\n#0 0x56308ce35e23 <unknown>\n#1 0x56308cb5e7a7 <unknown>\n#2 0x56308cb9d1d3 <unknown>\n#3 0x56308cb9d2c1 <unknown>\n#4 0x56308cbd8a04 <unknown>\n#5 0x56308cbbe03d <unknown>\n#6 0x56308cbd6369 <unknown>\n#7 0x56308cbbdde3 <unknown>\n#8 0x56308cb91a7b <unknown>\n#9 0x56308cb9281e <unknown>\n#10 0x56308cdf7638 <unknown>\n#11 0x56308cdfb507 <unknown>\n#12 0x56308ce05c4c <unknown>\n#13 0x56308cdfc136 <unknown>\n#14 0x56308cdca9cf <unknown>\n#15 0x56308ce1fb98 <unknown>\n#16 0x56308ce1fd68 <unknown>\n#17 0x56308ce2ecb3 <unknown>\n#18 0x7fcccd294b43 <unknown>","statusTrace":"request = <FixtureRequest for <Function test_scenario_outline[NorthNorfolkDistrictCouncil]>>\n_pytest_bdd_example = {'council': 'NorthNorfolkDistrictCouncil'}\n\n    @pytest.mark.usefixtures(*func_args)\n    def scenario_wrapper(request: FixtureRequest, _pytest_bdd_example: dict[str, str]) -> Any:\n        scenario = templated_scenario.render(_pytest_bdd_example)\n>       _execute_scenario(feature, scenario, request)\n\n../../../.cache/pypoetry/virtualenvs/uk-bin-collection-EwS6Gn8s-py3.10/lib/python3.10/site-packages/pytest_bdd/scenario.py:187: \n_ _ _ _ _ _ _ _ _ _ _ _ _ _ _ _ _ _ _ _ _ _ _ _ _ _ _ _ _ _ _ _ _ _ _ _ _ _ _ _ \n../../../.cache/pypoetry/virtualenvs/uk-bin-collection-EwS6Gn8s-py3.10/lib/python3.10/site-packages/pytest_bdd/scenario.py:157: in _execute_scenario\n    _execute_step_function(request, scenario, step, step_func)\n../../../.cache/pypoetry/virtualenvs/uk-bin-collection-EwS6Gn8s-py3.10/lib/python3.10/site-packages/pytest_bdd/scenario.py:127: in _execute_step_function\n    return_value = call_fixture_func(fixturefunc=step_func, request=request, kwargs=kwargs)\n../../../.cache/pypoetry/virtualenvs/uk-bin-collection-EwS6Gn8s-py3.10/lib/python3.10/site-packages/_pytest/fixtures.py:902: in call_fixture_func\n    fixture_result = fixturefunc(**kwargs)\nuk_bin_collection/tests/step_defs/test_validate_council.py:62: in scrape_step\n    raise (err)\nuk_bin_collection/tests/step_defs/test_validate_council.py:58: in scrape_step\n    context.parse_result = CollectData.run()\nuk_bin_collection/uk_bin_collection/collect_data.py:71: in run\n    return self.client_code(\nuk_bin_collection/uk_bin_collection/collect_data.py:59: in client_code\n    return get_bin_data_class.template_method(address_url, **kwargs)\nuk_bin_collection/uk_bin_collection/get_bin_data.py:70: in template_method\n    bin_data_dict = self.parse_data(\nuk_bin_collection/uk_bin_collection/councils/NorthNorfolkDistrictCouncil.py:66: in parse_data\n    WebDriverWait(driver, 10).until(\n_ _ _ _ _ _ _ _ _ _ _ _ _ _ _ _ _ _ _ _ _ _ _ _ _ _ _ _ _ _ _ _ _ _ _ _ _ _ _ _ \n\nself = <selenium.webdriver.support.wait.WebDriverWait (session=\"33c85ee0996474027ce0d6278c088d2a\")>\nmethod = <function presence_of_element_located.<locals>._predicate at 0x7f13134aae60>\nmessage = ''\n\n    def until(self, method, message: str = \"\"):\n        \"\"\"Calls the method provided with the driver as an argument until the \\\n        return value does not evaluate to ``False``.\n    \n        :param method: callable(WebDriver)\n        :param message: optional message for :exc:`TimeoutException`\n        :returns: the result of the last call to `method`\n        :raises: :exc:`selenium.common.exceptions.TimeoutException` if timeout occurs\n        \"\"\"\n        screen = None\n        stacktrace = None\n    \n        end_time = time.monotonic() + self._timeout\n        while True:\n            try:\n                value = method(self._driver)\n                if value:\n                    return value\n            except self._ignored_exceptions as exc:\n                screen = getattr(exc, \"screen\", None)\n                stacktrace = getattr(exc, \"stacktrace\", None)\n            time.sleep(self._poll)\n            if time.monotonic() > end_time:\n                break\n>       raise TimeoutException(message, screen, stacktrace)\nE       selenium.common.exceptions.TimeoutException: Message: \nE       Stacktrace:\nE       #0 0x56308ce35e23 <unknown>\nE       #1 0x56308cb5e7a7 <unknown>\nE       #2 0x56308cb9d1d3 <unknown>\nE       #3 0x56308cb9d2c1 <unknown>\nE       #4 0x56308cbd8a04 <unknown>\nE       #5 0x56308cbbe03d <unknown>\nE       #6 0x56308cbd6369 <unknown>\nE       #7 0x56308cbbdde3 <unknown>\nE       #8 0x56308cb91a7b <unknown>\nE       #9 0x56308cb9281e <unknown>\nE       #10 0x56308cdf7638 <unknown>\nE       #11 0x56308cdfb507 <unknown>\nE       #12 0x56308ce05c4c <unknown>\nE       #13 0x56308cdfc136 <unknown>\nE       #14 0x56308cdca9cf <unknown>\nE       #15 0x56308ce1fb98 <unknown>\nE       #16 0x56308ce1fd68 <unknown>\nE       #17 0x56308ce2ecb3 <unknown>\nE       #18 0x7fcccd294b43 <unknown>\n\n../../../.cache/pypoetry/virtualenvs/uk-bin-collection-EwS6Gn8s-py3.10/lib/python3.10/site-packages/selenium/webdriver/support/wait.py:95: TimeoutException","flaky":true,"newFailed":true,"newBroken":false,"newPassed":false,"retriesCount":0,"retriesStatusChange":false,"beforeStages":[],"testStage":{"status":"failed","statusMessage":"selenium.common.exceptions.TimeoutException: Message: \nStacktrace:\n#0 0x56308ce35e23 <unknown>\n#1 0x56308cb5e7a7 <unknown>\n#2 0x56308cb9d1d3 <unknown>\n#3 0x56308cb9d2c1 <unknown>\n#4 0x56308cbd8a04 <unknown>\n#5 0x56308cbbe03d <unknown>\n#6 0x56308cbd6369 <unknown>\n#7 0x56308cbbdde3 <unknown>\n#8 0x56308cb91a7b <unknown>\n#9 0x56308cb9281e <unknown>\n#10 0x56308cdf7638 <unknown>\n#11 0x56308cdfb507 <unknown>\n#12 0x56308ce05c4c <unknown>\n#13 0x56308cdfc136 <unknown>\n#14 0x56308cdca9cf <unknown>\n#15 0x56308ce1fb98 <unknown>\n#16 0x56308ce1fd68 <unknown>\n#17 0x56308ce2ecb3 <unknown>\n#18 0x7fcccd294b43 <unknown>","statusTrace":"request = <FixtureRequest for <Function test_scenario_outline[NorthNorfolkDistrictCouncil]>>\n_pytest_bdd_example = {'council': 'NorthNorfolkDistrictCouncil'}\n\n    @pytest.mark.usefixtures(*func_args)\n    def scenario_wrapper(request: FixtureRequest, _pytest_bdd_example: dict[str, str]) -> Any:\n        scenario = templated_scenario.render(_pytest_bdd_example)\n>       _execute_scenario(feature, scenario, request)\n\n../../../.cache/pypoetry/virtualenvs/uk-bin-collection-EwS6Gn8s-py3.10/lib/python3.10/site-packages/pytest_bdd/scenario.py:187: \n_ _ _ _ _ _ _ _ _ _ _ _ _ _ _ _ _ _ _ _ _ _ _ _ _ _ _ _ _ _ _ _ _ _ _ _ _ _ _ _ \n../../../.cache/pypoetry/virtualenvs/uk-bin-collection-EwS6Gn8s-py3.10/lib/python3.10/site-packages/pytest_bdd/scenario.py:157: in _execute_scenario\n    _execute_step_function(request, scenario, step, step_func)\n../../../.cache/pypoetry/virtualenvs/uk-bin-collection-EwS6Gn8s-py3.10/lib/python3.10/site-packages/pytest_bdd/scenario.py:127: in _execute_step_function\n    return_value = call_fixture_func(fixturefunc=step_func, request=request, kwargs=kwargs)\n../../../.cache/pypoetry/virtualenvs/uk-bin-collection-EwS6Gn8s-py3.10/lib/python3.10/site-packages/_pytest/fixtures.py:902: in call_fixture_func\n    fixture_result = fixturefunc(**kwargs)\nuk_bin_collection/tests/step_defs/test_validate_council.py:62: in scrape_step\n    raise (err)\nuk_bin_collection/tests/step_defs/test_validate_council.py:58: in scrape_step\n    context.parse_result = CollectData.run()\nuk_bin_collection/uk_bin_collection/collect_data.py:71: in run\n    return self.client_code(\nuk_bin_collection/uk_bin_collection/collect_data.py:59: in client_code\n    return get_bin_data_class.template_method(address_url, **kwargs)\nuk_bin_collection/uk_bin_collection/get_bin_data.py:70: in template_method\n    bin_data_dict = self.parse_data(\nuk_bin_collection/uk_bin_collection/councils/NorthNorfolkDistrictCouncil.py:66: in parse_data\n    WebDriverWait(driver, 10).until(\n_ _ _ _ _ _ _ _ _ _ _ _ _ _ _ _ _ _ _ _ _ _ _ _ _ _ _ _ _ _ _ _ _ _ _ _ _ _ _ _ \n\nself = <selenium.webdriver.support.wait.WebDriverWait (session=\"33c85ee0996474027ce0d6278c088d2a\")>\nmethod = <function presence_of_element_located.<locals>._predicate at 0x7f13134aae60>\nmessage = ''\n\n    def until(self, method, message: str = \"\"):\n        \"\"\"Calls the method provided with the driver as an argument until the \\\n        return value does not evaluate to ``False``.\n    \n        :param method: callable(WebDriver)\n        :param message: optional message for :exc:`TimeoutException`\n        :returns: the result of the last call to `method`\n        :raises: :exc:`selenium.common.exceptions.TimeoutException` if timeout occurs\n        \"\"\"\n        screen = None\n        stacktrace = None\n    \n        end_time = time.monotonic() + self._timeout\n        while True:\n            try:\n                value = method(self._driver)\n                if value:\n                    return value\n            except self._ignored_exceptions as exc:\n                screen = getattr(exc, \"screen\", None)\n                stacktrace = getattr(exc, \"stacktrace\", None)\n            time.sleep(self._poll)\n            if time.monotonic() > end_time:\n                break\n>       raise TimeoutException(message, screen, stacktrace)\nE       selenium.common.exceptions.TimeoutException: Message: \nE       Stacktrace:\nE       #0 0x56308ce35e23 <unknown>\nE       #1 0x56308cb5e7a7 <unknown>\nE       #2 0x56308cb9d1d3 <unknown>\nE       #3 0x56308cb9d2c1 <unknown>\nE       #4 0x56308cbd8a04 <unknown>\nE       #5 0x56308cbbe03d <unknown>\nE       #6 0x56308cbd6369 <unknown>\nE       #7 0x56308cbbdde3 <unknown>\nE       #8 0x56308cb91a7b <unknown>\nE       #9 0x56308cb9281e <unknown>\nE       #10 0x56308cdf7638 <unknown>\nE       #11 0x56308cdfb507 <unknown>\nE       #12 0x56308ce05c4c <unknown>\nE       #13 0x56308cdfc136 <unknown>\nE       #14 0x56308cdca9cf <unknown>\nE       #15 0x56308ce1fb98 <unknown>\nE       #16 0x56308ce1fd68 <unknown>\nE       #17 0x56308ce2ecb3 <unknown>\nE       #18 0x7fcccd294b43 <unknown>\n\n../../../.cache/pypoetry/virtualenvs/uk-bin-collection-EwS6Gn8s-py3.10/lib/python3.10/site-packages/selenium/webdriver/support/wait.py:95: TimeoutException","steps":[{"name":"Given the council: NorthNorfolkDistrictCouncil","time":{"start":1695159908023,"stop":1695159908024,"duration":1},"status":"passed","steps":[],"attachments":[],"parameters":[],"shouldDisplayMessage":false,"stepsCount":0,"attachmentsCount":0,"hasContent":false},{"name":"When we scrape the data from NorthNorfolkDistrictCouncil","time":{"start":1695159908024,"stop":1695159925344,"duration":17320},"status":"failed","statusMessage":"Message: \nStacktrace:\n#0 0x56308ce35e23 <unknown>\n#1 0x56308cb5e7a7 <unknown>\n#2 0x56308cb9d1d3 <unknown>\n#3 0x56308cb9d2c1 <unknown>\n#4 0x56308cbd8a04 <unknown>\n#5 0x56308cbbe03d <unknown>\n#6 0x56308cbd6369 <unknown>\n#7 0x56308cbbdde3 <unknown>\n#8 0x56308cb91a7b <unknown>\n#9 0x56308cb9281e <unknown>\n#10 0x56308cdf7638 <unknown>\n#11 0x56308cdfb507 <unknown>\n#12 0x56308ce05c4c <unknown>\n#13 0x56308cdfc136 <unknown>\n#14 0x56308cdca9cf <unknown>\n#15 0x56308ce1fb98 <unknown>\n#16 0x56308ce1fd68 <unknown>\n#17 0x56308ce2ecb3 <unknown>\n#18 0x7fcccd294b43 <unknown>\n","statusTrace":"selenium.common.exceptions.TimeoutException: Message: \nStacktrace:\n#0 0x56308ce35e23 <unknown>\n#1 0x56308cb5e7a7 <unknown>\n#2 0x56308cb9d1d3 <unknown>\n#3 0x56308cb9d2c1 <unknown>\n#4 0x56308cbd8a04 <unknown>\n#5 0x56308cbbe03d <unknown>\n#6 0x56308cbd6369 <unknown>\n#7 0x56308cbbdde3 <unknown>\n#8 0x56308cb91a7b <unknown>\n#9 0x56308cb9281e <unknown>\n#10 0x56308cdf7638 <unknown>\n#11 0x56308cdfb507 <unknown>\n#12 0x56308ce05c4c <unknown>\n#13 0x56308cdfc136 <unknown>\n#14 0x56308cdca9cf <unknown>\n#15 0x56308ce1fb98 <unknown>\n#16 0x56308ce1fd68 <unknown>\n#17 0x56308ce2ecb3 <unknown>\n#18 0x7fcccd294b43 <unknown>\n\n","steps":[],"attachments":[],"parameters":[],"shouldDisplayMessage":true,"stepsCount":0,"attachmentsCount":0,"hasContent":true}],"attachments":[],"parameters":[],"shouldDisplayMessage":true,"stepsCount":2,"attachmentsCount":0,"hasContent":true},"afterStages":[],"labels":[{"name":"host","value":"fv-az1250-119"},{"name":"thread","value":"2104-MainThread"},{"name":"framework","value":"pytest-bdd"},{"name":"language","value":"cpython3"},{"name":"feature","value":"Test each council output matches expected results in /outputs"},{"name":"resultFormat","value":"allure2"}],"parameters":[{"name":"council","value":"NorthNorfolkDistrictCouncil"}],"links":[],"hidden":false,"retry":false,"extra":{"severity":"normal","retries":[],"categories":[{"name":"Product defects","matchedStatuses":[],"flaky":false}],"history":{"statistic":{"failed":11,"broken":0,"skipped":0,"passed":71,"unknown":0,"total":82},"items":[{"uid":"8c607809babd18ce","reportUrl":"https://robbrad.github.io/UKBinCollectionData/3.10/932//#testresult/8c607809babd18ce","status":"passed","time":{"start":1695157116018,"stop":1695157121795,"duration":5777}},{"uid":"edf2726d22ea95cc","reportUrl":"https://robbrad.github.io/UKBinCollectionData/3.10/930//#testresult/edf2726d22ea95cc","status":"passed","time":{"start":1695086126257,"stop":1695086132928,"duration":6671}},{"uid":"d329613940981f88","reportUrl":"https://robbrad.github.io/UKBinCollectionData/3.10/929//#testresult/d329613940981f88","status":"passed","time":{"start":1694999658432,"stop":1694999664518,"duration":6086}},{"uid":"4c9e4f40c15a6e5e","reportUrl":"https://robbrad.github.io/UKBinCollectionData/3.10/928//#testresult/4c9e4f40c15a6e5e","status":"failed","statusDetails":"selenium.common.exceptions.TimeoutException: Message: \nStacktrace:\n#0 0x5625d0b87e23 <unknown>\n#1 0x5625d08b07a7 <unknown>\n#2 0x5625d08ef1d3 <unknown>\n#3 0x5625d08ef2c1 <unknown>\n#4 0x5625d092aa04 <unknown>\n#5 0x5625d091003d <unknown>\n#6 0x5625d0928369 <unknown>\n#7 0x5625d090fde3 <unknown>\n#8 0x5625d08e3a7b <unknown>\n#9 0x5625d08e481e <unknown>\n#10 0x5625d0b49638 <unknown>\n#11 0x5625d0b4d507 <unknown>\n#12 0x5625d0b57c4c <unknown>\n#13 0x5625d0b4e136 <unknown>\n#14 0x5625d0b1c9cf <unknown>\n#15 0x5625d0b71b98 <unknown>\n#16 0x5625d0b71d68 <unknown>\n#17 0x5625d0b80cb3 <unknown>\n#18 0x7fc608694b43 <unknown>","time":{"start":1694987883299,"stop":1694987899853,"duration":16554}},{"uid":"9c0b784bfe057040","reportUrl":"https://robbrad.github.io/UKBinCollectionData/3.10/926//#testresult/9c0b784bfe057040","status":"failed","statusDetails":"selenium.common.exceptions.TimeoutException: Message: \nStacktrace:\n#0 0x55a477ccfe23 <unknown>\n#1 0x55a4779f87a7 <unknown>\n#2 0x55a477a371d3 <unknown>\n#3 0x55a477a372c1 <unknown>\n#4 0x55a477a72a04 <unknown>\n#5 0x55a477a5803d <unknown>\n#6 0x55a477a70369 <unknown>\n#7 0x55a477a57de3 <unknown>\n#8 0x55a477a2ba7b <unknown>\n#9 0x55a477a2c81e <unknown>\n#10 0x55a477c91638 <unknown>\n#11 0x55a477c95507 <unknown>\n#12 0x55a477c9fc4c <unknown>\n#13 0x55a477c96136 <unknown>\n#14 0x55a477c649cf <unknown>\n#15 0x55a477cb9b98 <unknown>\n#16 0x55a477cb9d68 <unknown>\n#17 0x55a477cc8cb3 <unknown>\n#18 0x7fc94a494b43 <unknown>","time":{"start":1694987711011,"stop":1694987725647,"duration":14636}},{"uid":"134034135a9dd04","reportUrl":"https://robbrad.github.io/UKBinCollectionData/3.10/922//#testresult/134034135a9dd04","status":"passed","time":{"start":1694971673222,"stop":1694971678271,"duration":5049}},{"uid":"599abbe48685a519","reportUrl":"https://robbrad.github.io/UKBinCollectionData/3.10/920//#testresult/599abbe48685a519","status":"passed","time":{"start":1694913492241,"stop":1694913499540,"duration":7299}},{"uid":"c614d4a53ebbbc5","reportUrl":"https://robbrad.github.io/UKBinCollectionData/3.10/919//#testresult/c614d4a53ebbbc5","status":"passed","time":{"start":1694892794396,"stop":1694892800150,"duration":5754}},{"uid":"6300c2c7ae3b5f8","reportUrl":"https://robbrad.github.io/UKBinCollectionData/3.10/917//#testresult/6300c2c7ae3b5f8","status":"passed","time":{"start":1694889782955,"stop":1694889787717,"duration":4762}},{"uid":"4559acc09d1ad3d2","reportUrl":"https://robbrad.github.io/UKBinCollectionData/3.10/915//#testresult/4559acc09d1ad3d2","status":"passed","time":{"start":1694864654830,"stop":1694864661149,"duration":6319}},{"uid":"42e222765eab75da","reportUrl":"https://robbrad.github.io/UKBinCollectionData/3.10/913//#testresult/42e222765eab75da","status":"passed","time":{"start":1694840371344,"stop":1694840384296,"duration":12952}},{"uid":"bd4d0105bc181107","reportUrl":"https://robbrad.github.io/UKBinCollectionData/3.10/912//#testresult/bd4d0105bc181107","status":"passed","time":{"start":1694826797817,"stop":1694826803319,"duration":5502}},{"uid":"2886066bd205d541","reportUrl":"https://robbrad.github.io/UKBinCollectionData/3.10/910//#testresult/2886066bd205d541","status":"passed","time":{"start":1694796764011,"stop":1694796772731,"duration":8720}},{"uid":"596d7429afa8dec8","reportUrl":"https://robbrad.github.io/UKBinCollectionData/3.10/906//#testresult/596d7429afa8dec8","status":"passed","time":{"start":1694740510059,"stop":1694740516234,"duration":6175}},{"uid":"25142105bc279a5d","reportUrl":"https://robbrad.github.io/UKBinCollectionData/3.10/905//#testresult/25142105bc279a5d","status":"passed","time":{"start":1694653984720,"stop":1694653990778,"duration":6058}},{"uid":"590c26d6e841174c","reportUrl":"https://robbrad.github.io/UKBinCollectionData/3.10/904//#testresult/590c26d6e841174c","status":"passed","time":{"start":1694567741314,"stop":1694567747620,"duration":6306}},{"uid":"c622d0b95111470e","reportUrl":"https://robbrad.github.io/UKBinCollectionData/3.10/903//#testresult/c622d0b95111470e","status":"passed","time":{"start":1694481172020,"stop":1694481178313,"duration":6293}},{"uid":"75ec50a50fdee663","reportUrl":"https://robbrad.github.io/UKBinCollectionData/3.10/902//#testresult/75ec50a50fdee663","status":"failed","statusDetails":"selenium.common.exceptions.NoSuchElementException: Message: no such element: Unable to locate element: {\"method\":\"css selector\",\"selector\":\"[id=\"F_Address_subform:Postcode\"]\"}\n  (Session info: headless chrome=116.0.5845.140); For documentation on this error, please visit: https://www.selenium.dev/documentation/webdriver/troubleshooting/errors#no-such-element-exception\nStacktrace:\n#0 0x55e930e8ce23 <unknown>\n#1 0x55e930bb57a7 <unknown>\n#2 0x55e930bf41d3 <unknown>\n#3 0x55e930bf42c1 <unknown>\n#4 0x55e930c2fa04 <unknown>\n#5 0x55e930c1503d <unknown>\n#6 0x55e930c2d369 <unknown>\n#7 0x55e930c14de3 <unknown>\n#8 0x55e930be8a7b <unknown>\n#9 0x55e930be981e <unknown>\n#10 0x55e930e4e638 <unknown>\n#11 0x55e930e52507 <unknown>\n#12 0x55e930e5cc4c <unknown>\n#13 0x55e930e53136 <unknown>\n#14 0x55e930e219cf <unknown>\n#15 0x55e930e76b98 <unknown>\n#16 0x55e930e76d68 <unknown>\n#17 0x55e930e85cb3 <unknown>\n#18 0x7f1823bf8b43 <unknown>","time":{"start":1694394885069,"stop":1694394887452,"duration":2383}},{"uid":"ca4a24845a722a92","reportUrl":"https://robbrad.github.io/UKBinCollectionData/3.10/901//#testresult/ca4a24845a722a92","status":"failed","statusDetails":"selenium.common.exceptions.NoSuchElementException: Message: no such element: Unable to locate element: {\"method\":\"css selector\",\"selector\":\"[id=\"F_Address_subform:Postcode\"]\"}\n  (Session info: headless chrome=116.0.5845.140); For documentation on this error, please visit: https://www.selenium.dev/documentation/webdriver/troubleshooting/errors#no-such-element-exception\nStacktrace:\n#0 0x564e9dc04e23 <unknown>\n#1 0x564e9d92d7a7 <unknown>\n#2 0x564e9d96c1d3 <unknown>\n#3 0x564e9d96c2c1 <unknown>\n#4 0x564e9d9a7a04 <unknown>\n#5 0x564e9d98d03d <unknown>\n#6 0x564e9d9a5369 <unknown>\n#7 0x564e9d98cde3 <unknown>\n#8 0x564e9d960a7b <unknown>\n#9 0x564e9d96181e <unknown>\n#10 0x564e9dbc6638 <unknown>\n#11 0x564e9dbca507 <unknown>\n#12 0x564e9dbd4c4c <unknown>\n#13 0x564e9dbcb136 <unknown>\n#14 0x564e9db999cf <unknown>\n#15 0x564e9dbeeb98 <unknown>\n#16 0x564e9dbeed68 <unknown>\n#17 0x564e9dbfdcb3 <unknown>\n#18 0x7fb4a2fbfb43 <unknown>","time":{"start":1694365216840,"stop":1694365220592,"duration":3752}},{"uid":"dc7c460e45800fbb","reportUrl":"https://robbrad.github.io/UKBinCollectionData/3.10/899//#testresult/dc7c460e45800fbb","status":"passed","time":{"start":1694308684239,"stop":1694308690656,"duration":6417}}]},"tags":[]},"source":"a7512e163c28bef5.json","parameterValues":["NorthNorfolkDistrictCouncil"]}